MIG: 19:37:44 : xml_input_file: board.prj
MIG: 19:37:44 : Absolute path of xml_input_file: /nfs/ug/homes-1/t/tramblei/vivaldo_fresh_eth_xadc_fft_dma_corr/vivaldo_fresh_eth_xadc_fft_dma_corr.srcs/sources_1/bd/design_1/ip/design_1_mig_7series_0_0/board.prj
MIG: 19:37:44 : xml_input_file: board.prj
MIG: 19:37:44 : Absolute path of xml_input_file: /nfs/ug/homes-1/t/tramblei/vivaldo_fresh_eth_xadc_fft_dma_corr/vivaldo_fresh_eth_xadc_fft_dma_corr.srcs/sources_1/bd/design_1/ip/design_1_mig_7series_0_0/board.prj
MIG: 19:37:44 : In updateAllModelParams
MIG: 19:37:44 : ################# RUNNING MIG BATCH ###################
MIG: 19:37:44 : Writing IN file for 'design_1_mig_7series_0_0'...compDirPath: /cad1/Xilinx/Vivado/2017.2/data/ip/xilinx/mig_7series_v4_0... instDirPath: /nfs/ug/homes-1/t/tramblei/vivaldo_fresh_eth_xadc_fft_dma_corr/vivaldo_fresh_eth_xadc_fft_dma_corr.srcs/sources_1/bd/design_1/ip/design_1_mig_7series_0_0
MIG: 19:37:44 : synp_flow:  -- synthesis_mode: Other
MIG: 19:37:44 : outputDirectory: /nfs/ug/homes-1/t/tramblei/vivaldo_fresh_eth_xadc_fft_dma_corr/vivaldo_fresh_eth_xadc_fft_dma_corr.srcs/sources_1/bd/design_1/ip/design_1_mig_7series_0_0/_tmp/
MIG: 19:37:44 : vivado_mode: xpg_bd
MIG: 19:37:44 : isPortInterface: 0
MIG: 19:37:44 : isPortInterface: 0
MIG: 19:37:44 : isPortInterface: 0
MIG: 19:37:44 : isPortInterface: 0
MIG: 19:37:44 : isPortInterface: 0
MIG: 19:37:44 : isPortInterface: 0
MIG: 19:37:44 : isPortInterface: 0
MIG: 19:37:44 : isPortInterface: 0
MIG: 19:37:44 : isPortInterface: 0
MIG: 19:37:44 : isPortInterface: 0
MIG: 19:37:44 : isPortInterface: 0
MIG: 19:37:44 : isPortInterface: 0
MIG: 19:37:44 : isPortInterface: 0
MIG: 19:37:44 : isPortInterface: 0
MIG: 19:37:44 : isPortInterface: 0
MIG: 19:37:44 : isPortInterface: 0
MIG: 19:37:44 : isPortInterface: 0
MIG: 19:37:44 : isPortInterface: 0
MIG: 19:37:44 : isPortInterface: 0
MIG: 19:37:44 : isPortInterface: 0
MIG: 19:37:44 : isPortInterface: 0
MIG: 19:37:44 : isPortInterface: 0
MIG: 19:37:44 : isPortInterface: 0
MIG: 19:37:44 : isPortInterface: 0
MIG: 19:37:44 : isPortInterface: 0
MIG: 19:37:44 : isPortInterface: 0
MIG: 19:37:44 : isPortInterface: 0
MIG: 19:37:44 : isPortInterface: 0
MIG: 19:37:44 : isPortInterface: 0
MIG: 19:37:44 : isPortInterface: 0
MIG: 19:37:44 : isPortInterface: 0
MIG: 19:37:44 : isPortInterface: 0
MIG: 19:37:44 : isPortInterface: 0
MIG: 19:37:44 : isPortInterface: 0
MIG: 19:37:44 : isPortInterface: 0
MIG: 19:37:44 : isPortInterface: 0
MIG: 19:37:44 : isPortInterface: 0
MIG: 19:37:44 : isPortInterface: 0
MIG: 19:37:44 : isPortInterface: 0
MIG: 19:37:44 : isPortInterface: 0
MIG: 19:37:44 : isPortInterface: 0
MIG: 19:37:44 : isPortInterface: 0
MIG: 19:37:44 : isPortInterface: 0
MIG: 19:37:44 : isPortInterface: 0
MIG: 19:37:44 : isPortInterface: 0
MIG: 19:37:44 : isPortInterface: 0
MIG: 19:37:44 : isPortInterface: 0
MIG: 19:37:44 : isPortInterface: 0
MIG: 19:37:44 : isPortInterface: 0
MIG: 19:37:44 : isPortInterface: 0
MIG: 19:37:44 : isPortInterface: 0
MIG: 19:37:44 : isPortInterface: 0
MIG: 19:37:44 : isPortInterface: 0
MIG: 19:37:44 : isPortInterface: 0
MIG: 19:37:44 : isPortInterface: 0
MIG: 19:37:44 : isPortInterface: 0
MIG: 19:37:44 : isPortInterface: 0
MIG: 19:37:44 : isPortInterface: 0
MIG: 19:37:44 : isPortInterface: 0
MIG: 19:37:44 : isPortInterface: 0
MIG: 19:37:44 : isPortInterface: 0
MIG: 19:37:44 : isPortInterface: 0
MIG: 19:37:44 : isPortInterface: 0
MIG: 19:37:44 : isPortInterface: 0
MIG: 19:37:44 : isPortInterface: 0
MIG: 19:37:44 : isPortInterface: 0
MIG: 19:37:44 : isPortInterface: 0
MIG: 19:37:44 : isPortInterface: 0
MIG: 19:37:44 : isPortInterface: 0
MIG: 19:37:44 : isPortInterface: 0
MIG: 19:37:44 : isPortInterface: 0
MIG: 19:37:44 : isPortInterface: 0
MIG: 19:37:44 : isPortInterface: 0
MIG: 19:37:44 : isPortInterface: 0
MIG: 19:37:44 : isPortInterface: 0
MIG: 19:37:44 : isPortInterface: 0
MIG: 19:37:44 : isPortInterface: 0
MIG: 19:37:44 : isPortInterface: 0
MIG: 19:37:44 : isPortInterface: 0
MIG: 19:37:44 : isPortInterface: 0
MIG: 19:37:44 : isPortInterface: 0
MIG: 19:37:44 : isPortInterface: 0
MIG: 19:37:44 : isPortInterface: 0
MIG: 19:37:44 : isPortInterface: 0
MIG: 19:37:44 : isPortInterface: 0
MIG: 19:37:44 : isPortInterface: 0
MIG: 19:37:44 : isPortInterface: 0
MIG: 19:37:44 : isPortInterface: 0
MIG: 19:37:44 : isPortInterface: 0
MIG: 19:37:44 : isPortInterface: 0
MIG: 19:37:44 : isPortInterface: 0
MIG: 19:37:44 : isPortInterface: 0
MIG: 19:37:44 : isPortInterface: 0
MIG: 19:37:44 : isPortInterface: 0
MIG: 19:37:44 : isPortInterface: 0
MIG: 19:37:44 : isPortInterface: 0
MIG: 19:37:44 : isPortInterface: 0
MIG: 19:37:44 : isPortInterface: 0
MIG: 19:37:44 : isPortInterface: 0
MIG: 19:37:44 : isPortInterface: 0
MIG: 19:37:44 : isPortInterface: 0
MIG: 19:37:44 : isPortInterface: 0
MIG: 19:37:44 : isPortInterface: 0
MIG: 19:37:44 : isPortInterface: 0
MIG: 19:37:44 : isPortInterface: 0
MIG: 19:37:44 : isPortInterface: 0
MIG: 19:37:44 : isPortInterface: 0
MIG: 19:37:44 : isPortInterface: 0
MIG: 19:37:44 : isPortInterface: 0
MIG: 19:37:44 : isPortInterface: 0
MIG: 19:37:44 : isPortInterface: 0
MIG: 19:37:44 : isPortInterface: 0
MIG: 19:37:44 : isPortInterface: 0
MIG: 19:37:44 : isPortInterface: 0
MIG: 19:37:44 : isPortInterface: 0
MIG: 19:37:44 : isPortInterface: 0
MIG: 19:37:44 : isPortInterface: 0
MIG: 19:37:44 : isPortInterface: 1
MIG: 19:37:44 : isPortInterface: 0
MIG: 19:37:44 : isPortInterface: 0
MIG: 19:37:44 : isPortInterface: 0
MIG: 19:37:44 : isPortInterface: 0
MIG: 19:37:44 : isPortInterface: 0
MIG: 19:37:44 : isPortInterface: 0
MIG: 19:37:44 : isPortInterface: 0
MIG: 19:37:44 : isPortInterface: 0
MIG: 19:37:44 : isPortInterface: 0
MIG: 19:37:44 : isPortInterface: 0
MIG: 19:37:44 :  locked false  
MIG: 19:37:44 : HDL Language: Verilog
MIG: 19:37:44 : compInfo: true
MIG: 19:37:44 : Vivado Options xc7a100t csg324 -1
MIG: 19:37:44 : 1: xc7a100t 2: csg324 3: -1
MIG: 19:37:44 : relative mig path: coregen/ip/xilinx/other/com/xilinx/ip/mig_7series_v4_0/bin/lin64/mig
MIG: 19:37:44 : xilinx_path: /cad1/Xilinx/Vivado/2017.2/ids_lite/ISE
MIG: 19:37:44 : I am in catch area
MIG: 19:37:44 : Running /cad1/Xilinx/Vivado/2017.2/ids_lite/ISE/coregen/ip/xilinx/other/com/xilinx/ip/mig_7series_v4_0/bin/lin64/mig -cg_exc_inp /nfs/ug/homes-1/t/tramblei/vivaldo_fresh_eth_xadc_fft_dma_corr/vivaldo_fresh_eth_xadc_fft_dma_corr.srcs/sources_1/bd/design_1/ip/design_1_mig_7series_0_0/xil_txt.in -cg_exc_out /nfs/ug/homes-1/t/tramblei/vivaldo_fresh_eth_xadc_fft_dma_corr/vivaldo_fresh_eth_xadc_fft_dma_corr.srcs/sources_1/bd/design_1/ip/design_1_mig_7series_0_0/xil_txt.out ... 
MIG: 19:37:51 : XML_INPUT_FILE: /nfs/ug/homes-1/t/tramblei/vivaldo_fresh_eth_xadc_fft_dma_corr/vivaldo_fresh_eth_xadc_fft_dma_corr.srcs/sources_1/bd/design_1/ip/design_1_mig_7series_0_0/board.prj
MIG: 19:37:51 : Component_Name: design_1_mig_7series_0_0
MIG: 19:37:51 : Moving design_1_mig_7series_0_0.veo ...
MIG: 19:37:51 : Moving design_1_mig_7series_0_0 ...
MIG: 19:37:51 : Moving design_1_mig_7series_0_0_xmdf.tcl ...
MIG: 19:37:51 : XGUI hdlLanguage: Verilog
MIG: 19:37:51 : xgui vivado_mode: xpg_bd
MIG: 19:37:51 : xgui hdlLanguage: Verilog -- hdlExt: v
MIG: 19:37:51 : Reading /nfs/ug/homes-1/t/tramblei/vivaldo_fresh_eth_xadc_fft_dma_corr/vivaldo_fresh_eth_xadc_fft_dma_corr.srcs/sources_1/bd/design_1/ip/design_1_mig_7series_0_0/design_1_mig_7series_0_0/user_design/rtl/design_1_mig_7series_0_0_mig.v ...
MIG: 19:37:52 : 1
MIG: 19:37:52 : Inside fn mem: DDR2
MIG: 19:37:52 : detect_uiclk: 81247969
MIG: 19:37:52 : cntrl:  memtype: DDR2
MIG: 19:37:52 : 1200
MIG: 19:37:52 :  MMCM_VCO single ctrl param_name: MMCM_VCO --  possibleMaxVcoVal: 1200 
MIG: 19:37:52 : DDR2
MIG: 19:37:52 : 1
MIG: 19:37:52 : 81247969
MIG: 19:37:52 : 
MIG: 19:37:52 :  polarity_value: 1
MIG: 19:37:52 : 
MIG: 19:37:52 : 
MIG: 19:37:52 : cntrl:  memtype: DDR2
MIG: 19:37:52 : Prasad ----: isMMCMExtraClkParam:: MMCM_CLKOUT0_EN --- "TRUE"
MIG: 19:37:52 : TRUE
MIG: 19:37:52 :  MMCM Enable Param: MMCM_CLKOUT0_EN ==> TRUE
MIG: 19:37:52 : Prasad ----: isMMCMExtraClkParam:: MMCM_CLKOUT1_EN --- "FALSE"
MIG: 19:37:52 : 
MIG: 19:37:52 :  MMCM Enable Param: MMCM_CLKOUT1_EN ==> FALSE
MIG: 19:37:52 : Prasad ----: isMMCMExtraClkParam:: MMCM_CLKOUT2_EN --- "FALSE"
MIG: 19:37:52 : 
MIG: 19:37:52 :  MMCM Enable Param: MMCM_CLKOUT2_EN ==> FALSE
MIG: 19:37:52 : Prasad ----: isMMCMExtraClkParam:: MMCM_CLKOUT3_EN --- "FALSE"
MIG: 19:37:52 : 
MIG: 19:37:52 :  MMCM Enable Param: MMCM_CLKOUT3_EN ==> FALSE
MIG: 19:37:52 : Prasad ----: isMMCMExtraClkParam:: MMCM_CLKOUT4_EN --- "FALSE"
MIG: 19:37:52 : 
MIG: 19:37:52 :  MMCM Enable Param: MMCM_CLKOUT4_EN ==> FALSE
MIG: 19:37:52 : Prasad ----: isMMCMExtraClkParam:: MMCM_CLKOUT0_DIVIDE --- 12.000
MIG: 19:37:52 : possibleMaxVcoVal:: 1200 ---- paramName: MMCM_CLKOUT0_DIVIDE
MIG: 19:37:52 : 100000000
MIG: 19:37:52 :  MMCM Extra Param: MMCM_CLKOUT0_FREQ ==> 100000000
MIG: 19:37:52 : Prasad ----: isMMCMExtraClkParam:: MMCM_CLKOUT1_DIVIDE --- 1
MIG: 19:37:52 : possibleMaxVcoVal:: 1200 ---- paramName: MMCM_CLKOUT1_DIVIDE
MIG: 19:37:52 : 1200000000
MIG: 19:37:52 :  MMCM Extra Param: MMCM_CLKOUT1_FREQ ==> 1200000000
MIG: 19:37:52 : Prasad ----: isMMCMExtraClkParam:: MMCM_CLKOUT2_DIVIDE --- 1
MIG: 19:37:52 : possibleMaxVcoVal:: 1200 ---- paramName: MMCM_CLKOUT2_DIVIDE
MIG: 19:37:52 : 1200000000
MIG: 19:37:52 :  MMCM Extra Param: MMCM_CLKOUT2_FREQ ==> 1200000000
MIG: 19:37:52 : Prasad ----: isMMCMExtraClkParam:: MMCM_CLKOUT3_DIVIDE --- 1
MIG: 19:37:52 : possibleMaxVcoVal:: 1200 ---- paramName: MMCM_CLKOUT3_DIVIDE
MIG: 19:37:52 : 1200000000
MIG: 19:37:52 :  MMCM Extra Param: MMCM_CLKOUT3_FREQ ==> 1200000000
MIG: 19:37:52 : Prasad ----: isMMCMExtraClkParam:: MMCM_CLKOUT4_DIVIDE --- 1
MIG: 19:37:52 : possibleMaxVcoVal:: 1200 ---- paramName: MMCM_CLKOUT4_DIVIDE
MIG: 19:37:52 : 1200000000
MIG: 19:37:52 :  MMCM Extra Param: MMCM_CLKOUT4_FREQ ==> 1200000000
MIG: 19:37:52 :  Invalid Param: DDR2_RST_ACT_LOW ==> 1
MIG: 19:37:52 : 
MIG: 19:37:52 :  Valid Param: DDR2_BANK_WIDTH ==> 3
MIG: 19:37:52 : 
MIG: 19:37:52 :  Valid Param: DDR2_CK_WIDTH ==> 1
MIG: 19:37:52 :  Invalid Param: DDR2_COL_WIDTH ==> 10
MIG: 19:37:52 : 
MIG: 19:37:52 :  Valid Param: DDR2_CS_WIDTH ==> 1
MIG: 19:37:52 : 
MIG: 19:37:52 :  Valid Param: DDR2_nCS_PER_RANK ==> 1
MIG: 19:37:52 : 
MIG: 19:37:52 :  Valid Param: DDR2_CKE_WIDTH ==> 1
MIG: 19:37:52 :  Invalid Param: DDR2_DATA_BUF_ADDR_WIDTH ==> 5
MIG: 19:37:52 :  Invalid Param: DDR2_DQ_CNT_WIDTH ==> 4
MIG: 19:37:52 :  Invalid Param: DDR2_DQ_PER_DM ==> 8
MIG: 19:37:52 : 2
MIG: 19:37:52 :  Valid Param: DDR2_DM_WIDTH ==> 2
MIG: 19:37:52 : 16
MIG: 19:37:52 :  Valid Param: DDR2_DQ_WIDTH ==> 16
MIG: 19:37:52 : 2
MIG: 19:37:52 :  Valid Param: DDR2_DQS_WIDTH ==> 2
MIG: 19:37:52 : 
MIG: 19:37:52 :  Valid Param: DDR2_DQS_CNT_WIDTH ==> 1
MIG: 19:37:52 :  Invalid Param: DDR2_DRAM_WIDTH ==> 8
MIG: 19:37:52 : 
MIG: 19:37:52 :  Valid Param: ECC ==> OFF
MIG: 19:37:52 : 16
MIG: 19:37:52 :  Valid Param: DDR2_DATA_WIDTH ==> 16
MIG: 19:37:52 :  Invalid Param: ECC_TEST ==> "OFF"
MIG: 19:37:52 :  Invalid Param: DDR2_PAYLOAD_WIDTH ==> (ECC_TEST == "OFF") ? DATA_WIDTH : DQ_WIDTH
MIG: 19:37:52 :  Invalid Param: DDR2_MEM_ADDR_ORDER ==> "BANK_ROW_COLUMN"
MIG: 19:37:52 :  Invalid Param: DDR2_nBANK_MACHS ==> 4
MIG: 19:37:52 :  Invalid Param: DDR2_RANKS ==> 1
MIG: 19:37:52 : 
MIG: 19:37:52 :  Valid Param: DDR2_ODT_WIDTH ==> 1
MIG: 19:37:52 : 13
MIG: 19:37:52 :  Valid Param: DDR2_ROW_WIDTH ==> 13
MIG: 19:37:52 : 27
MIG: 19:37:52 :  Valid Param: DDR2_ADDR_WIDTH ==> 27
MIG: 19:37:52 : 
MIG: 19:37:52 :  Valid Param: DDR2_USE_CS_PORT ==> 1
MIG: 19:37:52 : 
MIG: 19:37:52 :  Valid Param: DDR2_USE_DM_PORT ==> 1
MIG: 19:37:52 : 
MIG: 19:37:52 :  Valid Param: DDR2_USE_ODT_PORT ==> 1
MIG: 19:37:52 :  Invalid Param: DDR2_PHY_CONTROL_MASTER_BANK ==> 0
MIG: 19:37:52 :  Invalid Param: DDR2_MEM_DENSITY ==> "1Gb"
MIG: 19:37:52 :  Invalid Param: DDR2_MEM_SPEEDGRADE ==> "25E"
MIG: 19:37:52 :  Invalid Param: DDR2_MEM_DEVICE_WIDTH ==> 16
MIG: 19:37:52 :  Invalid Param: DDR2_AL ==> "0"
MIG: 19:37:52 :  Invalid Param: DDR2_nAL ==> 0
MIG: 19:37:52 :  Invalid Param: DDR2_BURST_MODE ==> "8"
MIG: 19:37:52 :  Invalid Param: DDR2_BURST_TYPE ==> "SEQ"
MIG: 19:37:52 :  Invalid Param: DDR2_CL ==> 5
MIG: 19:37:52 :  Invalid Param: DDR2_OUTPUT_DRV ==> "HIGH"
MIG: 19:37:52 :  Invalid Param: DDR2_RTT_NOM ==> "50"
MIG: 19:37:52 :  Invalid Param: DDR2_ADDR_CMD_MODE ==> "1T"
MIG: 19:37:52 : 
MIG: 19:37:52 :  Valid Param: DDR2_REG_CTRL ==> OFF
MIG: 19:37:52 :  Invalid Param: DDR2_CLKIN_PERIOD ==> 5000
MIG: 19:37:52 :  Invalid Param: DDR2_CLKFBOUT_MULT ==> 13
MIG: 19:37:52 :  Invalid Param: DDR2_DIVCLK_DIVIDE ==> 2
MIG: 19:37:52 :  Invalid Param: DDR2_CLKOUT0_PHASE ==> 0.0
MIG: 19:37:52 :  Invalid Param: DDR2_CLKOUT0_DIVIDE ==> 2
MIG: 19:37:52 :  Invalid Param: DDR2_CLKOUT1_DIVIDE ==> 4
MIG: 19:37:52 :  Invalid Param: DDR2_CLKOUT2_DIVIDE ==> 64
MIG: 19:37:52 :  Invalid Param: DDR2_CLKOUT3_DIVIDE ==> 16
MIG: 19:37:52 :  Invalid Param: DDR2_MMCM_VCO ==> 1200
MIG: 19:37:52 :  Invalid Param: DDR2_MMCM_MULT_F ==> 14
MIG: 19:37:52 :  Invalid Param: DDR2_MMCM_DIVCLK_DIVIDE ==> 1
MIG: 19:37:52 :  Invalid Param: DDR2_MMCM_CLKOUT0_EN ==> "TRUE"
MIG: 19:37:52 :  Invalid Param: DDR2_MMCM_CLKOUT1_EN ==> "FALSE"
MIG: 19:37:52 :  Invalid Param: DDR2_MMCM_CLKOUT2_EN ==> "FALSE"
MIG: 19:37:52 :  Invalid Param: DDR2_MMCM_CLKOUT3_EN ==> "FALSE"
MIG: 19:37:52 :  Invalid Param: DDR2_MMCM_CLKOUT4_EN ==> "FALSE"
MIG: 19:37:52 :  Invalid Param: DDR2_MMCM_CLKOUT0_DIVIDE ==> 12.000
MIG: 19:37:52 :  Invalid Param: DDR2_MMCM_CLKOUT1_DIVIDE ==> 1
MIG: 19:37:52 :  Invalid Param: DDR2_MMCM_CLKOUT2_DIVIDE ==> 1
MIG: 19:37:52 :  Invalid Param: DDR2_MMCM_CLKOUT3_DIVIDE ==> 1
MIG: 19:37:52 :  Invalid Param: DDR2_MMCM_CLKOUT4_DIVIDE ==> 1
MIG: 19:37:52 :  Invalid Param: DDR2_tCKE ==> 7500
MIG: 19:37:52 :  Invalid Param: DDR2_tFAW ==> 45000
MIG: 19:37:52 :  Invalid Param: DDR2_tPRDI ==> 1_000_000
MIG: 19:37:52 :  Invalid Param: DDR2_tRAS ==> 40000
MIG: 19:37:52 :  Invalid Param: DDR2_tRCD ==> 15000
MIG: 19:37:52 :  Invalid Param: DDR2_tREFI ==> 7800000
MIG: 19:37:52 :  Invalid Param: DDR2_tRFC ==> 127500
MIG: 19:37:52 :  Invalid Param: DDR2_tRP ==> 12500
MIG: 19:37:52 :  Invalid Param: DDR2_tRRD ==> 10000
MIG: 19:37:52 :  Invalid Param: DDR2_tRTP ==> 7500
MIG: 19:37:52 :  Invalid Param: DDR2_tWTR ==> 7500
MIG: 19:37:52 :  Invalid Param: DDR2_tZQI ==> 128_000_000
MIG: 19:37:52 :  Invalid Param: DDR2_tZQCS ==> 64
MIG: 19:37:52 :  Invalid Param: DDR2_SIM_BYPASS_INIT_CAL ==> "OFF"
MIG: 19:37:52 :  Invalid Param: DDR2_SIMULATION ==> "FALSE"
MIG: 19:37:52 :  Invalid Param: DDR2_BYTE_LANES_B0 ==> 4'b1111
MIG: 19:37:52 :  Invalid Param: DDR2_BYTE_LANES_B1 ==> 4'b0000
MIG: 19:37:52 :  Invalid Param: DDR2_BYTE_LANES_B2 ==> 4'b0000
MIG: 19:37:52 :  Invalid Param: DDR2_BYTE_LANES_B3 ==> 4'b0000
MIG: 19:37:52 :  Invalid Param: DDR2_BYTE_LANES_B4 ==> 4'b0000
MIG: 19:37:52 :  Invalid Param: DDR2_DATA_CTL_B0 ==> 4'b0101
MIG: 19:37:52 :  Invalid Param: DDR2_DATA_CTL_B1 ==> 4'b0000
MIG: 19:37:52 :  Invalid Param: DDR2_DATA_CTL_B2 ==> 4'b0000
MIG: 19:37:52 :  Invalid Param: DDR2_DATA_CTL_B3 ==> 4'b0000
MIG: 19:37:52 :  Invalid Param: DDR2_DATA_CTL_B4 ==> 4'b0000
MIG: 19:37:52 :  Invalid Param: DDR2_PHY_0_BITLANES ==> 48'hFFC_3F7_FFF_3FE
MIG: 19:37:52 :  Invalid Param: DDR2_PHY_1_BITLANES ==> 48'h000_000_000_000
MIG: 19:37:52 :  Invalid Param: DDR2_PHY_2_BITLANES ==> 48'h000_000_000_000
MIG: 19:37:52 :  Invalid Param: DDR2_CK_BYTE_MAP ==> 144'h00_00_00_00_00_00_00_00_00_00_00_00_00_00_00_00_00_03
MIG: 19:37:52 :  Invalid Param: DDR2_ADDR_MAP ==> 192'h000_000_000_010_033_01A_019_032_03A_034_018_036_012_011_017_015
MIG: 19:37:52 :  Invalid Param: DDR2_BANK_MAP ==> 36'h013_016_01B
MIG: 19:37:52 :  Invalid Param: DDR2_CAS_MAP ==> 12'h039
MIG: 19:37:52 :  Invalid Param: DDR2_CKE_ODT_BYTE_MAP ==> 8'h00
MIG: 19:37:52 :  Invalid Param: DDR2_CKE_MAP ==> 96'h000_000_000_000_000_000_000_038
MIG: 19:37:52 :  Invalid Param: DDR2_ODT_MAP ==> 96'h000_000_000_000_000_000_000_035
MIG: 19:37:52 :  Invalid Param: DDR2_CS_MAP ==> 120'h000_000_000_000_000_000_000_000_000_037
MIG: 19:37:52 :  Invalid Param: DDR2_PARITY_MAP ==> 12'h000
MIG: 19:37:52 :  Invalid Param: DDR2_RAS_MAP ==> 12'h014
MIG: 19:37:52 :  Invalid Param: DDR2_WE_MAP ==> 12'h03B
MIG: 19:37:52 :  Invalid Param: DDR2_DQS_BYTE_MAP ==> 144'h00_00_00_00_00_00_00_00_00_00_00_00_00_00_00_00_02_00
MIG: 19:37:52 :  Invalid Param: DDR2_DATA0_MAP ==> 96'h008_004_009_007_005_001_006_003
MIG: 19:37:52 :  Invalid Param: DDR2_DATA1_MAP ==> 96'h022_028_020_024_027_025_026_021
MIG: 19:37:52 :  Invalid Param: DDR2_DATA2_MAP ==> 96'h000_000_000_000_000_000_000_000
MIG: 19:37:52 :  Invalid Param: DDR2_DATA3_MAP ==> 96'h000_000_000_000_000_000_000_000
MIG: 19:37:52 :  Invalid Param: DDR2_DATA4_MAP ==> 96'h000_000_000_000_000_000_000_000
MIG: 19:37:52 :  Invalid Param: DDR2_DATA5_MAP ==> 96'h000_000_000_000_000_000_000_000
MIG: 19:37:52 :  Invalid Param: DDR2_DATA6_MAP ==> 96'h000_000_000_000_000_000_000_000
MIG: 19:37:52 :  Invalid Param: DDR2_DATA7_MAP ==> 96'h000_000_000_000_000_000_000_000
MIG: 19:37:52 :  Invalid Param: DDR2_DATA8_MAP ==> 96'h000_000_000_000_000_000_000_000
MIG: 19:37:52 :  Invalid Param: DDR2_DATA9_MAP ==> 96'h000_000_000_000_000_000_000_000
MIG: 19:37:52 :  Invalid Param: DDR2_DATA10_MAP ==> 96'h000_000_000_000_000_000_000_000
MIG: 19:37:52 :  Invalid Param: DDR2_DATA11_MAP ==> 96'h000_000_000_000_000_000_000_000
MIG: 19:37:52 :  Invalid Param: DDR2_DATA12_MAP ==> 96'h000_000_000_000_000_000_000_000
MIG: 19:37:52 :  Invalid Param: DDR2_DATA13_MAP ==> 96'h000_000_000_000_000_000_000_000
MIG: 19:37:52 :  Invalid Param: DDR2_DATA14_MAP ==> 96'h000_000_000_000_000_000_000_000
MIG: 19:37:52 :  Invalid Param: DDR2_DATA15_MAP ==> 96'h000_000_000_000_000_000_000_000
MIG: 19:37:52 :  Invalid Param: DDR2_DATA16_MAP ==> 96'h000_000_000_000_000_000_000_000
MIG: 19:37:52 :  Invalid Param: DDR2_DATA17_MAP ==> 96'h000_000_000_000_000_000_000_000
MIG: 19:37:52 :  Invalid Param: DDR2_MASK0_MAP ==> 108'h000_000_000_000_000_000_000_029_002
MIG: 19:37:52 :  Invalid Param: DDR2_MASK1_MAP ==> 108'h000_000_000_000_000_000_000_000_000
MIG: 19:37:52 :  Invalid Param: DDR2_SLOT_0_CONFIG ==> 8'b0000_0001
MIG: 19:37:52 :  Invalid Param: DDR2_SLOT_1_CONFIG ==> 8'b0000_0000
MIG: 19:37:52 :  Invalid Param: DDR2_IBUF_LPWR_MODE ==> "OFF"
MIG: 19:37:52 :  Invalid Param: DDR2_DATA_IO_IDLE_PWRDWN ==> "ON"
MIG: 19:37:52 :  Invalid Param: DDR2_BANK_TYPE ==> "HR_IO"
MIG: 19:37:52 :  Invalid Param: DDR2_DATA_IO_PRIM_TYPE ==> "HR_LP"
MIG: 19:37:52 :  Invalid Param: DDR2_CKE_ODT_AUX ==> "FALSE"
MIG: 19:37:52 :  Invalid Param: DDR2_USER_REFRESH ==> "OFF"
MIG: 19:37:52 :  Invalid Param: DDR2_WRLVL ==> "OFF"
MIG: 19:37:52 :  Invalid Param: DDR2_ORDERING ==> "NORM"
MIG: 19:37:52 :  Invalid Param: DDR2_CALIB_ROW_ADD ==> 16'h0000
MIG: 19:37:52 :  Invalid Param: DDR2_CALIB_COL_ADD ==> 12'h000
MIG: 19:37:52 :  Invalid Param: DDR2_CALIB_BA_ADD ==> 3'h0
MIG: 19:37:52 :  Invalid Param: DDR2_TCQ ==> 100
MIG: 19:37:52 :  Invalid Param: DDR2_IODELAY_GRP0 ==> "DESIGN_1_MIG_7SERIES_0_0_IODELAY_MIG0"
MIG: 19:37:52 :  Invalid Param: DDR2_SYSCLK_TYPE ==> "NO_BUFFER"
MIG: 19:37:52 :  Invalid Param: DDR2_REFCLK_TYPE ==> "USE_SYSTEM_CLOCK"
MIG: 19:37:52 :  Invalid Param: DDR2_SYS_RST_PORT ==> "FALSE"
MIG: 19:37:52 :  Invalid Param: DDR2_CMD_PIPE_PLUS1 ==> "ON"
MIG: 19:37:52 :  Invalid Param: DDR2_DRAM_TYPE ==> "DDR2"
MIG: 19:37:52 :  Invalid Param: DDR2_CAL_WIDTH ==> "HALF"
MIG: 19:37:52 :  Invalid Param: DDR2_STARVE_LIMIT ==> 2
MIG: 19:37:52 :  Invalid Param: DDR2_REFCLK_FREQ ==> 200.0
MIG: 19:37:52 :  Invalid Param: DDR2_DIFF_TERM_REFCLK ==> "TRUE"
MIG: 19:37:52 :  Invalid Param: DDR2_tCK ==> 3077
MIG: 19:37:52 : 4
MIG: 19:37:52 :  Valid Param: DDR2_nCK_PER_CLK ==> 4
MIG: 19:37:52 :  Invalid Param: DDR2_DIFF_TERM_SYSCLK ==> "TRUE"
MIG: 19:37:52 : TRUE
MIG: 19:37:52 :  Valid Param: UI_EXTRA_CLOCKS ==> TRUE
MIG: 19:37:52 : 1
MIG: 19:37:52 :  Valid Param: C_S_AXI_ID_WIDTH ==> 1
MIG: 19:37:52 : 134217728
MIG: 19:37:52 :  Valid Param: C_S_AXI_MEM_SIZE ==> 134217728
MIG: 19:37:52 : 
MIG: 19:37:52 :  Valid Param: C_S_AXI_ADDR_WIDTH ==> 32
MIG: 19:37:52 : 64
MIG: 19:37:52 :  Valid Param: C_S_AXI_DATA_WIDTH ==> 64
MIG: 19:37:52 :  Invalid Param: DDR2_C_MC_nCK_PER_CLK ==> 4
MIG: 19:37:52 :  Invalid Param: C_S_AXI_SUPPORTS_NARROW_BURST ==> 0
MIG: 19:37:52 :  Invalid Param: DDR2_C_RD_WR_ARB_ALGORITHM ==> "RD_PRI_REG"
MIG: 19:37:52 :  Invalid Param: C_S_AXI_REG_EN0 ==> 20'h00000
MIG: 19:37:52 :  Invalid Param: C_S_AXI_REG_EN1 ==> 20'h00000
MIG: 19:37:52 : 
MIG: 19:37:52 :  Valid Param: C_S_AXI_CTRL_ADDR_WIDTH ==> 32
MIG: 19:37:52 : 
MIG: 19:37:52 :  Valid Param: C_S_AXI_CTRL_DATA_WIDTH ==> 32
MIG: 19:37:52 :  Invalid Param: C_S_AXI_BASEADDR ==> 32'h0000_0000
MIG: 19:37:52 :  Invalid Param: C_ECC_ONOFF_RESET_VALUE ==> 1
MIG: 19:37:52 :  Invalid Param: C_ECC_CE_COUNTER_WIDTH ==> 8
MIG: 19:37:52 : 
MIG: 19:37:52 :  Valid Param: DDR2_DEBUG_PORT ==> OFF
MIG: 19:37:52 : 
MIG: 19:37:52 :  Invalid Param: DDR2_TEMP_MON_CONTROL ==> "INTERNAL"
MIG: 19:37:52 : NOBUF
MIG: 19:37:52 : NONE
MIG: 19:37:52 : 
MIG: 19:37:52 : Same Interface
MIG: 19:37:52 : xml_input_file: board.prj
MIG: 19:37:52 : Absolute path of xml_input_file: /nfs/ug/homes-1/t/tramblei/vivaldo_fresh_eth_xadc_fft_dma_corr/vivaldo_fresh_eth_xadc_fft_dma_corr.srcs/sources_1/bd/design_1/ip/design_1_mig_7series_0_0/board.prj
MIG: 19:37:52 : In updateAllModelParams
MIG: 19:37:52 : IGN:     <ModuleName>design_1_mig_7series_0_2</ModuleName> <==>     <ModuleName>design_1_mig_7series_0_0</ModuleName> 
MIG: 19:37:52 : ERR:     <Version>2.2</Version> <==>     <Version>4.0</Version> 
MIG: 19:37:52 : ################# RUNNING MIG BATCH ###################
MIG: 19:37:52 : Writing IN file for 'design_1_mig_7series_0_0'...compDirPath: /cad1/Xilinx/Vivado/2017.2/data/ip/xilinx/mig_7series_v4_0... instDirPath: /nfs/ug/homes-1/t/tramblei/vivaldo_fresh_eth_xadc_fft_dma_corr/vivaldo_fresh_eth_xadc_fft_dma_corr.srcs/sources_1/bd/design_1/ip/design_1_mig_7series_0_0
MIG: 19:37:52 : synp_flow:  -- synthesis_mode: Other
MIG: 19:37:52 : outputDirectory: /nfs/ug/homes-1/t/tramblei/vivaldo_fresh_eth_xadc_fft_dma_corr/vivaldo_fresh_eth_xadc_fft_dma_corr.srcs/sources_1/bd/design_1/ip/design_1_mig_7series_0_0/_tmp/
MIG: 19:37:52 : vivado_mode: xpg_bd
MIG: 19:37:52 : isPortInterface: 0
MIG: 19:37:52 : isPortInterface: 0
MIG: 19:37:52 : isPortInterface: 0
MIG: 19:37:52 : isPortInterface: 0
MIG: 19:37:52 : isPortInterface: 0
MIG: 19:37:52 : isPortInterface: 0
MIG: 19:37:52 : isPortInterface: 0
MIG: 19:37:52 : isPortInterface: 0
MIG: 19:37:52 : isPortInterface: 0
MIG: 19:37:52 : isPortInterface: 0
MIG: 19:37:52 : isPortInterface: 0
MIG: 19:37:52 : isPortInterface: 0
MIG: 19:37:52 : isPortInterface: 0
MIG: 19:37:52 : isPortInterface: 0
MIG: 19:37:52 : isPortInterface: 0
MIG: 19:37:52 : isPortInterface: 0
MIG: 19:37:52 : isPortInterface: 0
MIG: 19:37:52 : isPortInterface: 0
MIG: 19:37:52 : isPortInterface: 0
MIG: 19:37:52 : isPortInterface: 0
MIG: 19:37:52 : isPortInterface: 0
MIG: 19:37:52 : isPortInterface: 0
MIG: 19:37:52 : isPortInterface: 0
MIG: 19:37:52 : isPortInterface: 0
MIG: 19:37:52 : isPortInterface: 0
MIG: 19:37:52 : isPortInterface: 0
MIG: 19:37:52 : isPortInterface: 0
MIG: 19:37:52 : isPortInterface: 0
MIG: 19:37:52 : isPortInterface: 0
MIG: 19:37:52 : isPortInterface: 0
MIG: 19:37:52 : isPortInterface: 0
MIG: 19:37:52 : isPortInterface: 0
MIG: 19:37:52 : isPortInterface: 0
MIG: 19:37:52 : isPortInterface: 0
MIG: 19:37:52 : isPortInterface: 0
MIG: 19:37:52 : isPortInterface: 0
MIG: 19:37:52 : isPortInterface: 0
MIG: 19:37:52 : isPortInterface: 0
MIG: 19:37:52 : isPortInterface: 0
MIG: 19:37:52 : isPortInterface: 0
MIG: 19:37:52 : isPortInterface: 0
MIG: 19:37:52 : isPortInterface: 0
MIG: 19:37:52 : isPortInterface: 0
MIG: 19:37:52 : isPortInterface: 0
MIG: 19:37:52 : isPortInterface: 0
MIG: 19:37:52 : isPortInterface: 0
MIG: 19:37:52 : isPortInterface: 0
MIG: 19:37:52 : isPortInterface: 0
MIG: 19:37:52 : isPortInterface: 0
MIG: 19:37:52 : isPortInterface: 0
MIG: 19:37:52 : isPortInterface: 0
MIG: 19:37:52 : isPortInterface: 0
MIG: 19:37:52 : isPortInterface: 0
MIG: 19:37:52 : isPortInterface: 0
MIG: 19:37:52 : isPortInterface: 0
MIG: 19:37:52 : isPortInterface: 0
MIG: 19:37:52 : isPortInterface: 0
MIG: 19:37:52 : isPortInterface: 0
MIG: 19:37:52 : isPortInterface: 0
MIG: 19:37:52 : isPortInterface: 0
MIG: 19:37:52 : isPortInterface: 0
MIG: 19:37:52 : isPortInterface: 0
MIG: 19:37:52 : isPortInterface: 0
MIG: 19:37:52 : isPortInterface: 0
MIG: 19:37:52 : isPortInterface: 0
MIG: 19:37:52 : isPortInterface: 0
MIG: 19:37:52 : isPortInterface: 0
MIG: 19:37:52 : isPortInterface: 0
MIG: 19:37:52 : isPortInterface: 0
MIG: 19:37:52 : isPortInterface: 0
MIG: 19:37:52 : isPortInterface: 0
MIG: 19:37:52 : isPortInterface: 0
MIG: 19:37:52 : isPortInterface: 0
MIG: 19:37:52 : isPortInterface: 0
MIG: 19:37:52 : isPortInterface: 0
MIG: 19:37:52 : isPortInterface: 0
MIG: 19:37:52 : isPortInterface: 0
MIG: 19:37:52 : isPortInterface: 0
MIG: 19:37:52 : isPortInterface: 0
MIG: 19:37:52 : isPortInterface: 0
MIG: 19:37:52 : isPortInterface: 0
MIG: 19:37:52 : isPortInterface: 0
MIG: 19:37:52 : isPortInterface: 0
MIG: 19:37:52 : isPortInterface: 0
MIG: 19:37:52 : isPortInterface: 0
MIG: 19:37:52 : isPortInterface: 0
MIG: 19:37:52 : isPortInterface: 0
MIG: 19:37:52 : isPortInterface: 0
MIG: 19:37:52 : isPortInterface: 0
MIG: 19:37:52 : isPortInterface: 0
MIG: 19:37:52 : isPortInterface: 0
MIG: 19:37:52 : isPortInterface: 0
MIG: 19:37:52 : isPortInterface: 0
MIG: 19:37:52 : isPortInterface: 0
MIG: 19:37:52 : isPortInterface: 0
MIG: 19:37:52 : isPortInterface: 0
MIG: 19:37:52 : isPortInterface: 0
MIG: 19:37:52 : isPortInterface: 0
MIG: 19:37:52 : isPortInterface: 0
MIG: 19:37:52 : isPortInterface: 0
MIG: 19:37:52 : isPortInterface: 0
MIG: 19:37:52 : isPortInterface: 0
MIG: 19:37:52 : isPortInterface: 0
MIG: 19:37:52 : isPortInterface: 0
MIG: 19:37:52 : isPortInterface: 0
MIG: 19:37:52 : isPortInterface: 0
MIG: 19:37:52 : isPortInterface: 0
MIG: 19:37:52 : isPortInterface: 0
MIG: 19:37:52 : isPortInterface: 0
MIG: 19:37:52 : isPortInterface: 0
MIG: 19:37:52 : isPortInterface: 0
MIG: 19:37:52 : isPortInterface: 0
MIG: 19:37:52 : isPortInterface: 0
MIG: 19:37:52 : isPortInterface: 0
MIG: 19:37:52 : isPortInterface: 0
MIG: 19:37:52 : isPortInterface: 0
MIG: 19:37:52 : isPortInterface: 0
MIG: 19:37:52 : isPortInterface: 1
MIG: 19:37:52 : isPortInterface: 0
MIG: 19:37:52 : isPortInterface: 0
MIG: 19:37:52 : isPortInterface: 0
MIG: 19:37:52 : isPortInterface: 0
MIG: 19:37:52 : isPortInterface: 0
MIG: 19:37:52 : isPortInterface: 0
MIG: 19:37:52 : isPortInterface: 0
MIG: 19:37:52 : isPortInterface: 0
MIG: 19:37:52 : isPortInterface: 0
MIG: 19:37:52 : isPortInterface: 0
MIG: 19:37:52 :  locked false  
MIG: 19:37:52 : HDL Language: Verilog
MIG: 19:37:52 : compInfo: true
MIG: 19:37:52 : Vivado Options xc7a100t csg324 -1
MIG: 19:37:52 : 1: xc7a100t 2: csg324 3: -1
MIG: 19:37:52 : relative mig path: coregen/ip/xilinx/other/com/xilinx/ip/mig_7series_v4_0/bin/lin64/mig
MIG: 19:37:52 : xilinx_path: /cad1/Xilinx/Vivado/2017.2/ids_lite/ISE
MIG: 19:37:52 : I am in catch area
MIG: 19:37:52 : Running /cad1/Xilinx/Vivado/2017.2/ids_lite/ISE/coregen/ip/xilinx/other/com/xilinx/ip/mig_7series_v4_0/bin/lin64/mig -cg_exc_inp /nfs/ug/homes-1/t/tramblei/vivaldo_fresh_eth_xadc_fft_dma_corr/vivaldo_fresh_eth_xadc_fft_dma_corr.srcs/sources_1/bd/design_1/ip/design_1_mig_7series_0_0/xil_txt.in -cg_exc_out /nfs/ug/homes-1/t/tramblei/vivaldo_fresh_eth_xadc_fft_dma_corr/vivaldo_fresh_eth_xadc_fft_dma_corr.srcs/sources_1/bd/design_1/ip/design_1_mig_7series_0_0/xil_txt.out ... 
MIG: 19:37:59 : XML_INPUT_FILE: /nfs/ug/homes-1/t/tramblei/vivaldo_fresh_eth_xadc_fft_dma_corr/vivaldo_fresh_eth_xadc_fft_dma_corr.srcs/sources_1/bd/design_1/ip/design_1_mig_7series_0_0/board.prj
MIG: 19:37:59 : Component_Name: design_1_mig_7series_0_0
MIG: 19:37:59 : Moving design_1_mig_7series_0_0.veo ...
MIG: 19:37:59 : Moving design_1_mig_7series_0_0 ...
MIG: 19:37:59 : Moving design_1_mig_7series_0_0_xmdf.tcl ...
MIG: 19:37:59 : XGUI hdlLanguage: Verilog
MIG: 19:37:59 : xgui vivado_mode: xpg_bd
MIG: 19:37:59 : xgui hdlLanguage: Verilog -- hdlExt: v
MIG: 19:37:59 : Reading /nfs/ug/homes-1/t/tramblei/vivaldo_fresh_eth_xadc_fft_dma_corr/vivaldo_fresh_eth_xadc_fft_dma_corr.srcs/sources_1/bd/design_1/ip/design_1_mig_7series_0_0/design_1_mig_7series_0_0/user_design/rtl/design_1_mig_7series_0_0_mig.v ...
MIG: 19:38:00 : 
MIG: 19:38:00 : Inside fn mem: DDR2
MIG: 19:38:00 : detect_uiclk: 81247969
MIG: 19:38:00 : cntrl:  memtype: DDR2
MIG: 19:38:00 : 
MIG: 19:38:00 :  MMCM_VCO single ctrl param_name: MMCM_VCO --  possibleMaxVcoVal: 1200 
MIG: 19:38:00 : 
MIG: 19:38:00 : 
MIG: 19:38:00 : 
MIG: 19:38:00 : 
MIG: 19:38:00 :  polarity_value: 1
MIG: 19:38:00 : 
MIG: 19:38:00 : 
MIG: 19:38:00 : cntrl:  memtype: DDR2
MIG: 19:38:00 : Prasad ----: isMMCMExtraClkParam:: MMCM_CLKOUT0_EN --- "TRUE"
MIG: 19:38:00 : 
MIG: 19:38:00 :  MMCM Enable Param: MMCM_CLKOUT0_EN ==> TRUE
MIG: 19:38:00 : Prasad ----: isMMCMExtraClkParam:: MMCM_CLKOUT1_EN --- "FALSE"
MIG: 19:38:00 : 
MIG: 19:38:00 :  MMCM Enable Param: MMCM_CLKOUT1_EN ==> FALSE
MIG: 19:38:00 : Prasad ----: isMMCMExtraClkParam:: MMCM_CLKOUT2_EN --- "FALSE"
MIG: 19:38:00 : 
MIG: 19:38:00 :  MMCM Enable Param: MMCM_CLKOUT2_EN ==> FALSE
MIG: 19:38:00 : Prasad ----: isMMCMExtraClkParam:: MMCM_CLKOUT3_EN --- "FALSE"
MIG: 19:38:00 : 
MIG: 19:38:00 :  MMCM Enable Param: MMCM_CLKOUT3_EN ==> FALSE
MIG: 19:38:00 : Prasad ----: isMMCMExtraClkParam:: MMCM_CLKOUT4_EN --- "FALSE"
MIG: 19:38:00 : 
MIG: 19:38:00 :  MMCM Enable Param: MMCM_CLKOUT4_EN ==> FALSE
MIG: 19:38:00 : Prasad ----: isMMCMExtraClkParam:: MMCM_CLKOUT0_DIVIDE --- 12.000
MIG: 19:38:00 : possibleMaxVcoVal:: 1200 ---- paramName: MMCM_CLKOUT0_DIVIDE
MIG: 19:38:00 : 
MIG: 19:38:00 :  MMCM Extra Param: MMCM_CLKOUT0_FREQ ==> 100000000
MIG: 19:38:00 : Prasad ----: isMMCMExtraClkParam:: MMCM_CLKOUT1_DIVIDE --- 1
MIG: 19:38:00 : possibleMaxVcoVal:: 1200 ---- paramName: MMCM_CLKOUT1_DIVIDE
MIG: 19:38:00 : 
MIG: 19:38:00 :  MMCM Extra Param: MMCM_CLKOUT1_FREQ ==> 1200000000
MIG: 19:38:00 : Prasad ----: isMMCMExtraClkParam:: MMCM_CLKOUT2_DIVIDE --- 1
MIG: 19:38:00 : possibleMaxVcoVal:: 1200 ---- paramName: MMCM_CLKOUT2_DIVIDE
MIG: 19:38:00 : 
MIG: 19:38:00 :  MMCM Extra Param: MMCM_CLKOUT2_FREQ ==> 1200000000
MIG: 19:38:00 : Prasad ----: isMMCMExtraClkParam:: MMCM_CLKOUT3_DIVIDE --- 1
MIG: 19:38:00 : possibleMaxVcoVal:: 1200 ---- paramName: MMCM_CLKOUT3_DIVIDE
MIG: 19:38:00 : 
MIG: 19:38:00 :  MMCM Extra Param: MMCM_CLKOUT3_FREQ ==> 1200000000
MIG: 19:38:00 : Prasad ----: isMMCMExtraClkParam:: MMCM_CLKOUT4_DIVIDE --- 1
MIG: 19:38:00 : possibleMaxVcoVal:: 1200 ---- paramName: MMCM_CLKOUT4_DIVIDE
MIG: 19:38:00 : 
MIG: 19:38:00 :  MMCM Extra Param: MMCM_CLKOUT4_FREQ ==> 1200000000
MIG: 19:38:00 :  Invalid Param: DDR2_RST_ACT_LOW ==> 1
MIG: 19:38:00 : 
MIG: 19:38:00 :  Valid Param: DDR2_BANK_WIDTH ==> 3
MIG: 19:38:00 : 
MIG: 19:38:00 :  Valid Param: DDR2_CK_WIDTH ==> 1
MIG: 19:38:00 :  Invalid Param: DDR2_COL_WIDTH ==> 10
MIG: 19:38:00 : 
MIG: 19:38:00 :  Valid Param: DDR2_CS_WIDTH ==> 1
MIG: 19:38:00 : 
MIG: 19:38:00 :  Valid Param: DDR2_nCS_PER_RANK ==> 1
MIG: 19:38:00 : 
MIG: 19:38:00 :  Valid Param: DDR2_CKE_WIDTH ==> 1
MIG: 19:38:00 :  Invalid Param: DDR2_DATA_BUF_ADDR_WIDTH ==> 5
MIG: 19:38:00 :  Invalid Param: DDR2_DQ_CNT_WIDTH ==> 4
MIG: 19:38:00 :  Invalid Param: DDR2_DQ_PER_DM ==> 8
MIG: 19:38:00 : 
MIG: 19:38:00 :  Valid Param: DDR2_DM_WIDTH ==> 2
MIG: 19:38:00 : 
MIG: 19:38:00 :  Valid Param: DDR2_DQ_WIDTH ==> 16
MIG: 19:38:00 : 
MIG: 19:38:00 :  Valid Param: DDR2_DQS_WIDTH ==> 2
MIG: 19:38:00 : 
MIG: 19:38:00 :  Valid Param: DDR2_DQS_CNT_WIDTH ==> 1
MIG: 19:38:00 :  Invalid Param: DDR2_DRAM_WIDTH ==> 8
MIG: 19:38:00 : 
MIG: 19:38:00 :  Valid Param: ECC ==> OFF
MIG: 19:38:00 : 
MIG: 19:38:00 :  Valid Param: DDR2_DATA_WIDTH ==> 16
MIG: 19:38:00 :  Invalid Param: ECC_TEST ==> "OFF"
MIG: 19:38:00 :  Invalid Param: DDR2_PAYLOAD_WIDTH ==> (ECC_TEST == "OFF") ? DATA_WIDTH : DQ_WIDTH
MIG: 19:38:00 :  Invalid Param: DDR2_MEM_ADDR_ORDER ==> "BANK_ROW_COLUMN"
MIG: 19:38:00 :  Invalid Param: DDR2_nBANK_MACHS ==> 4
MIG: 19:38:00 :  Invalid Param: DDR2_RANKS ==> 1
MIG: 19:38:00 : 
MIG: 19:38:00 :  Valid Param: DDR2_ODT_WIDTH ==> 1
MIG: 19:38:00 : 
MIG: 19:38:00 :  Valid Param: DDR2_ROW_WIDTH ==> 13
MIG: 19:38:00 : 
MIG: 19:38:00 :  Valid Param: DDR2_ADDR_WIDTH ==> 27
MIG: 19:38:00 : 
MIG: 19:38:00 :  Valid Param: DDR2_USE_CS_PORT ==> 1
MIG: 19:38:00 : 
MIG: 19:38:00 :  Valid Param: DDR2_USE_DM_PORT ==> 1
MIG: 19:38:00 : 
MIG: 19:38:00 :  Valid Param: DDR2_USE_ODT_PORT ==> 1
MIG: 19:38:00 :  Invalid Param: DDR2_PHY_CONTROL_MASTER_BANK ==> 0
MIG: 19:38:00 :  Invalid Param: DDR2_MEM_DENSITY ==> "1Gb"
MIG: 19:38:00 :  Invalid Param: DDR2_MEM_SPEEDGRADE ==> "25E"
MIG: 19:38:00 :  Invalid Param: DDR2_MEM_DEVICE_WIDTH ==> 16
MIG: 19:38:00 :  Invalid Param: DDR2_AL ==> "0"
MIG: 19:38:00 :  Invalid Param: DDR2_nAL ==> 0
MIG: 19:38:00 :  Invalid Param: DDR2_BURST_MODE ==> "8"
MIG: 19:38:00 :  Invalid Param: DDR2_BURST_TYPE ==> "SEQ"
MIG: 19:38:00 :  Invalid Param: DDR2_CL ==> 5
MIG: 19:38:00 :  Invalid Param: DDR2_OUTPUT_DRV ==> "HIGH"
MIG: 19:38:00 :  Invalid Param: DDR2_RTT_NOM ==> "50"
MIG: 19:38:00 :  Invalid Param: DDR2_ADDR_CMD_MODE ==> "1T"
MIG: 19:38:00 : 
MIG: 19:38:00 :  Valid Param: DDR2_REG_CTRL ==> OFF
MIG: 19:38:00 :  Invalid Param: DDR2_CLKIN_PERIOD ==> 5000
MIG: 19:38:00 :  Invalid Param: DDR2_CLKFBOUT_MULT ==> 13
MIG: 19:38:00 :  Invalid Param: DDR2_DIVCLK_DIVIDE ==> 2
MIG: 19:38:00 :  Invalid Param: DDR2_CLKOUT0_PHASE ==> 0.0
MIG: 19:38:00 :  Invalid Param: DDR2_CLKOUT0_DIVIDE ==> 2
MIG: 19:38:00 :  Invalid Param: DDR2_CLKOUT1_DIVIDE ==> 4
MIG: 19:38:00 :  Invalid Param: DDR2_CLKOUT2_DIVIDE ==> 64
MIG: 19:38:00 :  Invalid Param: DDR2_CLKOUT3_DIVIDE ==> 16
MIG: 19:38:00 :  Invalid Param: DDR2_MMCM_VCO ==> 1200
MIG: 19:38:00 :  Invalid Param: DDR2_MMCM_MULT_F ==> 14
MIG: 19:38:00 :  Invalid Param: DDR2_MMCM_DIVCLK_DIVIDE ==> 1
MIG: 19:38:00 :  Invalid Param: DDR2_MMCM_CLKOUT0_EN ==> "TRUE"
MIG: 19:38:00 :  Invalid Param: DDR2_MMCM_CLKOUT1_EN ==> "FALSE"
MIG: 19:38:00 :  Invalid Param: DDR2_MMCM_CLKOUT2_EN ==> "FALSE"
MIG: 19:38:00 :  Invalid Param: DDR2_MMCM_CLKOUT3_EN ==> "FALSE"
MIG: 19:38:00 :  Invalid Param: DDR2_MMCM_CLKOUT4_EN ==> "FALSE"
MIG: 19:38:00 :  Invalid Param: DDR2_MMCM_CLKOUT0_DIVIDE ==> 12.000
MIG: 19:38:00 :  Invalid Param: DDR2_MMCM_CLKOUT1_DIVIDE ==> 1
MIG: 19:38:00 :  Invalid Param: DDR2_MMCM_CLKOUT2_DIVIDE ==> 1
MIG: 19:38:00 :  Invalid Param: DDR2_MMCM_CLKOUT3_DIVIDE ==> 1
MIG: 19:38:00 :  Invalid Param: DDR2_MMCM_CLKOUT4_DIVIDE ==> 1
MIG: 19:38:00 :  Invalid Param: DDR2_tCKE ==> 7500
MIG: 19:38:00 :  Invalid Param: DDR2_tFAW ==> 45000
MIG: 19:38:00 :  Invalid Param: DDR2_tPRDI ==> 1_000_000
MIG: 19:38:00 :  Invalid Param: DDR2_tRAS ==> 40000
MIG: 19:38:00 :  Invalid Param: DDR2_tRCD ==> 15000
MIG: 19:38:00 :  Invalid Param: DDR2_tREFI ==> 7800000
MIG: 19:38:00 :  Invalid Param: DDR2_tRFC ==> 127500
MIG: 19:38:00 :  Invalid Param: DDR2_tRP ==> 12500
MIG: 19:38:00 :  Invalid Param: DDR2_tRRD ==> 10000
MIG: 19:38:00 :  Invalid Param: DDR2_tRTP ==> 7500
MIG: 19:38:00 :  Invalid Param: DDR2_tWTR ==> 7500
MIG: 19:38:00 :  Invalid Param: DDR2_tZQI ==> 128_000_000
MIG: 19:38:00 :  Invalid Param: DDR2_tZQCS ==> 64
MIG: 19:38:00 :  Invalid Param: DDR2_SIM_BYPASS_INIT_CAL ==> "OFF"
MIG: 19:38:00 :  Invalid Param: DDR2_SIMULATION ==> "FALSE"
MIG: 19:38:00 :  Invalid Param: DDR2_BYTE_LANES_B0 ==> 4'b1111
MIG: 19:38:00 :  Invalid Param: DDR2_BYTE_LANES_B1 ==> 4'b0000
MIG: 19:38:00 :  Invalid Param: DDR2_BYTE_LANES_B2 ==> 4'b0000
MIG: 19:38:00 :  Invalid Param: DDR2_BYTE_LANES_B3 ==> 4'b0000
MIG: 19:38:00 :  Invalid Param: DDR2_BYTE_LANES_B4 ==> 4'b0000
MIG: 19:38:00 :  Invalid Param: DDR2_DATA_CTL_B0 ==> 4'b0101
MIG: 19:38:00 :  Invalid Param: DDR2_DATA_CTL_B1 ==> 4'b0000
MIG: 19:38:00 :  Invalid Param: DDR2_DATA_CTL_B2 ==> 4'b0000
MIG: 19:38:00 :  Invalid Param: DDR2_DATA_CTL_B3 ==> 4'b0000
MIG: 19:38:00 :  Invalid Param: DDR2_DATA_CTL_B4 ==> 4'b0000
MIG: 19:38:00 :  Invalid Param: DDR2_PHY_0_BITLANES ==> 48'hFFC_3F7_FFF_3FE
MIG: 19:38:00 :  Invalid Param: DDR2_PHY_1_BITLANES ==> 48'h000_000_000_000
MIG: 19:38:00 :  Invalid Param: DDR2_PHY_2_BITLANES ==> 48'h000_000_000_000
MIG: 19:38:00 :  Invalid Param: DDR2_CK_BYTE_MAP ==> 144'h00_00_00_00_00_00_00_00_00_00_00_00_00_00_00_00_00_03
MIG: 19:38:00 :  Invalid Param: DDR2_ADDR_MAP ==> 192'h000_000_000_010_033_01A_019_032_03A_034_018_036_012_011_017_015
MIG: 19:38:00 :  Invalid Param: DDR2_BANK_MAP ==> 36'h013_016_01B
MIG: 19:38:00 :  Invalid Param: DDR2_CAS_MAP ==> 12'h039
MIG: 19:38:00 :  Invalid Param: DDR2_CKE_ODT_BYTE_MAP ==> 8'h00
MIG: 19:38:00 :  Invalid Param: DDR2_CKE_MAP ==> 96'h000_000_000_000_000_000_000_038
MIG: 19:38:00 :  Invalid Param: DDR2_ODT_MAP ==> 96'h000_000_000_000_000_000_000_035
MIG: 19:38:00 :  Invalid Param: DDR2_CS_MAP ==> 120'h000_000_000_000_000_000_000_000_000_037
MIG: 19:38:00 :  Invalid Param: DDR2_PARITY_MAP ==> 12'h000
MIG: 19:38:00 :  Invalid Param: DDR2_RAS_MAP ==> 12'h014
MIG: 19:38:00 :  Invalid Param: DDR2_WE_MAP ==> 12'h03B
MIG: 19:38:00 :  Invalid Param: DDR2_DQS_BYTE_MAP ==> 144'h00_00_00_00_00_00_00_00_00_00_00_00_00_00_00_00_02_00
MIG: 19:38:00 :  Invalid Param: DDR2_DATA0_MAP ==> 96'h008_004_009_007_005_001_006_003
MIG: 19:38:00 :  Invalid Param: DDR2_DATA1_MAP ==> 96'h022_028_020_024_027_025_026_021
MIG: 19:38:00 :  Invalid Param: DDR2_DATA2_MAP ==> 96'h000_000_000_000_000_000_000_000
MIG: 19:38:00 :  Invalid Param: DDR2_DATA3_MAP ==> 96'h000_000_000_000_000_000_000_000
MIG: 19:38:00 :  Invalid Param: DDR2_DATA4_MAP ==> 96'h000_000_000_000_000_000_000_000
MIG: 19:38:00 :  Invalid Param: DDR2_DATA5_MAP ==> 96'h000_000_000_000_000_000_000_000
MIG: 19:38:00 :  Invalid Param: DDR2_DATA6_MAP ==> 96'h000_000_000_000_000_000_000_000
MIG: 19:38:00 :  Invalid Param: DDR2_DATA7_MAP ==> 96'h000_000_000_000_000_000_000_000
MIG: 19:38:00 :  Invalid Param: DDR2_DATA8_MAP ==> 96'h000_000_000_000_000_000_000_000
MIG: 19:38:00 :  Invalid Param: DDR2_DATA9_MAP ==> 96'h000_000_000_000_000_000_000_000
MIG: 19:38:00 :  Invalid Param: DDR2_DATA10_MAP ==> 96'h000_000_000_000_000_000_000_000
MIG: 19:38:00 :  Invalid Param: DDR2_DATA11_MAP ==> 96'h000_000_000_000_000_000_000_000
MIG: 19:38:00 :  Invalid Param: DDR2_DATA12_MAP ==> 96'h000_000_000_000_000_000_000_000
MIG: 19:38:00 :  Invalid Param: DDR2_DATA13_MAP ==> 96'h000_000_000_000_000_000_000_000
MIG: 19:38:00 :  Invalid Param: DDR2_DATA14_MAP ==> 96'h000_000_000_000_000_000_000_000
MIG: 19:38:00 :  Invalid Param: DDR2_DATA15_MAP ==> 96'h000_000_000_000_000_000_000_000
MIG: 19:38:00 :  Invalid Param: DDR2_DATA16_MAP ==> 96'h000_000_000_000_000_000_000_000
MIG: 19:38:00 :  Invalid Param: DDR2_DATA17_MAP ==> 96'h000_000_000_000_000_000_000_000
MIG: 19:38:00 :  Invalid Param: DDR2_MASK0_MAP ==> 108'h000_000_000_000_000_000_000_029_002
MIG: 19:38:00 :  Invalid Param: DDR2_MASK1_MAP ==> 108'h000_000_000_000_000_000_000_000_000
MIG: 19:38:00 :  Invalid Param: DDR2_SLOT_0_CONFIG ==> 8'b0000_0001
MIG: 19:38:00 :  Invalid Param: DDR2_SLOT_1_CONFIG ==> 8'b0000_0000
MIG: 19:38:00 :  Invalid Param: DDR2_IBUF_LPWR_MODE ==> "OFF"
MIG: 19:38:00 :  Invalid Param: DDR2_DATA_IO_IDLE_PWRDWN ==> "ON"
MIG: 19:38:00 :  Invalid Param: DDR2_BANK_TYPE ==> "HR_IO"
MIG: 19:38:00 :  Invalid Param: DDR2_DATA_IO_PRIM_TYPE ==> "HR_LP"
MIG: 19:38:00 :  Invalid Param: DDR2_CKE_ODT_AUX ==> "FALSE"
MIG: 19:38:00 :  Invalid Param: DDR2_USER_REFRESH ==> "OFF"
MIG: 19:38:00 :  Invalid Param: DDR2_WRLVL ==> "OFF"
MIG: 19:38:00 :  Invalid Param: DDR2_ORDERING ==> "NORM"
MIG: 19:38:00 :  Invalid Param: DDR2_CALIB_ROW_ADD ==> 16'h0000
MIG: 19:38:00 :  Invalid Param: DDR2_CALIB_COL_ADD ==> 12'h000
MIG: 19:38:00 :  Invalid Param: DDR2_CALIB_BA_ADD ==> 3'h0
MIG: 19:38:00 :  Invalid Param: DDR2_TCQ ==> 100
MIG: 19:38:00 :  Invalid Param: DDR2_IODELAY_GRP0 ==> "DESIGN_1_MIG_7SERIES_0_0_IODELAY_MIG0"
MIG: 19:38:00 :  Invalid Param: DDR2_SYSCLK_TYPE ==> "NO_BUFFER"
MIG: 19:38:00 :  Invalid Param: DDR2_REFCLK_TYPE ==> "USE_SYSTEM_CLOCK"
MIG: 19:38:00 :  Invalid Param: DDR2_SYS_RST_PORT ==> "FALSE"
MIG: 19:38:00 :  Invalid Param: DDR2_CMD_PIPE_PLUS1 ==> "ON"
MIG: 19:38:00 :  Invalid Param: DDR2_DRAM_TYPE ==> "DDR2"
MIG: 19:38:00 :  Invalid Param: DDR2_CAL_WIDTH ==> "HALF"
MIG: 19:38:00 :  Invalid Param: DDR2_STARVE_LIMIT ==> 2
MIG: 19:38:00 :  Invalid Param: DDR2_REFCLK_FREQ ==> 200.0
MIG: 19:38:00 :  Invalid Param: DDR2_DIFF_TERM_REFCLK ==> "TRUE"
MIG: 19:38:00 :  Invalid Param: DDR2_tCK ==> 3077
MIG: 19:38:00 : 
MIG: 19:38:00 :  Valid Param: DDR2_nCK_PER_CLK ==> 4
MIG: 19:38:00 :  Invalid Param: DDR2_DIFF_TERM_SYSCLK ==> "TRUE"
MIG: 19:38:00 : 
MIG: 19:38:00 :  Valid Param: UI_EXTRA_CLOCKS ==> TRUE
MIG: 19:38:00 : 
MIG: 19:38:00 :  Valid Param: C_S_AXI_ID_WIDTH ==> 1
MIG: 19:38:00 : 
MIG: 19:38:00 :  Valid Param: C_S_AXI_MEM_SIZE ==> 134217728
MIG: 19:38:00 : 
MIG: 19:38:00 :  Valid Param: C_S_AXI_ADDR_WIDTH ==> 32
MIG: 19:38:00 : 
MIG: 19:38:00 :  Valid Param: C_S_AXI_DATA_WIDTH ==> 64
MIG: 19:38:00 :  Invalid Param: DDR2_C_MC_nCK_PER_CLK ==> 4
MIG: 19:38:00 :  Invalid Param: C_S_AXI_SUPPORTS_NARROW_BURST ==> 0
MIG: 19:38:00 :  Invalid Param: DDR2_C_RD_WR_ARB_ALGORITHM ==> "RD_PRI_REG"
MIG: 19:38:00 :  Invalid Param: C_S_AXI_REG_EN0 ==> 20'h00000
MIG: 19:38:00 :  Invalid Param: C_S_AXI_REG_EN1 ==> 20'h00000
MIG: 19:38:00 : 
MIG: 19:38:00 :  Valid Param: C_S_AXI_CTRL_ADDR_WIDTH ==> 32
MIG: 19:38:00 : 
MIG: 19:38:00 :  Valid Param: C_S_AXI_CTRL_DATA_WIDTH ==> 32
MIG: 19:38:00 :  Invalid Param: C_S_AXI_BASEADDR ==> 32'h0000_0000
MIG: 19:38:00 :  Invalid Param: C_ECC_ONOFF_RESET_VALUE ==> 1
MIG: 19:38:00 :  Invalid Param: C_ECC_CE_COUNTER_WIDTH ==> 8
MIG: 19:38:00 : 
MIG: 19:38:00 :  Valid Param: DDR2_DEBUG_PORT ==> OFF
MIG: 19:38:00 : 
MIG: 19:38:00 :  Invalid Param: DDR2_TEMP_MON_CONTROL ==> "INTERNAL"
MIG: 19:38:00 : 
MIG: 19:38:00 : 
MIG: 19:38:00 : 
MIG: 19:38:00 : Same Interface
MIG: 19:38:27 : Running customizer.xit
MIG: 19:38:27 : ################# RUNNING MIG INTERACTIVE ###################
MIG: 19:38:27 : Writing IN file for 'design_1_mig_7series_0_0'...compDirPath: /cad1/Xilinx/Vivado/2017.2/data/ip/xilinx/mig_7series_v4_0... instDirPath: /nfs/ug/homes-1/t/tramblei/.Xil/Vivado-18452-ug75/coregen/design_1_mig_7series_0_0
MIG: 19:38:27 : synp_flow:  -- synthesis_mode: Other
MIG: 19:38:27 : outputDirectory: /nfs/ug/homes-1/t/tramblei/.Xil/Vivado-18452-ug75/coregen/design_1_mig_7series_0_0/_tmp/
MIG: 19:38:27 : vivado_mode: xpg_bd
MIG: 19:38:27 :  locked false  
MIG: 19:38:27 : HDL Language: Verilog
MIG: 19:38:27 : compInfo: false
MIG: 19:38:27 : Vivado Options xc7a100t csg324 -1
MIG: 19:38:27 : 1: xc7a100t 2: csg324 3: -1
MIG: 19:38:27 : relative mig path: coregen/ip/xilinx/other/com/xilinx/ip/mig_7series_v4_0/bin/lin64/mig
MIG: 19:38:27 : xilinx_path: /cad1/Xilinx/Vivado/2017.2/ids_lite/ISE
MIG: 19:38:27 : I am in catch area
MIG: 19:38:27 : Running /cad1/Xilinx/Vivado/2017.2/ids_lite/ISE/coregen/ip/xilinx/other/com/xilinx/ip/mig_7series_v4_0/bin/lin64/mig -cg_exc_inp /nfs/ug/homes-1/t/tramblei/.Xil/Vivado-18452-ug75/coregen/design_1_mig_7series_0_0/xil_txt.in -cg_exc_out /nfs/ug/homes-1/t/tramblei/.Xil/Vivado-18452-ug75/coregen/design_1_mig_7series_0_0/xil_txt.out ... 
MIG: 19:39:01 : Prasad before: xmlPropertyPrj -- board.prj
MIG: 19:39:01 : Prasad After: xmlPropertyPrj -- mig_a.prj
MIG: 19:39:01 : XML_INPUT_FILE: /nfs/ug/homes-1/t/tramblei/.Xil/Vivado-18452-ug75/coregen/design_1_mig_7series_0_0/mig_a.prj
MIG: 19:39:01 : Component_Name: design_1_mig_7series_0_0
MIG: 19:39:01 : Moving design_1_mig_7series_0_0 ...
MIG: 19:39:01 : Moving design_1_mig_7series_0_0.veo ...
MIG: 19:39:01 : Moving design_1_mig_7series_0_0_xmdf.tcl ...
MIG: 19:39:01 : Sending back 0
MIG: 19:39:02 : xml_input_file: mig_a.prj
MIG: 19:39:02 : Absolute path of xml_input_file: /nfs/ug/homes-1/t/tramblei/vivaldo_fresh_eth_xadc_fft_dma_corr/vivaldo_fresh_eth_xadc_fft_dma_corr.srcs/sources_1/bd/design_1/ip/design_1_mig_7series_0_0/mig_a.prj
MIG: 19:39:02 : xml_input_file: mig_a.prj
MIG: 19:39:02 : Absolute path of xml_input_file: /nfs/ug/homes-1/t/tramblei/vivaldo_fresh_eth_xadc_fft_dma_corr/vivaldo_fresh_eth_xadc_fft_dma_corr.srcs/sources_1/bd/design_1/ip/design_1_mig_7series_0_0/mig_a.prj
MIG: 19:39:02 : In updateAllModelParams
MIG: 19:39:02 : IGN:     <ModuleName>design_1_mig_7series_0_0</ModuleName> <==>     <ModuleName>design_1_mig_7series_0_0</ModuleName> 
MIG: 19:39:02 : IGN:         <InputClkFreq>199.995</InputClkFreq> <==>         <InputClkFreq>199.995</InputClkFreq> 
MIG: 19:39:02 : XGUI hdlLanguage: Verilog
MIG: 19:39:02 : xgui vivado_mode: xpg_bd
MIG: 19:39:02 : xgui hdlLanguage: Verilog -- hdlExt: v
MIG: 19:39:02 : Reading /nfs/ug/homes-1/t/tramblei/vivaldo_fresh_eth_xadc_fft_dma_corr/vivaldo_fresh_eth_xadc_fft_dma_corr.srcs/sources_1/bd/design_1/ip/design_1_mig_7series_0_0/design_1_mig_7series_0_0/user_design/rtl/design_1_mig_7series_0_0_mig.v ...
MIG: 19:39:03 : 
MIG: 19:39:03 : Inside fn mem: DDR2
MIG: 19:39:03 : detect_uiclk: 81247969
MIG: 19:39:03 : cntrl:  memtype: DDR2
MIG: 19:39:03 : 
MIG: 19:39:03 :  MMCM_VCO single ctrl param_name: MMCM_VCO --  possibleMaxVcoVal: 1200 
MIG: 19:39:03 : 
MIG: 19:39:03 : 
MIG: 19:39:03 : 
MIG: 19:39:03 : 
MIG: 19:39:03 :  polarity_value: 1
MIG: 19:39:03 : 
MIG: 19:39:03 : EXTERNAL
MIG: 19:39:03 : cntrl:  memtype: DDR2
MIG: 19:39:03 : Prasad ----: isMMCMExtraClkParam:: MMCM_CLKOUT0_EN --- "TRUE"
MIG: 19:39:03 : 
MIG: 19:39:03 :  MMCM Enable Param: MMCM_CLKOUT0_EN ==> TRUE
MIG: 19:39:03 : Prasad ----: isMMCMExtraClkParam:: MMCM_CLKOUT1_EN --- "FALSE"
MIG: 19:39:03 : 
MIG: 19:39:03 :  MMCM Enable Param: MMCM_CLKOUT1_EN ==> FALSE
MIG: 19:39:03 : Prasad ----: isMMCMExtraClkParam:: MMCM_CLKOUT2_EN --- "FALSE"
MIG: 19:39:03 : 
MIG: 19:39:03 :  MMCM Enable Param: MMCM_CLKOUT2_EN ==> FALSE
MIG: 19:39:03 : Prasad ----: isMMCMExtraClkParam:: MMCM_CLKOUT3_EN --- "FALSE"
MIG: 19:39:03 : 
MIG: 19:39:03 :  MMCM Enable Param: MMCM_CLKOUT3_EN ==> FALSE
MIG: 19:39:03 : Prasad ----: isMMCMExtraClkParam:: MMCM_CLKOUT4_EN --- "FALSE"
MIG: 19:39:03 : 
MIG: 19:39:03 :  MMCM Enable Param: MMCM_CLKOUT4_EN ==> FALSE
MIG: 19:39:03 : Prasad ----: isMMCMExtraClkParam:: MMCM_CLKOUT0_DIVIDE --- 12.000
MIG: 19:39:03 : possibleMaxVcoVal:: 1200 ---- paramName: MMCM_CLKOUT0_DIVIDE
MIG: 19:39:03 : 
MIG: 19:39:03 :  MMCM Extra Param: MMCM_CLKOUT0_FREQ ==> 100000000
MIG: 19:39:03 : Prasad ----: isMMCMExtraClkParam:: MMCM_CLKOUT1_DIVIDE --- 1
MIG: 19:39:03 : possibleMaxVcoVal:: 1200 ---- paramName: MMCM_CLKOUT1_DIVIDE
MIG: 19:39:03 : 
MIG: 19:39:03 :  MMCM Extra Param: MMCM_CLKOUT1_FREQ ==> 1200000000
MIG: 19:39:03 : Prasad ----: isMMCMExtraClkParam:: MMCM_CLKOUT2_DIVIDE --- 1
MIG: 19:39:03 : possibleMaxVcoVal:: 1200 ---- paramName: MMCM_CLKOUT2_DIVIDE
MIG: 19:39:03 : 
MIG: 19:39:03 :  MMCM Extra Param: MMCM_CLKOUT2_FREQ ==> 1200000000
MIG: 19:39:03 : Prasad ----: isMMCMExtraClkParam:: MMCM_CLKOUT3_DIVIDE --- 1
MIG: 19:39:03 : possibleMaxVcoVal:: 1200 ---- paramName: MMCM_CLKOUT3_DIVIDE
MIG: 19:39:03 : 
MIG: 19:39:03 :  MMCM Extra Param: MMCM_CLKOUT3_FREQ ==> 1200000000
MIG: 19:39:03 : Prasad ----: isMMCMExtraClkParam:: MMCM_CLKOUT4_DIVIDE --- 1
MIG: 19:39:03 : possibleMaxVcoVal:: 1200 ---- paramName: MMCM_CLKOUT4_DIVIDE
MIG: 19:39:03 : 
MIG: 19:39:03 :  MMCM Extra Param: MMCM_CLKOUT4_FREQ ==> 1200000000
MIG: 19:39:03 :  Invalid Param: DDR2_RST_ACT_LOW ==> 1
MIG: 19:39:03 : 
MIG: 19:39:03 :  Valid Param: DDR2_BANK_WIDTH ==> 3
MIG: 19:39:03 : 
MIG: 19:39:03 :  Valid Param: DDR2_CK_WIDTH ==> 1
MIG: 19:39:03 :  Invalid Param: DDR2_COL_WIDTH ==> 10
MIG: 19:39:03 : 
MIG: 19:39:03 :  Valid Param: DDR2_CS_WIDTH ==> 1
MIG: 19:39:03 : 
MIG: 19:39:03 :  Valid Param: DDR2_nCS_PER_RANK ==> 1
MIG: 19:39:03 : 
MIG: 19:39:03 :  Valid Param: DDR2_CKE_WIDTH ==> 1
MIG: 19:39:03 :  Invalid Param: DDR2_DATA_BUF_ADDR_WIDTH ==> 5
MIG: 19:39:03 :  Invalid Param: DDR2_DQ_CNT_WIDTH ==> 4
MIG: 19:39:03 :  Invalid Param: DDR2_DQ_PER_DM ==> 8
MIG: 19:39:03 : 
MIG: 19:39:03 :  Valid Param: DDR2_DM_WIDTH ==> 2
MIG: 19:39:03 : 
MIG: 19:39:03 :  Valid Param: DDR2_DQ_WIDTH ==> 16
MIG: 19:39:03 : 
MIG: 19:39:03 :  Valid Param: DDR2_DQS_WIDTH ==> 2
MIG: 19:39:03 : 
MIG: 19:39:03 :  Valid Param: DDR2_DQS_CNT_WIDTH ==> 1
MIG: 19:39:03 :  Invalid Param: DDR2_DRAM_WIDTH ==> 8
MIG: 19:39:03 : 
MIG: 19:39:03 :  Valid Param: ECC ==> OFF
MIG: 19:39:03 : 
MIG: 19:39:03 :  Valid Param: DDR2_DATA_WIDTH ==> 16
MIG: 19:39:03 :  Invalid Param: ECC_TEST ==> "OFF"
MIG: 19:39:03 :  Invalid Param: DDR2_PAYLOAD_WIDTH ==> (ECC_TEST == "OFF") ? DATA_WIDTH : DQ_WIDTH
MIG: 19:39:03 :  Invalid Param: DDR2_MEM_ADDR_ORDER ==> "BANK_ROW_COLUMN"
MIG: 19:39:03 :  Invalid Param: DDR2_nBANK_MACHS ==> 4
MIG: 19:39:03 :  Invalid Param: DDR2_RANKS ==> 1
MIG: 19:39:03 : 
MIG: 19:39:03 :  Valid Param: DDR2_ODT_WIDTH ==> 1
MIG: 19:39:03 : 
MIG: 19:39:03 :  Valid Param: DDR2_ROW_WIDTH ==> 13
MIG: 19:39:03 : 
MIG: 19:39:03 :  Valid Param: DDR2_ADDR_WIDTH ==> 27
MIG: 19:39:03 : 
MIG: 19:39:03 :  Valid Param: DDR2_USE_CS_PORT ==> 1
MIG: 19:39:03 : 
MIG: 19:39:03 :  Valid Param: DDR2_USE_DM_PORT ==> 1
MIG: 19:39:03 : 
MIG: 19:39:03 :  Valid Param: DDR2_USE_ODT_PORT ==> 1
MIG: 19:39:03 :  Invalid Param: DDR2_PHY_CONTROL_MASTER_BANK ==> 0
MIG: 19:39:03 :  Invalid Param: DDR2_MEM_DENSITY ==> "1Gb"
MIG: 19:39:03 :  Invalid Param: DDR2_MEM_SPEEDGRADE ==> "25E"
MIG: 19:39:03 :  Invalid Param: DDR2_MEM_DEVICE_WIDTH ==> 16
MIG: 19:39:03 :  Invalid Param: DDR2_AL ==> "0"
MIG: 19:39:03 :  Invalid Param: DDR2_nAL ==> 0
MIG: 19:39:03 :  Invalid Param: DDR2_BURST_MODE ==> "8"
MIG: 19:39:03 :  Invalid Param: DDR2_BURST_TYPE ==> "SEQ"
MIG: 19:39:03 :  Invalid Param: DDR2_CL ==> 5
MIG: 19:39:03 :  Invalid Param: DDR2_OUTPUT_DRV ==> "HIGH"
MIG: 19:39:03 :  Invalid Param: DDR2_RTT_NOM ==> "50"
MIG: 19:39:03 :  Invalid Param: DDR2_ADDR_CMD_MODE ==> "1T"
MIG: 19:39:03 : 
MIG: 19:39:03 :  Valid Param: DDR2_REG_CTRL ==> OFF
MIG: 19:39:03 :  Invalid Param: DDR2_CLKIN_PERIOD ==> 5000
MIG: 19:39:03 :  Invalid Param: DDR2_CLKFBOUT_MULT ==> 13
MIG: 19:39:03 :  Invalid Param: DDR2_DIVCLK_DIVIDE ==> 2
MIG: 19:39:03 :  Invalid Param: DDR2_CLKOUT0_PHASE ==> 0.0
MIG: 19:39:03 :  Invalid Param: DDR2_CLKOUT0_DIVIDE ==> 2
MIG: 19:39:03 :  Invalid Param: DDR2_CLKOUT1_DIVIDE ==> 4
MIG: 19:39:03 :  Invalid Param: DDR2_CLKOUT2_DIVIDE ==> 64
MIG: 19:39:03 :  Invalid Param: DDR2_CLKOUT3_DIVIDE ==> 16
MIG: 19:39:03 :  Invalid Param: DDR2_MMCM_VCO ==> 1200
MIG: 19:39:03 :  Invalid Param: DDR2_MMCM_MULT_F ==> 14
MIG: 19:39:03 :  Invalid Param: DDR2_MMCM_DIVCLK_DIVIDE ==> 1
MIG: 19:39:03 :  Invalid Param: DDR2_MMCM_CLKOUT0_EN ==> "TRUE"
MIG: 19:39:03 :  Invalid Param: DDR2_MMCM_CLKOUT1_EN ==> "FALSE"
MIG: 19:39:03 :  Invalid Param: DDR2_MMCM_CLKOUT2_EN ==> "FALSE"
MIG: 19:39:03 :  Invalid Param: DDR2_MMCM_CLKOUT3_EN ==> "FALSE"
MIG: 19:39:03 :  Invalid Param: DDR2_MMCM_CLKOUT4_EN ==> "FALSE"
MIG: 19:39:03 :  Invalid Param: DDR2_MMCM_CLKOUT0_DIVIDE ==> 12.000
MIG: 19:39:03 :  Invalid Param: DDR2_MMCM_CLKOUT1_DIVIDE ==> 1
MIG: 19:39:03 :  Invalid Param: DDR2_MMCM_CLKOUT2_DIVIDE ==> 1
MIG: 19:39:03 :  Invalid Param: DDR2_MMCM_CLKOUT3_DIVIDE ==> 1
MIG: 19:39:03 :  Invalid Param: DDR2_MMCM_CLKOUT4_DIVIDE ==> 1
MIG: 19:39:03 :  Invalid Param: DDR2_tCKE ==> 7500
MIG: 19:39:03 :  Invalid Param: DDR2_tFAW ==> 45000
MIG: 19:39:03 :  Invalid Param: DDR2_tPRDI ==> 1_000_000
MIG: 19:39:03 :  Invalid Param: DDR2_tRAS ==> 40000
MIG: 19:39:03 :  Invalid Param: DDR2_tRCD ==> 15000
MIG: 19:39:03 :  Invalid Param: DDR2_tREFI ==> 7800000
MIG: 19:39:03 :  Invalid Param: DDR2_tRFC ==> 127500
MIG: 19:39:03 :  Invalid Param: DDR2_tRP ==> 12500
MIG: 19:39:03 :  Invalid Param: DDR2_tRRD ==> 10000
MIG: 19:39:03 :  Invalid Param: DDR2_tRTP ==> 7500
MIG: 19:39:03 :  Invalid Param: DDR2_tWTR ==> 7500
MIG: 19:39:03 :  Invalid Param: DDR2_tZQI ==> 128_000_000
MIG: 19:39:03 :  Invalid Param: DDR2_tZQCS ==> 64
MIG: 19:39:03 :  Invalid Param: DDR2_SIM_BYPASS_INIT_CAL ==> "OFF"
MIG: 19:39:03 :  Invalid Param: DDR2_SIMULATION ==> "FALSE"
MIG: 19:39:03 :  Invalid Param: DDR2_BYTE_LANES_B0 ==> 4'b1111
MIG: 19:39:03 :  Invalid Param: DDR2_BYTE_LANES_B1 ==> 4'b0000
MIG: 19:39:03 :  Invalid Param: DDR2_BYTE_LANES_B2 ==> 4'b0000
MIG: 19:39:03 :  Invalid Param: DDR2_BYTE_LANES_B3 ==> 4'b0000
MIG: 19:39:03 :  Invalid Param: DDR2_BYTE_LANES_B4 ==> 4'b0000
MIG: 19:39:03 :  Invalid Param: DDR2_DATA_CTL_B0 ==> 4'b0101
MIG: 19:39:03 :  Invalid Param: DDR2_DATA_CTL_B1 ==> 4'b0000
MIG: 19:39:03 :  Invalid Param: DDR2_DATA_CTL_B2 ==> 4'b0000
MIG: 19:39:03 :  Invalid Param: DDR2_DATA_CTL_B3 ==> 4'b0000
MIG: 19:39:03 :  Invalid Param: DDR2_DATA_CTL_B4 ==> 4'b0000
MIG: 19:39:03 :  Invalid Param: DDR2_PHY_0_BITLANES ==> 48'hFFC_3F7_FFF_3FE
MIG: 19:39:03 :  Invalid Param: DDR2_PHY_1_BITLANES ==> 48'h000_000_000_000
MIG: 19:39:03 :  Invalid Param: DDR2_PHY_2_BITLANES ==> 48'h000_000_000_000
MIG: 19:39:03 :  Invalid Param: DDR2_CK_BYTE_MAP ==> 144'h00_00_00_00_00_00_00_00_00_00_00_00_00_00_00_00_00_03
MIG: 19:39:03 :  Invalid Param: DDR2_ADDR_MAP ==> 192'h000_000_000_010_033_01A_019_032_03A_034_018_036_012_011_017_015
MIG: 19:39:03 :  Invalid Param: DDR2_BANK_MAP ==> 36'h013_016_01B
MIG: 19:39:03 :  Invalid Param: DDR2_CAS_MAP ==> 12'h039
MIG: 19:39:03 :  Invalid Param: DDR2_CKE_ODT_BYTE_MAP ==> 8'h00
MIG: 19:39:03 :  Invalid Param: DDR2_CKE_MAP ==> 96'h000_000_000_000_000_000_000_038
MIG: 19:39:03 :  Invalid Param: DDR2_ODT_MAP ==> 96'h000_000_000_000_000_000_000_035
MIG: 19:39:03 :  Invalid Param: DDR2_CS_MAP ==> 120'h000_000_000_000_000_000_000_000_000_037
MIG: 19:39:03 :  Invalid Param: DDR2_PARITY_MAP ==> 12'h000
MIG: 19:39:03 :  Invalid Param: DDR2_RAS_MAP ==> 12'h014
MIG: 19:39:03 :  Invalid Param: DDR2_WE_MAP ==> 12'h03B
MIG: 19:39:03 :  Invalid Param: DDR2_DQS_BYTE_MAP ==> 144'h00_00_00_00_00_00_00_00_00_00_00_00_00_00_00_00_02_00
MIG: 19:39:03 :  Invalid Param: DDR2_DATA0_MAP ==> 96'h008_004_009_007_005_001_006_003
MIG: 19:39:03 :  Invalid Param: DDR2_DATA1_MAP ==> 96'h022_028_020_024_027_025_026_021
MIG: 19:39:03 :  Invalid Param: DDR2_DATA2_MAP ==> 96'h000_000_000_000_000_000_000_000
MIG: 19:39:03 :  Invalid Param: DDR2_DATA3_MAP ==> 96'h000_000_000_000_000_000_000_000
MIG: 19:39:03 :  Invalid Param: DDR2_DATA4_MAP ==> 96'h000_000_000_000_000_000_000_000
MIG: 19:39:03 :  Invalid Param: DDR2_DATA5_MAP ==> 96'h000_000_000_000_000_000_000_000
MIG: 19:39:03 :  Invalid Param: DDR2_DATA6_MAP ==> 96'h000_000_000_000_000_000_000_000
MIG: 19:39:03 :  Invalid Param: DDR2_DATA7_MAP ==> 96'h000_000_000_000_000_000_000_000
MIG: 19:39:03 :  Invalid Param: DDR2_DATA8_MAP ==> 96'h000_000_000_000_000_000_000_000
MIG: 19:39:03 :  Invalid Param: DDR2_DATA9_MAP ==> 96'h000_000_000_000_000_000_000_000
MIG: 19:39:03 :  Invalid Param: DDR2_DATA10_MAP ==> 96'h000_000_000_000_000_000_000_000
MIG: 19:39:03 :  Invalid Param: DDR2_DATA11_MAP ==> 96'h000_000_000_000_000_000_000_000
MIG: 19:39:03 :  Invalid Param: DDR2_DATA12_MAP ==> 96'h000_000_000_000_000_000_000_000
MIG: 19:39:03 :  Invalid Param: DDR2_DATA13_MAP ==> 96'h000_000_000_000_000_000_000_000
MIG: 19:39:03 :  Invalid Param: DDR2_DATA14_MAP ==> 96'h000_000_000_000_000_000_000_000
MIG: 19:39:03 :  Invalid Param: DDR2_DATA15_MAP ==> 96'h000_000_000_000_000_000_000_000
MIG: 19:39:03 :  Invalid Param: DDR2_DATA16_MAP ==> 96'h000_000_000_000_000_000_000_000
MIG: 19:39:03 :  Invalid Param: DDR2_DATA17_MAP ==> 96'h000_000_000_000_000_000_000_000
MIG: 19:39:03 :  Invalid Param: DDR2_MASK0_MAP ==> 108'h000_000_000_000_000_000_000_029_002
MIG: 19:39:03 :  Invalid Param: DDR2_MASK1_MAP ==> 108'h000_000_000_000_000_000_000_000_000
MIG: 19:39:03 :  Invalid Param: DDR2_SLOT_0_CONFIG ==> 8'b0000_0001
MIG: 19:39:03 :  Invalid Param: DDR2_SLOT_1_CONFIG ==> 8'b0000_0000
MIG: 19:39:03 :  Invalid Param: DDR2_IBUF_LPWR_MODE ==> "OFF"
MIG: 19:39:03 :  Invalid Param: DDR2_DATA_IO_IDLE_PWRDWN ==> "ON"
MIG: 19:39:03 :  Invalid Param: DDR2_BANK_TYPE ==> "HR_IO"
MIG: 19:39:03 :  Invalid Param: DDR2_DATA_IO_PRIM_TYPE ==> "HR_LP"
MIG: 19:39:03 :  Invalid Param: DDR2_CKE_ODT_AUX ==> "FALSE"
MIG: 19:39:03 :  Invalid Param: DDR2_USER_REFRESH ==> "OFF"
MIG: 19:39:03 :  Invalid Param: DDR2_WRLVL ==> "OFF"
MIG: 19:39:03 :  Invalid Param: DDR2_ORDERING ==> "NORM"
MIG: 19:39:03 :  Invalid Param: DDR2_CALIB_ROW_ADD ==> 16'h0000
MIG: 19:39:03 :  Invalid Param: DDR2_CALIB_COL_ADD ==> 12'h000
MIG: 19:39:03 :  Invalid Param: DDR2_CALIB_BA_ADD ==> 3'h0
MIG: 19:39:03 :  Invalid Param: DDR2_TCQ ==> 100
MIG: 19:39:03 :  Invalid Param: DDR2_IODELAY_GRP0 ==> "DESIGN_1_MIG_7SERIES_0_0_IODELAY_MIG0"
MIG: 19:39:03 :  Invalid Param: DDR2_SYSCLK_TYPE ==> "NO_BUFFER"
MIG: 19:39:03 :  Invalid Param: DDR2_REFCLK_TYPE ==> "USE_SYSTEM_CLOCK"
MIG: 19:39:03 :  Invalid Param: DDR2_SYS_RST_PORT ==> "FALSE"
MIG: 19:39:03 :  Invalid Param: DDR2_CMD_PIPE_PLUS1 ==> "ON"
MIG: 19:39:03 :  Invalid Param: DDR2_DRAM_TYPE ==> "DDR2"
MIG: 19:39:03 :  Invalid Param: DDR2_CAL_WIDTH ==> "HALF"
MIG: 19:39:03 :  Invalid Param: DDR2_STARVE_LIMIT ==> 2
MIG: 19:39:03 :  Invalid Param: DDR2_REFCLK_FREQ ==> 200.0
MIG: 19:39:03 :  Invalid Param: DDR2_DIFF_TERM_REFCLK ==> "TRUE"
MIG: 19:39:03 :  Invalid Param: DDR2_tCK ==> 3077
MIG: 19:39:03 : 
MIG: 19:39:03 :  Valid Param: DDR2_nCK_PER_CLK ==> 4
MIG: 19:39:03 :  Invalid Param: DDR2_DIFF_TERM_SYSCLK ==> "TRUE"
MIG: 19:39:03 : 
MIG: 19:39:03 :  Valid Param: UI_EXTRA_CLOCKS ==> TRUE
MIG: 19:39:03 : 
MIG: 19:39:03 :  Valid Param: C_S_AXI_ID_WIDTH ==> 1
MIG: 19:39:03 : 
MIG: 19:39:03 :  Valid Param: C_S_AXI_MEM_SIZE ==> 134217728
MIG: 19:39:03 : 
MIG: 19:39:03 :  Valid Param: C_S_AXI_ADDR_WIDTH ==> 32
MIG: 19:39:03 : 
MIG: 19:39:03 :  Valid Param: C_S_AXI_DATA_WIDTH ==> 64
MIG: 19:39:03 :  Invalid Param: DDR2_C_MC_nCK_PER_CLK ==> 4
MIG: 19:39:03 :  Invalid Param: C_S_AXI_SUPPORTS_NARROW_BURST ==> 0
MIG: 19:39:03 :  Invalid Param: DDR2_C_RD_WR_ARB_ALGORITHM ==> "RD_PRI_REG"
MIG: 19:39:03 :  Invalid Param: C_S_AXI_REG_EN0 ==> 20'h00000
MIG: 19:39:03 :  Invalid Param: C_S_AXI_REG_EN1 ==> 20'h00000
MIG: 19:39:03 : 
MIG: 19:39:03 :  Valid Param: C_S_AXI_CTRL_ADDR_WIDTH ==> 32
MIG: 19:39:03 : 
MIG: 19:39:03 :  Valid Param: C_S_AXI_CTRL_DATA_WIDTH ==> 32
MIG: 19:39:03 :  Invalid Param: C_S_AXI_BASEADDR ==> 32'h0000_0000
MIG: 19:39:03 :  Invalid Param: C_ECC_ONOFF_RESET_VALUE ==> 1
MIG: 19:39:03 :  Invalid Param: C_ECC_CE_COUNTER_WIDTH ==> 8
MIG: 19:39:03 : 
MIG: 19:39:03 :  Valid Param: DDR2_DEBUG_PORT ==> OFF
MIG: 19:39:03 : 
MIG: 19:39:03 :  Invalid Param: DDR2_TEMP_MON_CONTROL ==> "EXTERNAL"
MIG: 19:39:03 : 
MIG: 19:39:03 : 
MIG: 19:39:03 : 
MIG: 19:39:03 : Same Interface
MIG: 19:39:38 : xml_input_file: mig_a.prj
MIG: 19:39:38 : Absolute path of xml_input_file: /nfs/ug/homes-1/t/tramblei/vivaldo_fresh_eth_xadc_fft_dma_corr/vivaldo_fresh_eth_xadc_fft_dma_corr.srcs/sources_1/bd/design_1/ip/design_1_mig_7series_0_0/mig_a.prj
MIG: 19:39:38 : In updateAllModelParams
MIG: 19:39:38 : IGN:     <ModuleName>design_1_mig_7series_0_0</ModuleName> <==>     <ModuleName>design_1_mig_7series_0_0</ModuleName> 
MIG: 19:39:38 : IGN:         <InputClkFreq>199.995</InputClkFreq> <==>         <InputClkFreq>199.995</InputClkFreq> 
MIG: 19:39:38 : XGUI hdlLanguage: Verilog
MIG: 19:39:38 : xgui vivado_mode: xpg_bd
MIG: 19:39:38 : xgui hdlLanguage: Verilog -- hdlExt: v
MIG: 19:39:38 : Reading /nfs/ug/homes-1/t/tramblei/vivaldo_fresh_eth_xadc_fft_dma_corr/vivaldo_fresh_eth_xadc_fft_dma_corr.srcs/sources_1/bd/design_1/ip/design_1_mig_7series_0_0/design_1_mig_7series_0_0/user_design/rtl/design_1_mig_7series_0_0_mig.v ...
MIG: 19:39:39 : 
MIG: 19:39:39 : Inside fn mem: DDR2
MIG: 19:39:39 : detect_uiclk: 81247969
MIG: 19:39:39 : cntrl:  memtype: DDR2
MIG: 19:39:39 : 
MIG: 19:39:39 :  MMCM_VCO single ctrl param_name: MMCM_VCO --  possibleMaxVcoVal: 1200 
MIG: 19:39:39 : 
MIG: 19:39:39 : 
MIG: 19:39:39 : 
MIG: 19:39:39 : 
MIG: 19:39:39 :  polarity_value: 1
MIG: 19:39:39 : 
MIG: 19:39:39 : 
MIG: 19:39:39 : cntrl:  memtype: DDR2
MIG: 19:39:39 : Prasad ----: isMMCMExtraClkParam:: MMCM_CLKOUT0_EN --- "TRUE"
MIG: 19:39:39 : 
MIG: 19:39:39 :  MMCM Enable Param: MMCM_CLKOUT0_EN ==> TRUE
MIG: 19:39:39 : Prasad ----: isMMCMExtraClkParam:: MMCM_CLKOUT1_EN --- "FALSE"
MIG: 19:39:39 : 
MIG: 19:39:39 :  MMCM Enable Param: MMCM_CLKOUT1_EN ==> FALSE
MIG: 19:39:39 : Prasad ----: isMMCMExtraClkParam:: MMCM_CLKOUT2_EN --- "FALSE"
MIG: 19:39:39 : 
MIG: 19:39:39 :  MMCM Enable Param: MMCM_CLKOUT2_EN ==> FALSE
MIG: 19:39:39 : Prasad ----: isMMCMExtraClkParam:: MMCM_CLKOUT3_EN --- "FALSE"
MIG: 19:39:39 : 
MIG: 19:39:39 :  MMCM Enable Param: MMCM_CLKOUT3_EN ==> FALSE
MIG: 19:39:39 : Prasad ----: isMMCMExtraClkParam:: MMCM_CLKOUT4_EN --- "FALSE"
MIG: 19:39:39 : 
MIG: 19:39:39 :  MMCM Enable Param: MMCM_CLKOUT4_EN ==> FALSE
MIG: 19:39:39 : Prasad ----: isMMCMExtraClkParam:: MMCM_CLKOUT0_DIVIDE --- 12.000
MIG: 19:39:39 : possibleMaxVcoVal:: 1200 ---- paramName: MMCM_CLKOUT0_DIVIDE
MIG: 19:39:39 : 
MIG: 19:39:39 :  MMCM Extra Param: MMCM_CLKOUT0_FREQ ==> 100000000
MIG: 19:39:39 : Prasad ----: isMMCMExtraClkParam:: MMCM_CLKOUT1_DIVIDE --- 1
MIG: 19:39:39 : possibleMaxVcoVal:: 1200 ---- paramName: MMCM_CLKOUT1_DIVIDE
MIG: 19:39:39 : 
MIG: 19:39:39 :  MMCM Extra Param: MMCM_CLKOUT1_FREQ ==> 1200000000
MIG: 19:39:39 : Prasad ----: isMMCMExtraClkParam:: MMCM_CLKOUT2_DIVIDE --- 1
MIG: 19:39:39 : possibleMaxVcoVal:: 1200 ---- paramName: MMCM_CLKOUT2_DIVIDE
MIG: 19:39:39 : 
MIG: 19:39:39 :  MMCM Extra Param: MMCM_CLKOUT2_FREQ ==> 1200000000
MIG: 19:39:39 : Prasad ----: isMMCMExtraClkParam:: MMCM_CLKOUT3_DIVIDE --- 1
MIG: 19:39:39 : possibleMaxVcoVal:: 1200 ---- paramName: MMCM_CLKOUT3_DIVIDE
MIG: 19:39:39 : 
MIG: 19:39:39 :  MMCM Extra Param: MMCM_CLKOUT3_FREQ ==> 1200000000
MIG: 19:39:39 : Prasad ----: isMMCMExtraClkParam:: MMCM_CLKOUT4_DIVIDE --- 1
MIG: 19:39:39 : possibleMaxVcoVal:: 1200 ---- paramName: MMCM_CLKOUT4_DIVIDE
MIG: 19:39:39 : 
MIG: 19:39:39 :  MMCM Extra Param: MMCM_CLKOUT4_FREQ ==> 1200000000
MIG: 19:39:39 :  Invalid Param: DDR2_RST_ACT_LOW ==> 1
MIG: 19:39:39 : 
MIG: 19:39:39 :  Valid Param: DDR2_BANK_WIDTH ==> 3
MIG: 19:39:39 : 
MIG: 19:39:39 :  Valid Param: DDR2_CK_WIDTH ==> 1
MIG: 19:39:39 :  Invalid Param: DDR2_COL_WIDTH ==> 10
MIG: 19:39:39 : 
MIG: 19:39:39 :  Valid Param: DDR2_CS_WIDTH ==> 1
MIG: 19:39:39 : 
MIG: 19:39:39 :  Valid Param: DDR2_nCS_PER_RANK ==> 1
MIG: 19:39:39 : 
MIG: 19:39:39 :  Valid Param: DDR2_CKE_WIDTH ==> 1
MIG: 19:39:39 :  Invalid Param: DDR2_DATA_BUF_ADDR_WIDTH ==> 5
MIG: 19:39:39 :  Invalid Param: DDR2_DQ_CNT_WIDTH ==> 4
MIG: 19:39:39 :  Invalid Param: DDR2_DQ_PER_DM ==> 8
MIG: 19:39:39 : 
MIG: 19:39:39 :  Valid Param: DDR2_DM_WIDTH ==> 2
MIG: 19:39:39 : 
MIG: 19:39:39 :  Valid Param: DDR2_DQ_WIDTH ==> 16
MIG: 19:39:39 : 
MIG: 19:39:39 :  Valid Param: DDR2_DQS_WIDTH ==> 2
MIG: 19:39:39 : 
MIG: 19:39:39 :  Valid Param: DDR2_DQS_CNT_WIDTH ==> 1
MIG: 19:39:39 :  Invalid Param: DDR2_DRAM_WIDTH ==> 8
MIG: 19:39:39 : 
MIG: 19:39:39 :  Valid Param: ECC ==> OFF
MIG: 19:39:39 : 
MIG: 19:39:39 :  Valid Param: DDR2_DATA_WIDTH ==> 16
MIG: 19:39:39 :  Invalid Param: ECC_TEST ==> "OFF"
MIG: 19:39:39 :  Invalid Param: DDR2_PAYLOAD_WIDTH ==> (ECC_TEST == "OFF") ? DATA_WIDTH : DQ_WIDTH
MIG: 19:39:39 :  Invalid Param: DDR2_MEM_ADDR_ORDER ==> "BANK_ROW_COLUMN"
MIG: 19:39:39 :  Invalid Param: DDR2_nBANK_MACHS ==> 4
MIG: 19:39:39 :  Invalid Param: DDR2_RANKS ==> 1
MIG: 19:39:39 : 
MIG: 19:39:39 :  Valid Param: DDR2_ODT_WIDTH ==> 1
MIG: 19:39:39 : 
MIG: 19:39:39 :  Valid Param: DDR2_ROW_WIDTH ==> 13
MIG: 19:39:39 : 
MIG: 19:39:39 :  Valid Param: DDR2_ADDR_WIDTH ==> 27
MIG: 19:39:39 : 
MIG: 19:39:39 :  Valid Param: DDR2_USE_CS_PORT ==> 1
MIG: 19:39:39 : 
MIG: 19:39:39 :  Valid Param: DDR2_USE_DM_PORT ==> 1
MIG: 19:39:39 : 
MIG: 19:39:39 :  Valid Param: DDR2_USE_ODT_PORT ==> 1
MIG: 19:39:39 :  Invalid Param: DDR2_PHY_CONTROL_MASTER_BANK ==> 0
MIG: 19:39:39 :  Invalid Param: DDR2_MEM_DENSITY ==> "1Gb"
MIG: 19:39:39 :  Invalid Param: DDR2_MEM_SPEEDGRADE ==> "25E"
MIG: 19:39:39 :  Invalid Param: DDR2_MEM_DEVICE_WIDTH ==> 16
MIG: 19:39:39 :  Invalid Param: DDR2_AL ==> "0"
MIG: 19:39:39 :  Invalid Param: DDR2_nAL ==> 0
MIG: 19:39:39 :  Invalid Param: DDR2_BURST_MODE ==> "8"
MIG: 19:39:39 :  Invalid Param: DDR2_BURST_TYPE ==> "SEQ"
MIG: 19:39:39 :  Invalid Param: DDR2_CL ==> 5
MIG: 19:39:39 :  Invalid Param: DDR2_OUTPUT_DRV ==> "HIGH"
MIG: 19:39:39 :  Invalid Param: DDR2_RTT_NOM ==> "50"
MIG: 19:39:39 :  Invalid Param: DDR2_ADDR_CMD_MODE ==> "1T"
MIG: 19:39:39 : 
MIG: 19:39:39 :  Valid Param: DDR2_REG_CTRL ==> OFF
MIG: 19:39:39 :  Invalid Param: DDR2_CLKIN_PERIOD ==> 5000
MIG: 19:39:39 :  Invalid Param: DDR2_CLKFBOUT_MULT ==> 13
MIG: 19:39:39 :  Invalid Param: DDR2_DIVCLK_DIVIDE ==> 2
MIG: 19:39:39 :  Invalid Param: DDR2_CLKOUT0_PHASE ==> 0.0
MIG: 19:39:39 :  Invalid Param: DDR2_CLKOUT0_DIVIDE ==> 2
MIG: 19:39:39 :  Invalid Param: DDR2_CLKOUT1_DIVIDE ==> 4
MIG: 19:39:39 :  Invalid Param: DDR2_CLKOUT2_DIVIDE ==> 64
MIG: 19:39:39 :  Invalid Param: DDR2_CLKOUT3_DIVIDE ==> 16
MIG: 19:39:39 :  Invalid Param: DDR2_MMCM_VCO ==> 1200
MIG: 19:39:39 :  Invalid Param: DDR2_MMCM_MULT_F ==> 14
MIG: 19:39:39 :  Invalid Param: DDR2_MMCM_DIVCLK_DIVIDE ==> 1
MIG: 19:39:39 :  Invalid Param: DDR2_MMCM_CLKOUT0_EN ==> "TRUE"
MIG: 19:39:39 :  Invalid Param: DDR2_MMCM_CLKOUT1_EN ==> "FALSE"
MIG: 19:39:39 :  Invalid Param: DDR2_MMCM_CLKOUT2_EN ==> "FALSE"
MIG: 19:39:39 :  Invalid Param: DDR2_MMCM_CLKOUT3_EN ==> "FALSE"
MIG: 19:39:39 :  Invalid Param: DDR2_MMCM_CLKOUT4_EN ==> "FALSE"
MIG: 19:39:39 :  Invalid Param: DDR2_MMCM_CLKOUT0_DIVIDE ==> 12.000
MIG: 19:39:39 :  Invalid Param: DDR2_MMCM_CLKOUT1_DIVIDE ==> 1
MIG: 19:39:39 :  Invalid Param: DDR2_MMCM_CLKOUT2_DIVIDE ==> 1
MIG: 19:39:39 :  Invalid Param: DDR2_MMCM_CLKOUT3_DIVIDE ==> 1
MIG: 19:39:39 :  Invalid Param: DDR2_MMCM_CLKOUT4_DIVIDE ==> 1
MIG: 19:39:39 :  Invalid Param: DDR2_tCKE ==> 7500
MIG: 19:39:39 :  Invalid Param: DDR2_tFAW ==> 45000
MIG: 19:39:39 :  Invalid Param: DDR2_tPRDI ==> 1_000_000
MIG: 19:39:39 :  Invalid Param: DDR2_tRAS ==> 40000
MIG: 19:39:39 :  Invalid Param: DDR2_tRCD ==> 15000
MIG: 19:39:39 :  Invalid Param: DDR2_tREFI ==> 7800000
MIG: 19:39:39 :  Invalid Param: DDR2_tRFC ==> 127500
MIG: 19:39:39 :  Invalid Param: DDR2_tRP ==> 12500
MIG: 19:39:39 :  Invalid Param: DDR2_tRRD ==> 10000
MIG: 19:39:39 :  Invalid Param: DDR2_tRTP ==> 7500
MIG: 19:39:39 :  Invalid Param: DDR2_tWTR ==> 7500
MIG: 19:39:39 :  Invalid Param: DDR2_tZQI ==> 128_000_000
MIG: 19:39:39 :  Invalid Param: DDR2_tZQCS ==> 64
MIG: 19:39:39 :  Invalid Param: DDR2_SIM_BYPASS_INIT_CAL ==> "OFF"
MIG: 19:39:39 :  Invalid Param: DDR2_SIMULATION ==> "FALSE"
MIG: 19:39:39 :  Invalid Param: DDR2_BYTE_LANES_B0 ==> 4'b1111
MIG: 19:39:39 :  Invalid Param: DDR2_BYTE_LANES_B1 ==> 4'b0000
MIG: 19:39:39 :  Invalid Param: DDR2_BYTE_LANES_B2 ==> 4'b0000
MIG: 19:39:39 :  Invalid Param: DDR2_BYTE_LANES_B3 ==> 4'b0000
MIG: 19:39:39 :  Invalid Param: DDR2_BYTE_LANES_B4 ==> 4'b0000
MIG: 19:39:39 :  Invalid Param: DDR2_DATA_CTL_B0 ==> 4'b0101
MIG: 19:39:39 :  Invalid Param: DDR2_DATA_CTL_B1 ==> 4'b0000
MIG: 19:39:39 :  Invalid Param: DDR2_DATA_CTL_B2 ==> 4'b0000
MIG: 19:39:39 :  Invalid Param: DDR2_DATA_CTL_B3 ==> 4'b0000
MIG: 19:39:39 :  Invalid Param: DDR2_DATA_CTL_B4 ==> 4'b0000
MIG: 19:39:39 :  Invalid Param: DDR2_PHY_0_BITLANES ==> 48'hFFC_3F7_FFF_3FE
MIG: 19:39:39 :  Invalid Param: DDR2_PHY_1_BITLANES ==> 48'h000_000_000_000
MIG: 19:39:39 :  Invalid Param: DDR2_PHY_2_BITLANES ==> 48'h000_000_000_000
MIG: 19:39:39 :  Invalid Param: DDR2_CK_BYTE_MAP ==> 144'h00_00_00_00_00_00_00_00_00_00_00_00_00_00_00_00_00_03
MIG: 19:39:39 :  Invalid Param: DDR2_ADDR_MAP ==> 192'h000_000_000_010_033_01A_019_032_03A_034_018_036_012_011_017_015
MIG: 19:39:39 :  Invalid Param: DDR2_BANK_MAP ==> 36'h013_016_01B
MIG: 19:39:39 :  Invalid Param: DDR2_CAS_MAP ==> 12'h039
MIG: 19:39:39 :  Invalid Param: DDR2_CKE_ODT_BYTE_MAP ==> 8'h00
MIG: 19:39:39 :  Invalid Param: DDR2_CKE_MAP ==> 96'h000_000_000_000_000_000_000_038
MIG: 19:39:39 :  Invalid Param: DDR2_ODT_MAP ==> 96'h000_000_000_000_000_000_000_035
MIG: 19:39:39 :  Invalid Param: DDR2_CS_MAP ==> 120'h000_000_000_000_000_000_000_000_000_037
MIG: 19:39:39 :  Invalid Param: DDR2_PARITY_MAP ==> 12'h000
MIG: 19:39:39 :  Invalid Param: DDR2_RAS_MAP ==> 12'h014
MIG: 19:39:39 :  Invalid Param: DDR2_WE_MAP ==> 12'h03B
MIG: 19:39:39 :  Invalid Param: DDR2_DQS_BYTE_MAP ==> 144'h00_00_00_00_00_00_00_00_00_00_00_00_00_00_00_00_02_00
MIG: 19:39:39 :  Invalid Param: DDR2_DATA0_MAP ==> 96'h008_004_009_007_005_001_006_003
MIG: 19:39:39 :  Invalid Param: DDR2_DATA1_MAP ==> 96'h022_028_020_024_027_025_026_021
MIG: 19:39:39 :  Invalid Param: DDR2_DATA2_MAP ==> 96'h000_000_000_000_000_000_000_000
MIG: 19:39:39 :  Invalid Param: DDR2_DATA3_MAP ==> 96'h000_000_000_000_000_000_000_000
MIG: 19:39:39 :  Invalid Param: DDR2_DATA4_MAP ==> 96'h000_000_000_000_000_000_000_000
MIG: 19:39:39 :  Invalid Param: DDR2_DATA5_MAP ==> 96'h000_000_000_000_000_000_000_000
MIG: 19:39:39 :  Invalid Param: DDR2_DATA6_MAP ==> 96'h000_000_000_000_000_000_000_000
MIG: 19:39:39 :  Invalid Param: DDR2_DATA7_MAP ==> 96'h000_000_000_000_000_000_000_000
MIG: 19:39:39 :  Invalid Param: DDR2_DATA8_MAP ==> 96'h000_000_000_000_000_000_000_000
MIG: 19:39:39 :  Invalid Param: DDR2_DATA9_MAP ==> 96'h000_000_000_000_000_000_000_000
MIG: 19:39:39 :  Invalid Param: DDR2_DATA10_MAP ==> 96'h000_000_000_000_000_000_000_000
MIG: 19:39:39 :  Invalid Param: DDR2_DATA11_MAP ==> 96'h000_000_000_000_000_000_000_000
MIG: 19:39:39 :  Invalid Param: DDR2_DATA12_MAP ==> 96'h000_000_000_000_000_000_000_000
MIG: 19:39:39 :  Invalid Param: DDR2_DATA13_MAP ==> 96'h000_000_000_000_000_000_000_000
MIG: 19:39:39 :  Invalid Param: DDR2_DATA14_MAP ==> 96'h000_000_000_000_000_000_000_000
MIG: 19:39:39 :  Invalid Param: DDR2_DATA15_MAP ==> 96'h000_000_000_000_000_000_000_000
MIG: 19:39:39 :  Invalid Param: DDR2_DATA16_MAP ==> 96'h000_000_000_000_000_000_000_000
MIG: 19:39:39 :  Invalid Param: DDR2_DATA17_MAP ==> 96'h000_000_000_000_000_000_000_000
MIG: 19:39:39 :  Invalid Param: DDR2_MASK0_MAP ==> 108'h000_000_000_000_000_000_000_029_002
MIG: 19:39:39 :  Invalid Param: DDR2_MASK1_MAP ==> 108'h000_000_000_000_000_000_000_000_000
MIG: 19:39:39 :  Invalid Param: DDR2_SLOT_0_CONFIG ==> 8'b0000_0001
MIG: 19:39:39 :  Invalid Param: DDR2_SLOT_1_CONFIG ==> 8'b0000_0000
MIG: 19:39:39 :  Invalid Param: DDR2_IBUF_LPWR_MODE ==> "OFF"
MIG: 19:39:39 :  Invalid Param: DDR2_DATA_IO_IDLE_PWRDWN ==> "ON"
MIG: 19:39:39 :  Invalid Param: DDR2_BANK_TYPE ==> "HR_IO"
MIG: 19:39:39 :  Invalid Param: DDR2_DATA_IO_PRIM_TYPE ==> "HR_LP"
MIG: 19:39:39 :  Invalid Param: DDR2_CKE_ODT_AUX ==> "FALSE"
MIG: 19:39:39 :  Invalid Param: DDR2_USER_REFRESH ==> "OFF"
MIG: 19:39:39 :  Invalid Param: DDR2_WRLVL ==> "OFF"
MIG: 19:39:39 :  Invalid Param: DDR2_ORDERING ==> "NORM"
MIG: 19:39:39 :  Invalid Param: DDR2_CALIB_ROW_ADD ==> 16'h0000
MIG: 19:39:39 :  Invalid Param: DDR2_CALIB_COL_ADD ==> 12'h000
MIG: 19:39:39 :  Invalid Param: DDR2_CALIB_BA_ADD ==> 3'h0
MIG: 19:39:39 :  Invalid Param: DDR2_TCQ ==> 100
MIG: 19:39:39 :  Invalid Param: DDR2_IODELAY_GRP0 ==> "DESIGN_1_MIG_7SERIES_0_0_IODELAY_MIG0"
MIG: 19:39:39 :  Invalid Param: DDR2_SYSCLK_TYPE ==> "NO_BUFFER"
MIG: 19:39:39 :  Invalid Param: DDR2_REFCLK_TYPE ==> "USE_SYSTEM_CLOCK"
MIG: 19:39:39 :  Invalid Param: DDR2_SYS_RST_PORT ==> "FALSE"
MIG: 19:39:39 :  Invalid Param: DDR2_CMD_PIPE_PLUS1 ==> "ON"
MIG: 19:39:39 :  Invalid Param: DDR2_DRAM_TYPE ==> "DDR2"
MIG: 19:39:39 :  Invalid Param: DDR2_CAL_WIDTH ==> "HALF"
MIG: 19:39:39 :  Invalid Param: DDR2_STARVE_LIMIT ==> 2
MIG: 19:39:39 :  Invalid Param: DDR2_REFCLK_FREQ ==> 200.0
MIG: 19:39:39 :  Invalid Param: DDR2_DIFF_TERM_REFCLK ==> "TRUE"
MIG: 19:39:39 :  Invalid Param: DDR2_tCK ==> 3077
MIG: 19:39:39 : 
MIG: 19:39:39 :  Valid Param: DDR2_nCK_PER_CLK ==> 4
MIG: 19:39:39 :  Invalid Param: DDR2_DIFF_TERM_SYSCLK ==> "TRUE"
MIG: 19:39:39 : 
MIG: 19:39:39 :  Valid Param: UI_EXTRA_CLOCKS ==> TRUE
MIG: 19:39:39 : 
MIG: 19:39:39 :  Valid Param: C_S_AXI_ID_WIDTH ==> 1
MIG: 19:39:39 : 
MIG: 19:39:39 :  Valid Param: C_S_AXI_MEM_SIZE ==> 134217728
MIG: 19:39:39 : 
MIG: 19:39:39 :  Valid Param: C_S_AXI_ADDR_WIDTH ==> 32
MIG: 19:39:39 : 
MIG: 19:39:39 :  Valid Param: C_S_AXI_DATA_WIDTH ==> 64
MIG: 19:39:39 :  Invalid Param: DDR2_C_MC_nCK_PER_CLK ==> 4
MIG: 19:39:39 :  Invalid Param: C_S_AXI_SUPPORTS_NARROW_BURST ==> 0
MIG: 19:39:39 :  Invalid Param: DDR2_C_RD_WR_ARB_ALGORITHM ==> "RD_PRI_REG"
MIG: 19:39:39 :  Invalid Param: C_S_AXI_REG_EN0 ==> 20'h00000
MIG: 19:39:39 :  Invalid Param: C_S_AXI_REG_EN1 ==> 20'h00000
MIG: 19:39:39 : 
MIG: 19:39:39 :  Valid Param: C_S_AXI_CTRL_ADDR_WIDTH ==> 32
MIG: 19:39:39 : 
MIG: 19:39:39 :  Valid Param: C_S_AXI_CTRL_DATA_WIDTH ==> 32
MIG: 19:39:39 :  Invalid Param: C_S_AXI_BASEADDR ==> 32'h0000_0000
MIG: 19:39:39 :  Invalid Param: C_ECC_ONOFF_RESET_VALUE ==> 1
MIG: 19:39:39 :  Invalid Param: C_ECC_CE_COUNTER_WIDTH ==> 8
MIG: 19:39:39 : 
MIG: 19:39:39 :  Valid Param: DDR2_DEBUG_PORT ==> OFF
MIG: 19:39:39 : 
MIG: 19:39:39 :  Invalid Param: DDR2_TEMP_MON_CONTROL ==> "EXTERNAL"
MIG: 19:39:39 : 
MIG: 19:39:39 : 
MIG: 19:39:39 : 
MIG: 19:39:39 : Same Interface
MIG: 19:44:28 : Running synthesis.xit
MIG: 19:44:28 : IGN:     <ModuleName>design_1_mig_7series_0_0</ModuleName> <==>     <ModuleName>design_1_mig_7series_0_0</ModuleName> 
MIG: 19:44:28 : IGN:         <InputClkFreq>199.995</InputClkFreq> <==>         <InputClkFreq>199.995</InputClkFreq> 
MIG: 19:44:28 : Running vlog_synth_rpr.xit
MIG: 19:44:28 : IGN:     <ModuleName>design_1_mig_7series_0_0</ModuleName> <==>     <ModuleName>design_1_mig_7series_0_0</ModuleName> 
MIG: 19:44:28 : IGN:         <InputClkFreq>199.995</InputClkFreq> <==>         <InputClkFreq>199.995</InputClkFreq> 
MIG: 19:44:28 : Running simulation.xit
MIG: 19:44:28 : IGN:     <ModuleName>design_1_mig_7series_0_0</ModuleName> <==>     <ModuleName>design_1_mig_7series_0_0</ModuleName> 
MIG: 19:44:28 : IGN:         <InputClkFreq>199.995</InputClkFreq> <==>         <InputClkFreq>199.995</InputClkFreq> 
MIG: 19:44:28 : Running vlog_sim_rpr.xit .. PRASAD DBG1
MIG: 19:44:28 : IGN:     <ModuleName>design_1_mig_7series_0_0</ModuleName> <==>     <ModuleName>design_1_mig_7series_0_0</ModuleName> 
MIG: 19:44:28 : IGN:         <InputClkFreq>199.995</InputClkFreq> <==>         <InputClkFreq>199.995</InputClkFreq> 
MIG: 19:44:28 : Running implementation.xit
MIG: 19:44:29 : IGN:     <ModuleName>design_1_mig_7series_0_0</ModuleName> <==>     <ModuleName>design_1_mig_7series_0_0</ModuleName> 
MIG: 19:44:29 : IGN:         <InputClkFreq>199.995</InputClkFreq> <==>         <InputClkFreq>199.995</InputClkFreq> 
