Copyright 1986-2017 Xilinx, Inc. All Rights Reserved.
------------------------------------------------------------------------------------
| Tool Version : Vivado v.2017.2 (lin64) Build 1909853 Thu Jun 15 18:39:10 MDT 2017
| Date         : Tue Mar 20 13:10:58 2018
| Host         : ug69 running 64-bit Debian GNU/Linux 9.4 (stretch)
| Command      : upgrade_ip
| Device       : xc7a100tcsg324-1
------------------------------------------------------------------------------------

Upgrade Log for IP 'design_1_geralds_correlation_wrapper_0_0'

1. Summary
----------

SUCCESS in the conversion of design_1_geralds_correlation_wrapper_0_0 (user.org:user:geralds_correlation_wrapper:1.0 (Rev. 1)) to Vivado generation flows.






Copyright 1986-2017 Xilinx, Inc. All Rights Reserved.
------------------------------------------------------------------------------------
| Tool Version : Vivado v.2017.2 (lin64) Build 1909853 Thu Jun 15 18:39:10 MDT 2017
| Date         : Mon Mar 19 16:53:36 2018
| Host         : ug73 running 64-bit Debian GNU/Linux 9.4 (stretch)
| Command      : upgrade_ip
| Device       : xc7a100tcsg324-1
------------------------------------------------------------------------------------

Upgrade Log for IP 'design_1_geralds_correlation_wrapper_0_0'

1. Summary
----------

SUCCESS in the conversion of design_1_geralds_correlation_wrapper_0_0 (user.org:user:geralds_correlation_wrapper:1.0 (Rev. 1)) to Vivado generation flows.






Copyright 1986-2017 Xilinx, Inc. All Rights Reserved.
------------------------------------------------------------------------------------
| Tool Version : Vivado v.2017.2 (lin64) Build 1909853 Thu Jun 15 18:39:10 MDT 2017
| Date         : Mon Mar 19 16:14:57 2018
| Host         : ug73 running 64-bit Debian GNU/Linux 9.4 (stretch)
| Command      : upgrade_ip
| Device       : xc7a100tcsg324-1
------------------------------------------------------------------------------------

Upgrade Log for IP 'design_1_geralds_correlation_wrapper_0_0'

1. Summary
----------

SUCCESS in the conversion of design_1_geralds_correlation_wrapper_0_0 (user.org:user:geralds_correlation_wrapper:1.0 (Rev. 1)) to Vivado generation flows.






Copyright 1986-2017 Xilinx, Inc. All Rights Reserved.
------------------------------------------------------------------------------------
| Tool Version : Vivado v.2017.2 (lin64) Build 1909853 Thu Jun 15 18:39:10 MDT 2017
| Date         : Mon Mar 19 15:45:51 2018
| Host         : ug73 running 64-bit Debian GNU/Linux 9.4 (stretch)
| Command      : upgrade_ip
| Device       : xc7a100tcsg324-1
------------------------------------------------------------------------------------

Upgrade Log for IP 'design_1_geralds_correlation_wrapper_0_0'

1. Summary
----------

SUCCESS in the conversion of design_1_geralds_correlation_wrapper_0_0 (user.org:user:geralds_correlation_wrapper:1.0 (Rev. 1)) to Vivado generation flows.






Copyright 1986-2017 Xilinx, Inc. All Rights Reserved.
------------------------------------------------------------------------------------
| Tool Version : Vivado v.2017.2 (lin64) Build 1909853 Thu Jun 15 18:39:10 MDT 2017
| Date         : Mon Mar 19 14:54:20 2018
| Host         : ug73 running 64-bit Debian GNU/Linux 9.4 (stretch)
| Command      : upgrade_ip
| Device       : xc7a100tcsg324-1
------------------------------------------------------------------------------------

Upgrade Log for IP 'design_1_geralds_correlation_wrapper_0_0'

1. Summary
----------

SUCCESS in the conversion of design_1_geralds_correlation_wrapper_0_0 (user.org:user:geralds_correlation_wrapper:1.0 (Rev. 1)) to Vivado generation flows.






Copyright 1986-2017 Xilinx, Inc. All Rights Reserved.
------------------------------------------------------------------------------------
| Tool Version : Vivado v.2017.2 (lin64) Build 1909853 Thu Jun 15 18:39:10 MDT 2017
| Date         : Mon Mar 19 14:20:09 2018
| Host         : ug73 running 64-bit Debian GNU/Linux 9.4 (stretch)
| Command      : upgrade_ip
| Device       : xc7a100tcsg324-1
------------------------------------------------------------------------------------

Upgrade Log for IP 'design_1_geralds_correlation_wrapper_0_0'

1. Summary
----------

SUCCESS in the conversion of design_1_geralds_correlation_wrapper_0_0 (user.org:user:geralds_correlation_wrapper:1.0 (Rev. 1)) to Vivado generation flows.






Copyright 1986-2017 Xilinx, Inc. All Rights Reserved.
------------------------------------------------------------------------------------
| Tool Version : Vivado v.2017.2 (lin64) Build 1909853 Thu Jun 15 18:39:10 MDT 2017
| Date         : Mon Mar 19 13:15:22 2018
| Host         : ug73 running 64-bit Debian GNU/Linux 9.4 (stretch)
| Command      : upgrade_ip
| Device       : xc7a100tcsg324-1
------------------------------------------------------------------------------------

Upgrade Log for IP 'design_1_geralds_correlation_wrapper_0_0'

1. Summary
----------

SUCCESS in the conversion of design_1_geralds_correlation_wrapper_0_0 (user.org:user:geralds_correlation_wrapper:1.0 (Rev. 1)) to Vivado generation flows.






Copyright 1986-2017 Xilinx, Inc. All Rights Reserved.
------------------------------------------------------------------------------------
| Tool Version : Vivado v.2017.2 (lin64) Build 1909853 Thu Jun 15 18:39:10 MDT 2017
| Date         : Mon Mar 19 11:49:51 2018
| Host         : ug73 running 64-bit Debian GNU/Linux 9.4 (stretch)
| Command      : upgrade_ip
| Device       : xc7a100tcsg324-1
------------------------------------------------------------------------------------

Upgrade Log for IP 'design_1_geralds_fft_0_0'

1. Summary
----------

CAUTION (success, with warnings) in the conversion of design_1_geralds_fft_0_0 (user.org:user:geralds_fft:1.0 (Rev. 1)) to Vivado generation flows.

After upgrade, an IP may have parameter and port differences compared to the original customization. Please review the parameters within the IP customization GUI to ensure proper functionality. Also, please review the updated IP instantiation template to ensure proper connectivity, and update your design if required.

2. Interface Information
------------------------

Detected external interface differences while upgrading 'design_1_geralds_fft_0_0'.


-Upgrade has added interface 'aresetn' (xilinx.com:signal:reset:1.0)


3. Connection Warnings
----------------------

Detected external port differences while upgrading 'design_1_geralds_fft_0_0'. These changes may impact your design.


-Upgrade has removed port 'fft_valid'

-Upgrade has added port 'aresetn'







Copyright 1986-2017 Xilinx, Inc. All Rights Reserved.
------------------------------------------------------------------------------------
| Tool Version : Vivado v.2017.2 (lin64) Build 1909853 Thu Jun 15 18:39:10 MDT 2017
| Date         : Mon Mar 19 00:52:12 2018
| Host         : ug72 running 64-bit Debian GNU/Linux 9.4 (stretch)
| Command      : upgrade_ip
| Device       : xc7a100tcsg324-1
------------------------------------------------------------------------------------

Upgrade Log for IP 'design_1_geralds_correlation_wrapper_0_0'

1. Summary
----------

SUCCESS in the conversion of design_1_geralds_correlation_wrapper_0_0 (user.org:user:geralds_correlation_wrapper:1.0 (Rev. 1)) to Vivado generation flows.






Copyright 1986-2017 Xilinx, Inc. All Rights Reserved.
------------------------------------------------------------------------------------
| Tool Version : Vivado v.2017.2 (lin64) Build 1909853 Thu Jun 15 18:39:10 MDT 2017
| Date         : Mon Mar 19 00:06:15 2018
| Host         : ug72 running 64-bit Debian GNU/Linux 9.4 (stretch)
| Command      : upgrade_ip
| Device       : xc7a100tcsg324-1
------------------------------------------------------------------------------------

Upgrade Log for IP 'design_1_geralds_correlation_wrapper_0_0'

1. Summary
----------

SUCCESS in the conversion of design_1_geralds_correlation_wrapper_0_0 (user.org:user:geralds_correlation_wrapper:1.0 (Rev. 1)) to Vivado generation flows.

