
*** Running vivado
    with args -log design_1_lmb_bram_0.vds -m64 -product Vivado -mode batch -messageDb vivado.pb -notrace -source design_1_lmb_bram_0.tcl


****** Vivado v2017.2 (64-bit)
  **** SW Build 1909853 on Thu Jun 15 18:39:10 MDT 2017
  **** IP Build 1909766 on Thu Jun 15 19:58:00 MDT 2017
    ** Copyright 1986-2017 Xilinx, Inc. All Rights Reserved.

source design_1_lmb_bram_0.tcl -notrace
Starting RTL Elaboration : Time (s): cpu = 00:00:06 ; elapsed = 00:00:06 . Memory (MB): peak = 1198.566 ; gain = 72.000 ; free physical = 3298 ; free virtual = 35013
INFO: [Synth 8-638] synthesizing module 'design_1_lmb_bram_0' [/nfs/ug/homes-1/t/tramblei/vivaldo_fresh_eth_xadc_fft_dma_corr/vivaldo_fresh_eth_xadc_fft_dma_corr.srcs/sources_1/bd/design_1/ip/design_1_lmb_bram_0/synth/design_1_lmb_bram_0.vhd:78]
INFO: [Synth 8-256] done synthesizing module 'design_1_lmb_bram_0' (11#1) [/nfs/ug/homes-1/t/tramblei/vivaldo_fresh_eth_xadc_fft_dma_corr/vivaldo_fresh_eth_xadc_fft_dma_corr.srcs/sources_1/bd/design_1/ip/design_1_lmb_bram_0/synth/design_1_lmb_bram_0.vhd:78]
Finished RTL Elaboration : Time (s): cpu = 00:01:00 ; elapsed = 00:01:04 . Memory (MB): peak = 1398.965 ; gain = 272.398 ; free physical = 2226 ; free virtual = 33998
Finished RTL Optimization Phase 1 : Time (s): cpu = 00:01:00 ; elapsed = 00:01:04 . Memory (MB): peak = 1398.965 ; gain = 272.398 ; free physical = 2167 ; free virtual = 33939
INFO: [Device 21-403] Loading part xc7a100tcsg324-1
Constraint Validation Runtime : Time (s): cpu = 00:00:00.02 ; elapsed = 00:00:00.04 . Memory (MB): peak = 1570.996 ; gain = 1.000 ; free physical = 1629 ; free virtual = 33384
Finished Constraint Validation : Time (s): cpu = 00:01:11 ; elapsed = 00:01:16 . Memory (MB): peak = 1570.996 ; gain = 444.430 ; free physical = 1381 ; free virtual = 33172
Finished Loading Part and Timing Information : Time (s): cpu = 00:01:11 ; elapsed = 00:01:16 . Memory (MB): peak = 1570.996 ; gain = 444.430 ; free physical = 1384 ; free virtual = 33175
Finished applying 'set_property' XDC Constraints : Time (s): cpu = 00:01:11 ; elapsed = 00:01:16 . Memory (MB): peak = 1570.996 ; gain = 444.430 ; free physical = 1388 ; free virtual = 33180
Finished RTL Optimization Phase 2 : Time (s): cpu = 00:01:11 ; elapsed = 00:01:17 . Memory (MB): peak = 1570.996 ; gain = 444.430 ; free physical = 1349 ; free virtual = 33125
Finished Cross Boundary and Area Optimization : Time (s): cpu = 00:01:11 ; elapsed = 00:01:17 . Memory (MB): peak = 1570.996 ; gain = 444.430 ; free physical = 1315 ; free virtual = 33090
Finished Applying XDC Timing Constraints : Time (s): cpu = 00:01:19 ; elapsed = 00:01:26 . Memory (MB): peak = 1570.996 ; gain = 444.430 ; free physical = 2314 ; free virtual = 34079
Finished Timing Optimization : Time (s): cpu = 00:01:19 ; elapsed = 00:01:26 . Memory (MB): peak = 1570.996 ; gain = 444.430 ; free physical = 2313 ; free virtual = 34078
Finished Technology Mapping : Time (s): cpu = 00:01:19 ; elapsed = 00:01:26 . Memory (MB): peak = 1570.996 ; gain = 444.430 ; free physical = 2311 ; free virtual = 34076
Finished IO Insertion : Time (s): cpu = 00:01:20 ; elapsed = 00:01:26 . Memory (MB): peak = 1570.996 ; gain = 444.430 ; free physical = 2371 ; free virtual = 34126
Finished Renaming Generated Instances : Time (s): cpu = 00:01:20 ; elapsed = 00:01:26 . Memory (MB): peak = 1570.996 ; gain = 444.430 ; free physical = 2371 ; free virtual = 34126
Finished Rebuilding User Hierarchy : Time (s): cpu = 00:01:20 ; elapsed = 00:01:27 . Memory (MB): peak = 1570.996 ; gain = 444.430 ; free physical = 2370 ; free virtual = 34125
Finished Renaming Generated Ports : Time (s): cpu = 00:01:20 ; elapsed = 00:01:27 . Memory (MB): peak = 1570.996 ; gain = 444.430 ; free physical = 2370 ; free virtual = 34125
Finished Handling Custom Attributes : Time (s): cpu = 00:01:20 ; elapsed = 00:01:27 . Memory (MB): peak = 1570.996 ; gain = 444.430 ; free physical = 2370 ; free virtual = 34125
Finished Renaming Generated Nets : Time (s): cpu = 00:01:20 ; elapsed = 00:01:27 . Memory (MB): peak = 1570.996 ; gain = 444.430 ; free physical = 2370 ; free virtual = 34125

Report Cell Usage: 
+------+---------+------+
|      |Cell     |Count |
+------+---------+------+
|1     |RAMB36E1 |     8|
+------+---------+------+
Finished Writing Synthesis Report : Time (s): cpu = 00:01:20 ; elapsed = 00:01:27 . Memory (MB): peak = 1570.996 ; gain = 444.430 ; free physical = 2370 ; free virtual = 34125
synth_design: Time (s): cpu = 00:01:21 ; elapsed = 00:01:28 . Memory (MB): peak = 1570.996 ; gain = 457.012 ; free physical = 2306 ; free virtual = 34062
