
*** Running vivado
    with args -log design_1_dlmb_bram_if_cntlr_0.vds -m64 -product Vivado -mode batch -messageDb vivado.pb -notrace -source design_1_dlmb_bram_if_cntlr_0.tcl


****** Vivado v2017.2 (64-bit)
  **** SW Build 1909853 on Thu Jun 15 18:39:10 MDT 2017
  **** IP Build 1909766 on Thu Jun 15 19:58:00 MDT 2017
    ** Copyright 1986-2017 Xilinx, Inc. All Rights Reserved.

source design_1_dlmb_bram_if_cntlr_0.tcl -notrace
Starting RTL Elaboration : Time (s): cpu = 00:00:04 ; elapsed = 00:00:05 . Memory (MB): peak = 1198.570 ; gain = 72.000 ; free physical = 2769 ; free virtual = 34545
INFO: [Synth 8-638] synthesizing module 'design_1_dlmb_bram_if_cntlr_0' [/nfs/ug/homes-1/t/tramblei/vivaldo_fresh_eth_xadc_fft_dma_corr/vivaldo_fresh_eth_xadc_fft_dma_corr.srcs/sources_1/bd/design_1/ip/design_1_dlmb_bram_if_cntlr_0/synth/design_1_dlmb_bram_if_cntlr_0.vhd:84]
INFO: [Synth 8-638] synthesizing module 'lmb_bram_if_cntlr' [/nfs/ug/homes-1/t/tramblei/vivaldo_fresh_eth_xadc_fft_dma_corr/vivaldo_fresh_eth_xadc_fft_dma_corr.srcs/sources_1/bd/design_1/ipshared/51e1/hdl/lmb_bram_if_cntlr_v4_0_vh_rfs.vhd:3106]
INFO: [Synth 8-638] synthesizing module 'lmb_mux' [/nfs/ug/homes-1/t/tramblei/vivaldo_fresh_eth_xadc_fft_dma_corr/vivaldo_fresh_eth_xadc_fft_dma_corr.srcs/sources_1/bd/design_1/ipshared/51e1/hdl/lmb_bram_if_cntlr_v4_0_vh_rfs.vhd:2601]
INFO: [Synth 8-638] synthesizing module 'pselect_mask' [/nfs/ug/homes-1/t/tramblei/vivaldo_fresh_eth_xadc_fft_dma_corr/vivaldo_fresh_eth_xadc_fft_dma_corr.srcs/sources_1/bd/design_1/ipshared/51e1/hdl/lmb_bram_if_cntlr_v4_0_vh_rfs.vhd:2121]
INFO: [Synth 8-256] done synthesizing module 'pselect_mask' (1#1) [/nfs/ug/homes-1/t/tramblei/vivaldo_fresh_eth_xadc_fft_dma_corr/vivaldo_fresh_eth_xadc_fft_dma_corr.srcs/sources_1/bd/design_1/ipshared/51e1/hdl/lmb_bram_if_cntlr_v4_0_vh_rfs.vhd:2121]
INFO: [Synth 8-256] done synthesizing module 'lmb_mux' (2#1) [/nfs/ug/homes-1/t/tramblei/vivaldo_fresh_eth_xadc_fft_dma_corr/vivaldo_fresh_eth_xadc_fft_dma_corr.srcs/sources_1/bd/design_1/ipshared/51e1/hdl/lmb_bram_if_cntlr_v4_0_vh_rfs.vhd:2601]
INFO: [Synth 8-256] done synthesizing module 'lmb_bram_if_cntlr' (3#1) [/nfs/ug/homes-1/t/tramblei/vivaldo_fresh_eth_xadc_fft_dma_corr/vivaldo_fresh_eth_xadc_fft_dma_corr.srcs/sources_1/bd/design_1/ipshared/51e1/hdl/lmb_bram_if_cntlr_v4_0_vh_rfs.vhd:3106]
INFO: [Synth 8-256] done synthesizing module 'design_1_dlmb_bram_if_cntlr_0' (4#1) [/nfs/ug/homes-1/t/tramblei/vivaldo_fresh_eth_xadc_fft_dma_corr/vivaldo_fresh_eth_xadc_fft_dma_corr.srcs/sources_1/bd/design_1/ip/design_1_dlmb_bram_if_cntlr_0/synth/design_1_dlmb_bram_if_cntlr_0.vhd:84]
Finished RTL Elaboration : Time (s): cpu = 00:00:06 ; elapsed = 00:00:06 . Memory (MB): peak = 1240.070 ; gain = 113.500 ; free physical = 2719 ; free virtual = 34495
Finished RTL Optimization Phase 1 : Time (s): cpu = 00:00:06 ; elapsed = 00:00:06 . Memory (MB): peak = 1240.070 ; gain = 113.500 ; free physical = 3184 ; free virtual = 34961
INFO: [Device 21-403] Loading part xc7a100tcsg324-1
Constraint Validation Runtime : Time (s): cpu = 00:00:00.02 ; elapsed = 00:00:00.03 . Memory (MB): peak = 1549.922 ; gain = 1.000 ; free physical = 2508 ; free virtual = 34271
Finished Constraint Validation : Time (s): cpu = 00:00:16 ; elapsed = 00:00:18 . Memory (MB): peak = 1549.922 ; gain = 423.352 ; free physical = 2080 ; free virtual = 33840
Finished Loading Part and Timing Information : Time (s): cpu = 00:00:16 ; elapsed = 00:00:18 . Memory (MB): peak = 1549.922 ; gain = 423.352 ; free physical = 2080 ; free virtual = 33840
Finished applying 'set_property' XDC Constraints : Time (s): cpu = 00:00:16 ; elapsed = 00:00:18 . Memory (MB): peak = 1549.922 ; gain = 423.352 ; free physical = 2079 ; free virtual = 33838
Finished RTL Optimization Phase 2 : Time (s): cpu = 00:00:16 ; elapsed = 00:00:18 . Memory (MB): peak = 1549.922 ; gain = 423.352 ; free physical = 2048 ; free virtual = 33808
Finished Cross Boundary and Area Optimization : Time (s): cpu = 00:00:17 ; elapsed = 00:00:18 . Memory (MB): peak = 1549.922 ; gain = 423.352 ; free physical = 2012 ; free virtual = 33772
Finished Applying XDC Timing Constraints : Time (s): cpu = 00:00:24 ; elapsed = 00:00:27 . Memory (MB): peak = 1549.922 ; gain = 423.352 ; free physical = 1130 ; free virtual = 32911
Finished Timing Optimization : Time (s): cpu = 00:00:24 ; elapsed = 00:00:27 . Memory (MB): peak = 1549.922 ; gain = 423.352 ; free physical = 1129 ; free virtual = 32910
Finished Technology Mapping : Time (s): cpu = 00:00:24 ; elapsed = 00:00:27 . Memory (MB): peak = 1549.938 ; gain = 423.367 ; free physical = 1127 ; free virtual = 32908
Finished IO Insertion : Time (s): cpu = 00:00:25 ; elapsed = 00:00:28 . Memory (MB): peak = 1549.938 ; gain = 423.367 ; free physical = 1123 ; free virtual = 32903
Finished Renaming Generated Instances : Time (s): cpu = 00:00:25 ; elapsed = 00:00:28 . Memory (MB): peak = 1549.938 ; gain = 423.367 ; free physical = 1123 ; free virtual = 32903
Finished Rebuilding User Hierarchy : Time (s): cpu = 00:00:25 ; elapsed = 00:00:28 . Memory (MB): peak = 1549.938 ; gain = 423.367 ; free physical = 1122 ; free virtual = 32902
Finished Renaming Generated Ports : Time (s): cpu = 00:00:25 ; elapsed = 00:00:28 . Memory (MB): peak = 1549.938 ; gain = 423.367 ; free physical = 1122 ; free virtual = 32902
Finished Handling Custom Attributes : Time (s): cpu = 00:00:25 ; elapsed = 00:00:28 . Memory (MB): peak = 1549.938 ; gain = 423.367 ; free physical = 1121 ; free virtual = 32901
Finished Renaming Generated Nets : Time (s): cpu = 00:00:25 ; elapsed = 00:00:28 . Memory (MB): peak = 1549.938 ; gain = 423.367 ; free physical = 1121 ; free virtual = 32901

Report Cell Usage: 
+------+-----+------+
|      |Cell |Count |
+------+-----+------+
|1     |LUT2 |     2|
|2     |LUT3 |     1|
|3     |LUT4 |     4|
|4     |FDRE |     2|
+------+-----+------+
Finished Writing Synthesis Report : Time (s): cpu = 00:00:25 ; elapsed = 00:00:28 . Memory (MB): peak = 1549.938 ; gain = 423.367 ; free physical = 1120 ; free virtual = 32900
synth_design: Time (s): cpu = 00:00:26 ; elapsed = 00:00:29 . Memory (MB): peak = 1581.953 ; gain = 467.965 ; free physical = 1040 ; free virtual = 32837
