
*** Running vivado
    with args -log design_1_system_ila_0_0.vds -m64 -product Vivado -mode batch -messageDb vivado.pb -notrace -source design_1_system_ila_0_0.tcl


****** Vivado v2017.2 (64-bit)
  **** SW Build 1909853 on Thu Jun 15 18:39:10 MDT 2017
  **** IP Build 1909766 on Thu Jun 15 19:58:00 MDT 2017
    ** Copyright 1986-2017 Xilinx, Inc. All Rights Reserved.

source design_1_system_ila_0_0.tcl -notrace
Starting RTL Elaboration : Time (s): cpu = 00:00:04 ; elapsed = 00:00:05 . Memory (MB): peak = 1282.648 ; gain = 85.000 ; free physical = 2947 ; free virtual = 36606
INFO: [Synth 8-638] synthesizing module 'design_1_system_ila_0_0' [/nfs/ug/homes-1/t/tramblei/vivaldo_fresh_eth_xadc_fft_dma_corr/vivaldo_fresh_eth_xadc_fft_dma_corr.srcs/sources_1/bd/design_1/ip/design_1_system_ila_0_0/synth/design_1_system_ila_0_0.v:206]
INFO: [Synth 8-638] synthesizing module 'bd_f60c' [/nfs/ug/homes-1/t/tramblei/vivaldo_fresh_eth_xadc_fft_dma_corr/vivaldo_fresh_eth_xadc_fft_dma_corr.srcs/sources_1/bd/design_1/ip/design_1_system_ila_0_0/bd_0/hdl/bd_f60c.v:13]
INFO: [Synth 8-638] synthesizing module 'bd_f60c_ila_lib_0' [/nfs/ug/homes-1/t/tramblei/vivaldo_fresh_eth_xadc_fft_dma_corr/vivaldo_fresh_eth_xadc_fft_dma_corr.srcs/sources_1/bd/design_1/ip/design_1_system_ila_0_0/bd_0/ip/ip_0/synth/bd_f60c_ila_lib_0.v:84]
INFO: [Synth 8-638] synthesizing module 'CFGLUT5' [/cad1/Xilinx/Vivado/2017.2/scripts/rt/data/unisim_comp.v:998]
INFO: [Synth 8-256] done synthesizing module 'CFGLUT5' (12#1) [/cad1/Xilinx/Vivado/2017.2/scripts/rt/data/unisim_comp.v:998]
INFO: [Synth 8-638] synthesizing module 'CARRY4' [/cad1/Xilinx/Vivado/2017.2/scripts/rt/data/unisim_comp.v:961]
INFO: [Synth 8-256] done synthesizing module 'CARRY4' (13#1) [/cad1/Xilinx/Vivado/2017.2/scripts/rt/data/unisim_comp.v:961]
INFO: [Synth 8-638] synthesizing module 'SRLC32E' [/cad1/Xilinx/Vivado/2017.2/scripts/rt/data/unisim_comp.v:43823]
INFO: [Synth 8-256] done synthesizing module 'SRLC32E' (23#1) [/cad1/Xilinx/Vivado/2017.2/scripts/rt/data/unisim_comp.v:43823]
INFO: [Synth 8-638] synthesizing module 'SRL16E' [/cad1/Xilinx/Vivado/2017.2/scripts/rt/data/unisim_comp.v:43673]
INFO: [Synth 8-256] done synthesizing module 'SRL16E' (25#1) [/cad1/Xilinx/Vivado/2017.2/scripts/rt/data/unisim_comp.v:43673]
INFO: [Synth 8-638] synthesizing module 'SRLC16E' [/cad1/Xilinx/Vivado/2017.2/scripts/rt/data/unisim_comp.v:43762]
INFO: [Synth 8-256] done synthesizing module 'SRLC16E' (27#1) [/cad1/Xilinx/Vivado/2017.2/scripts/rt/data/unisim_comp.v:43762]
INFO: [Synth 8-638] synthesizing module 'FDRE' [/cad1/Xilinx/Vivado/2017.2/scripts/rt/data/unisim_comp.v:3964]
INFO: [Synth 8-256] done synthesizing module 'FDRE' (32#1) [/cad1/Xilinx/Vivado/2017.2/scripts/rt/data/unisim_comp.v:3964]
INFO: [Synth 8-256] done synthesizing module 'bd_f60c_ila_lib_0' (52#1) [/nfs/ug/homes-1/t/tramblei/vivaldo_fresh_eth_xadc_fft_dma_corr/vivaldo_fresh_eth_xadc_fft_dma_corr.srcs/sources_1/bd/design_1/ip/design_1_system_ila_0_0/bd_0/ip/ip_0/synth/bd_f60c_ila_lib_0.v:84]
INFO: [Synth 8-256] done synthesizing module 'bd_f60c' (53#1) [/nfs/ug/homes-1/t/tramblei/vivaldo_fresh_eth_xadc_fft_dma_corr/vivaldo_fresh_eth_xadc_fft_dma_corr.srcs/sources_1/bd/design_1/ip/design_1_system_ila_0_0/bd_0/hdl/bd_f60c.v:13]
INFO: [Synth 8-256] done synthesizing module 'design_1_system_ila_0_0' (54#1) [/nfs/ug/homes-1/t/tramblei/vivaldo_fresh_eth_xadc_fft_dma_corr/vivaldo_fresh_eth_xadc_fft_dma_corr.srcs/sources_1/bd/design_1/ip/design_1_system_ila_0_0/synth/design_1_system_ila_0_0.v:206]
Finished RTL Elaboration : Time (s): cpu = 00:00:58 ; elapsed = 00:01:00 . Memory (MB): peak = 1618.328 ; gain = 420.680 ; free physical = 2826 ; free virtual = 36484
Finished RTL Optimization Phase 1 : Time (s): cpu = 00:00:59 ; elapsed = 00:01:00 . Memory (MB): peak = 1618.328 ; gain = 420.680 ; free physical = 2880 ; free virtual = 36539
INFO: [Device 21-403] Loading part xc7a100tcsg324-1
Constraint Validation Runtime : Time (s): cpu = 00:00:00.17 ; elapsed = 00:00:00.08 . Memory (MB): peak = 1764.359 ; gain = 0.000 ; free physical = 2633 ; free virtual = 36292
Finished Constraint Validation : Time (s): cpu = 00:01:12 ; elapsed = 00:01:14 . Memory (MB): peak = 1764.359 ; gain = 566.711 ; free physical = 2734 ; free virtual = 36393
Finished Loading Part and Timing Information : Time (s): cpu = 00:01:12 ; elapsed = 00:01:14 . Memory (MB): peak = 1764.359 ; gain = 566.711 ; free physical = 2734 ; free virtual = 36393
Finished applying 'set_property' XDC Constraints : Time (s): cpu = 00:01:12 ; elapsed = 00:01:14 . Memory (MB): peak = 1764.359 ; gain = 566.711 ; free physical = 2735 ; free virtual = 36395
Finished RTL Optimization Phase 2 : Time (s): cpu = 00:01:14 ; elapsed = 00:01:17 . Memory (MB): peak = 1764.359 ; gain = 566.711 ; free physical = 2721 ; free virtual = 36381
Finished Cross Boundary and Area Optimization : Time (s): cpu = 00:01:22 ; elapsed = 00:01:26 . Memory (MB): peak = 1764.359 ; gain = 566.711 ; free physical = 2690 ; free virtual = 36350
---------------------------------------------------------------------------------
Start ROM, RAM, DSP and Shift Register Reporting
---------------------------------------------------------------------------------

Distributed RAM: Preliminary Mapping  Report (see note below)
+------------------+----------------------------------------------------+----------------+----------------------+---------------+
|Module Name       | RTL Object                                         | Inference      | Size (Depth x Width) | Primitives    | 
+------------------+----------------------------------------------------+----------------+----------------------+---------------+
|inst/ila_lib/inst | ila_core_inst/ADV_TRIG.u_adv_trig/fsm_mem_data_reg | User Attribute | 128 x 24             | RAM64M x 32   | 
+------------------+----------------------------------------------------+----------------+----------------------+---------------+

Note: The table above is a preliminary report that shows the Distributed RAMs at the current stage of the synthesis flow. Some Distributed RAMs may be reimplemented as non Distributed RAM primitives later in the synthesis flow. Multiple instantiated RAMs are reported only once.
---------------------------------------------------------------------------------
Finished ROM, RAM, DSP and Shift Register Reporting
---------------------------------------------------------------------------------
Finished Applying XDC Timing Constraints : Time (s): cpu = 00:01:27 ; elapsed = 00:01:31 . Memory (MB): peak = 1764.359 ; gain = 566.711 ; free physical = 2572 ; free virtual = 36232
Finished Timing Optimization : Time (s): cpu = 00:01:28 ; elapsed = 00:01:31 . Memory (MB): peak = 1764.359 ; gain = 566.711 ; free physical = 2569 ; free virtual = 36228
Finished Technology Mapping : Time (s): cpu = 00:01:29 ; elapsed = 00:01:33 . Memory (MB): peak = 1764.359 ; gain = 566.711 ; free physical = 2565 ; free virtual = 36224
Finished IO Insertion : Time (s): cpu = 00:01:30 ; elapsed = 00:01:34 . Memory (MB): peak = 1764.359 ; gain = 566.711 ; free physical = 2565 ; free virtual = 36224
Finished Renaming Generated Instances : Time (s): cpu = 00:01:30 ; elapsed = 00:01:34 . Memory (MB): peak = 1764.359 ; gain = 566.711 ; free physical = 2565 ; free virtual = 36224
Finished Rebuilding User Hierarchy : Time (s): cpu = 00:01:30 ; elapsed = 00:01:34 . Memory (MB): peak = 1764.359 ; gain = 566.711 ; free physical = 2564 ; free virtual = 36223
Finished Renaming Generated Ports : Time (s): cpu = 00:01:30 ; elapsed = 00:01:34 . Memory (MB): peak = 1764.359 ; gain = 566.711 ; free physical = 2564 ; free virtual = 36223
Finished Handling Custom Attributes : Time (s): cpu = 00:01:30 ; elapsed = 00:01:34 . Memory (MB): peak = 1764.359 ; gain = 566.711 ; free physical = 2563 ; free virtual = 36223
Finished Renaming Generated Nets : Time (s): cpu = 00:01:30 ; elapsed = 00:01:34 . Memory (MB): peak = 1764.359 ; gain = 566.711 ; free physical = 2563 ; free virtual = 36223

Report Cell Usage: 
+------+-----------+------+
|      |Cell       |Count |
+------+-----------+------+
|1     |CARRY4     |   121|
|2     |CFGLUT5    |   246|
|3     |LUT1       |   180|
|4     |LUT2       |    93|
|5     |LUT3       |   263|
|6     |LUT4       |   430|
|7     |LUT5       |   210|
|8     |LUT6       |  1379|
|9     |MUXF7      |   153|
|10    |MUXF8      |     5|
|11    |RAM64M     |    32|
|12    |RAMB36E1   |     7|
|13    |RAMB36E1_1 |    56|
|14    |SRL16E     |    77|
|15    |SRLC16E    |     2|
|16    |SRLC32E    |    17|
|17    |FDRE       |  3469|
|18    |FDSE       |     9|
+------+-----------+------+
Finished Writing Synthesis Report : Time (s): cpu = 00:01:30 ; elapsed = 00:01:34 . Memory (MB): peak = 1764.359 ; gain = 566.711 ; free physical = 2563 ; free virtual = 36223
synth_design: Time (s): cpu = 00:01:33 ; elapsed = 00:01:37 . Memory (MB): peak = 1773.453 ; gain = 588.387 ; free physical = 2600 ; free virtual = 36260
