20:26:41 INFO  : Registering command handlers for SDK TCF services
20:26:44 INFO  : Launching XSCT server: xsct -n -interactive /nfs/ug/homes-1/t/tramblei/vivaldo_fresh_eth_xadc_fft_dma_corr/vivaldo_fresh_eth_xadc_fft_dma_corr.sdk/temp_xsdb_launch_script.tcl
20:26:45 INFO  : XSCT server has started successfully.
20:26:56 INFO  : Successfully done setting XSCT server connection channel  
20:26:56 INFO  : Successfully done setting SDK workspace  
20:26:56 INFO  : Processing command line option -hwspec /nfs/ug/homes-1/t/tramblei/vivaldo_fresh_eth_xadc_fft_dma_corr/vivaldo_fresh_eth_xadc_fft_dma_corr.sdk/design_1_wrapper.hdf.
20:27:43 INFO  : Connected to target on host '127.0.0.1' and port '3121'.
20:28:04 INFO  : Connected to target on host '127.0.0.1' and port '3121'.
20:28:04 INFO  : 'targets -set -filter {jtag_cable_name =~ "Digilent Nexys4DDR 210292646178A" && level==0} -index 0' command is executed.
20:28:06 INFO  : FPGA configured successfully with bitstream "/nfs/ug/homes-1/t/tramblei/vivaldo_fresh_eth_xadc_fft_dma_corr/vivaldo_fresh_eth_xadc_fft_dma_corr.sdk/design_1_wrapper_hw_platform_0/download.bit"
20:33:32 INFO  : Inferring section assignments and sizes from elf file: /nfs/ug/homes-1/t/tramblei/vivaldo_fresh_eth_xadc_fft_dma_corr/vivaldo_fresh_eth_xadc_fft_dma_corr.sdk/eth_with_dma_fft_xadc/Debug/eth_with_dma_fft_xadc.elf
20:33:43 INFO  : Successfully generated /nfs/ug/homes-1/t/tramblei/vivaldo_fresh_eth_xadc_fft_dma_corr/vivaldo_fresh_eth_xadc_fft_dma_corr.sdk/eth_with_dma_fft_xadc/src/lscript.ld.
20:33:43 INFO  : Applying linker script to all configurations of project eth_with_dma_fft_xadc.
20:33:43 INFO  : Setting rebuild state to true for all configurations of project eth_with_dma_fft_xadc.
20:35:02 INFO  : Connected to target on host '127.0.0.1' and port '3121'.
20:35:02 INFO  : 'targets -set -filter {jtag_cable_name =~ "Digilent Nexys4DDR 210292646178A" && level==0} -index 0' command is executed.
20:35:04 INFO  : FPGA configured successfully with bitstream "/nfs/ug/homes-1/t/tramblei/vivaldo_fresh_eth_xadc_fft_dma_corr/vivaldo_fresh_eth_xadc_fft_dma_corr.sdk/design_1_wrapper_hw_platform_0/download.bit"
20:35:48 INFO  : Processor reset is completed for microblaze_0
20:35:59 INFO  : microblaze_0 Processor is in use. Please stop existing Run or Debug sessions before launching.
20:36:00 INFO  : Processor reset is completed for microblaze_0
20:37:55 INFO  : Processor reset is completed for microblaze_0
20:39:01 INFO  : microblaze_0 Processor is in use. Please stop existing Run or Debug sessions before launching.
20:39:02 INFO  : Processor reset is completed for microblaze_0
21:02:30 INFO  : SDK has detected change in the last modified timestamps for source hardware specification file Source:1521334130000,  Project:1521332056000
21:02:30 INFO  : Project design_1_wrapper_hw_platform_0's source hardware specification located at /nfs/ug/homes-1/t/tramblei/vivaldo_fresh_eth_xadc_fft_dma_corr/vivaldo_fresh_eth_xadc_fft_dma_corr.sdk/design_1_wrapper.hdf is now different from the local copy.
		 The local copy will be replaced with the source specification and your workspace will be updated.
21:02:33 INFO  : Project design_1_wrapper_hw_platform_0's source hardware specification location will not be monitored anymore.
21:02:39 ERROR : Unexpected error while parsing XMD response ?: com.google.gson.JsonSyntaxException: com.google.gson.stream.MalformedJsonException: invalid number or unquoted string near 
21:02:51 INFO  : Registering command handlers for SDK TCF services
21:02:51 INFO  : Launching XSCT server: xsct -n -interactive /nfs/ug/homes-1/t/tramblei/vivaldo_fresh_eth_xadc_fft_dma_corr/vivaldo_fresh_eth_xadc_fft_dma_corr.sdk/temp_xsdb_launch_script.tcl
21:02:52 INFO  : XSCT server has started successfully.
21:02:52 INFO  : Successfully done setting XSCT server connection channel  
21:03:07 INFO  : Successfully done setting SDK workspace  
21:03:07 INFO  : Processing command line option -hwspec /nfs/ug/homes-1/t/tramblei/vivaldo_fresh_eth_xadc_fft_dma_corr/vivaldo_fresh_eth_xadc_fft_dma_corr.sdk/design_1_wrapper.hdf.
21:03:17 INFO  : Connected to target on host '127.0.0.1' and port '3121'.
21:03:29 INFO  : Connected to target on host '127.0.0.1' and port '3121'.
21:03:29 INFO  : 'targets -set -filter {jtag_cable_name =~ "Digilent Nexys4DDR 210292646178A" && level==0} -index 0' command is executed.
21:03:31 INFO  : FPGA configured successfully with bitstream "/nfs/ug/homes-1/t/tramblei/vivaldo_fresh_eth_xadc_fft_dma_corr/vivaldo_fresh_eth_xadc_fft_dma_corr.sdk/design_1_wrapper_hw_platform_1/download.bit"
21:03:40 INFO  : Processor reset is completed for microblaze_0
21:04:33 INFO  : microblaze_0 Processor is in use. Please stop existing Run or Debug sessions before launching.
21:04:35 INFO  : Processor reset is completed for microblaze_0
21:21:01 ERROR : Unexpected error while parsing XMD response ?: com.google.gson.JsonSyntaxException: com.google.gson.stream.MalformedJsonException: invalid number or unquoted string near 
21:22:11 INFO  : Registering command handlers for SDK TCF services
21:22:11 INFO  : Launching XSCT server: xsct -n -interactive /nfs/ug/homes-1/t/tramblei/vivaldo_fresh_eth_xadc_fft_dma_corr/vivaldo_fresh_eth_xadc_fft_dma_corr.sdk/temp_xsdb_launch_script.tcl
21:22:12 INFO  : XSCT server has started successfully.
21:22:21 INFO  : Successfully done setting XSCT server connection channel  
21:22:21 INFO  : Successfully done setting SDK workspace  
21:22:21 INFO  : Processing command line option -hwspec /nfs/ug/homes-1/t/tramblei/vivaldo_fresh_eth_xadc_fft_dma_corr/vivaldo_fresh_eth_xadc_fft_dma_corr.sdk/design_1_wrapper.hdf.
21:22:21 INFO  : Checking for hwspec changes in the project design_1_wrapper_hw_platform_1.
21:22:21 INFO  : SDK has detected change in the last modified timestamps for source hardware specification file Source:1521336053000,  Project:1521334130000
21:22:21 INFO  : The hardware specification for project 'design_1_wrapper_hw_platform_1' is different from /nfs/ug/homes-1/t/tramblei/vivaldo_fresh_eth_xadc_fft_dma_corr/vivaldo_fresh_eth_xadc_fft_dma_corr.sdk/design_1_wrapper.hdf.
21:22:21 INFO  : Copied contents of /nfs/ug/homes-1/t/tramblei/vivaldo_fresh_eth_xadc_fft_dma_corr/vivaldo_fresh_eth_xadc_fft_dma_corr.sdk/design_1_wrapper.hdf into /design_1_wrapper_hw_platform_1/system.hdf.
21:22:21 INFO  : Synchronizing projects in the workspace with the hardware platform specification changes.
21:22:21 INFO  : Clearing existing target manager status.
21:22:24 INFO  : Workspace synchronized with the new hardware specification file. Cleaning dependent projects...
21:22:24 WARN  : Linker script will not be updated automatically. Users need to update it manually.
21:22:53 INFO  : Connected to target on host '127.0.0.1' and port '3121'.
21:22:53 INFO  : 'targets -set -filter {jtag_cable_name =~ "Digilent Nexys4DDR 210292646178A" && level==0} -index 0' command is executed.
21:22:55 INFO  : FPGA configured successfully with bitstream "/nfs/ug/homes-1/t/tramblei/vivaldo_fresh_eth_xadc_fft_dma_corr/vivaldo_fresh_eth_xadc_fft_dma_corr.sdk/design_1_wrapper_hw_platform_1/download.bit"
21:23:17 INFO  : Processor reset is completed for microblaze_0
21:27:03 INFO  : Processor reset is completed for microblaze_0
21:29:24 INFO  : microblaze_0 Processor is in use. Please stop existing Run or Debug sessions before launching.
21:29:28 INFO  : Processor reset is completed for microblaze_0
21:32:15 INFO  : microblaze_0 Processor is in use. Please stop existing Run or Debug sessions before launching.
21:32:16 INFO  : Processor reset is completed for microblaze_0
21:33:00 ERROR : Unexpected error while parsing XMD response ?: com.google.gson.JsonSyntaxException: com.google.gson.stream.MalformedJsonException: invalid number or unquoted string near 
21:49:20 INFO  : Launching XSCT server: xsct -n -interactive /nfs/ug/homes-1/t/tramblei/vivaldo_fresh_eth_xadc_fft_dma_corr/vivaldo_fresh_eth_xadc_fft_dma_corr.sdk/temp_xsdb_launch_script.tcl
21:49:21 INFO  : XSCT server has started successfully.
21:49:21 INFO  : Successfully done setting XSCT server connection channel  
21:49:21 INFO  : Successfully done setting SDK workspace  
21:49:22 INFO  : Registering command handlers for SDK TCF services
21:49:31 INFO  : Processing command line option -hwspec /nfs/ug/homes-1/t/tramblei/vivaldo_fresh_eth_xadc_fft_dma_corr/vivaldo_fresh_eth_xadc_fft_dma_corr.sdk/design_1_wrapper.hdf.
21:49:31 INFO  : Checking for hwspec changes in the project design_1_wrapper_hw_platform_1.
21:49:31 INFO  : SDK has detected change in the last modified timestamps for source hardware specification file Source:1521337715000,  Project:1521336053000
21:49:31 INFO  : The hardware specification for project 'design_1_wrapper_hw_platform_1' is different from /nfs/ug/homes-1/t/tramblei/vivaldo_fresh_eth_xadc_fft_dma_corr/vivaldo_fresh_eth_xadc_fft_dma_corr.sdk/design_1_wrapper.hdf.
21:49:32 INFO  : Copied contents of /nfs/ug/homes-1/t/tramblei/vivaldo_fresh_eth_xadc_fft_dma_corr/vivaldo_fresh_eth_xadc_fft_dma_corr.sdk/design_1_wrapper.hdf into /design_1_wrapper_hw_platform_1/system.hdf.
21:49:33 INFO  : Synchronizing projects in the workspace with the hardware platform specification changes.
21:49:33 INFO  : Clearing existing target manager status.
21:49:36 INFO  : Workspace synchronized with the new hardware specification file. Cleaning dependent projects...
21:49:36 WARN  : Linker script will not be updated automatically. Users need to update it manually.
21:50:14 INFO  : Connected to target on host '127.0.0.1' and port '3121'.
21:50:15 INFO  : 'targets -set -filter {jtag_cable_name =~ "Digilent Nexys4DDR 210292646178A" && level==0} -index 0' command is executed.
21:50:17 INFO  : FPGA configured successfully with bitstream "/nfs/ug/homes-1/t/tramblei/vivaldo_fresh_eth_xadc_fft_dma_corr/vivaldo_fresh_eth_xadc_fft_dma_corr.sdk/design_1_wrapper_hw_platform_1/download.bit"
21:50:32 INFO  : Processor reset is completed for microblaze_0
21:51:19 INFO  : microblaze_0 Processor is in use. Please stop existing Run or Debug sessions before launching.
21:52:24 INFO  : microblaze_0 Processor is in use. Please stop existing Run or Debug sessions before launching.
21:52:37 INFO  : Processor reset is completed for microblaze_0
21:53:59 INFO  : Processor reset is completed for microblaze_0
21:54:31 INFO  : microblaze_0 Processor is in use. Please stop existing Run or Debug sessions before launching.
21:54:32 INFO  : Processor reset is completed for microblaze_0
21:54:45 INFO  : Processor reset is completed for microblaze_0
21:55:41 INFO  : Processor reset is completed for microblaze_0
22:15:59 INFO  : Processor reset is completed for microblaze_0
22:17:03 INFO  : Connected to target on host '127.0.0.1' and port '3121'.
22:17:03 INFO  : 'targets -set -filter {jtag_cable_name =~ "Digilent Nexys4DDR 210292646178A" && level==0} -index 0' command is executed.
22:17:06 INFO  : FPGA configured successfully with bitstream "/nfs/ug/homes-1/t/tramblei/vivaldo_fresh_eth_xadc_fft_dma_corr/vivaldo_fresh_eth_xadc_fft_dma_corr.sdk/design_1_wrapper_hw_platform_1/download.bit"
22:17:12 INFO  : microblaze_0 Processor is in use. Please stop existing Run or Debug sessions before launching.
22:17:23 INFO  : microblaze_0 Processor is in use. Please stop existing Run or Debug sessions before launching.
22:17:25 INFO  : Processor reset is completed for microblaze_0
22:19:16 INFO  : microblaze_0 Processor is in use. Please stop existing Run or Debug sessions before launching.
22:19:22 INFO  : Processor reset is completed for microblaze_0
22:20:13 INFO  : Inferring section assignments and sizes from elf file: /nfs/ug/homes-1/t/tramblei/vivaldo_fresh_eth_xadc_fft_dma_corr/vivaldo_fresh_eth_xadc_fft_dma_corr.sdk/eth_with_dma_fft_xadc/Debug/eth_with_dma_fft_xadc.elf
22:20:26 INFO  : Successfully generated /nfs/ug/homes-1/t/tramblei/vivaldo_fresh_eth_xadc_fft_dma_corr/vivaldo_fresh_eth_xadc_fft_dma_corr.sdk/eth_with_dma_fft_xadc/src/lscript.ld.
22:20:26 INFO  : Applying linker script to all configurations of project eth_with_dma_fft_xadc.
22:20:26 INFO  : Setting rebuild state to true for all configurations of project eth_with_dma_fft_xadc.
22:20:35 INFO  : microblaze_0 Processor is in use. Please stop existing Run or Debug sessions before launching.
22:20:36 INFO  : Processor reset is completed for microblaze_0
22:23:53 INFO  : microblaze_0 Processor is in use. Please stop existing Run or Debug sessions before launching.
22:23:56 INFO  : Processor reset is completed for microblaze_0
22:24:19 INFO  : microblaze_0 Processor is in use. Please stop existing Run or Debug sessions before launching.
22:24:21 INFO  : Processor reset is completed for microblaze_0
22:25:11 INFO  : microblaze_0 Processor is in use. Please stop existing Run or Debug sessions before launching.
22:25:12 INFO  : Processor reset is completed for microblaze_0
22:26:23 INFO  : microblaze_0 Processor is in use. Please stop existing Run or Debug sessions before launching.
22:26:25 INFO  : Processor reset is completed for microblaze_0
22:28:12 INFO  : Connected to target on host '127.0.0.1' and port '3121'.
22:28:12 INFO  : 'targets -set -filter {jtag_cable_name =~ "Digilent Nexys4DDR 210292646178A" && level==0} -index 0' command is executed.
22:28:17 INFO  : FPGA configured successfully with bitstream "/nfs/ug/homes-1/t/tramblei/vivaldo_fresh_eth_xadc_fft_dma_corr/vivaldo_fresh_eth_xadc_fft_dma_corr.sdk/design_1_wrapper_hw_platform_1/download.bit"
22:28:34 INFO  : microblaze_0 Processor is in use. Please stop existing Run or Debug sessions before launching.
22:28:35 INFO  : Processor reset is completed for microblaze_0
22:28:46 INFO  : microblaze_0 Processor is in use. Please stop existing Run or Debug sessions before launching.
22:28:48 INFO  : Processor reset is completed for microblaze_0
22:29:09 INFO  : Connected to target on host '127.0.0.1' and port '3121'.
22:29:09 INFO  : 'targets -set -filter {jtag_cable_name =~ "Digilent Nexys4DDR 210292646178A" && level==0} -index 0' command is executed.
22:29:14 INFO  : FPGA configured successfully with bitstream "/nfs/ug/homes-1/t/tramblei/vivaldo_fresh_eth_xadc_fft_dma_corr/vivaldo_fresh_eth_xadc_fft_dma_corr.sdk/design_1_wrapper_hw_platform_1/download.bit"
22:29:20 INFO  : microblaze_0 Processor is in use. Please stop existing Run or Debug sessions before launching.
22:29:21 INFO  : Processor reset is completed for microblaze_0
22:29:36 INFO  : microblaze_0 Processor is in use. Please stop existing Run or Debug sessions before launching.
22:29:49 INFO  : Processor reset is completed for microblaze_0
22:30:39 INFO  : Connected to target on host '127.0.0.1' and port '3121'.
22:30:39 INFO  : 'targets -set -filter {jtag_cable_name =~ "Digilent Nexys4DDR 210292646178A" && level==0} -index 0' command is executed.
22:30:44 INFO  : FPGA configured successfully with bitstream "/nfs/ug/homes-1/t/tramblei/vivaldo_fresh_eth_xadc_fft_dma_corr/vivaldo_fresh_eth_xadc_fft_dma_corr.sdk/design_1_wrapper_hw_platform_1/download.bit"
22:30:55 INFO  : Processor reset is completed for microblaze_0
22:32:06 INFO  : microblaze_0 Processor is in use. Please stop existing Run or Debug sessions before launching.
22:32:14 INFO  : Processor reset is completed for microblaze_0
22:32:15 ERROR : Unexpected error while launching program.
java.lang.RuntimeException: Cannot perform the Debug Command

    Failed to lock the JTAG Cable for exclusive access


	at com.xilinx.sdk.targetmanager.internal.TM.setBreakPoint(TM.java:730)
	at com.xilinx.sdk.debug.core.internal.AppRunner.run(AppRunner.java:140)
	at com.xilinx.sdk.debug.core.XilinxAppLaunchConfigurationDelegate.runApplication(XilinxAppLaunchConfigurationDelegate.java:637)
	at com.xilinx.sdk.debug.core.XilinxAppLaunchConfigurationDelegate.launch(XilinxAppLaunchConfigurationDelegate.java:309)
	at com.xilinx.sdk.debug.ui.XilinxAppLaunchDelegateWrapper.launch(XilinxAppLaunchDelegateWrapper.java:31)
	at org.eclipse.debug.internal.core.LaunchConfiguration.launch(LaunchConfiguration.java:885)
	at org.eclipse.debug.internal.core.LaunchConfiguration.launch(LaunchConfiguration.java:739)
	at org.eclipse.debug.internal.ui.DebugUIPlugin.buildAndLaunch(DebugUIPlugin.java:1039)
	at org.eclipse.debug.internal.ui.DebugUIPlugin$8.run(DebugUIPlugin.java:1256)
	at org.eclipse.core.internal.jobs.Worker.run(Worker.java:55)
22:32:33 ERROR : Unexpected error while parsing XMD response ?: com.google.gson.JsonSyntaxException: com.google.gson.stream.MalformedJsonException: invalid number or unquoted string near 
22:32:46 INFO  : Registering command handlers for SDK TCF services
22:32:46 INFO  : Launching XSCT server: xsct -n -interactive /nfs/ug/homes-1/t/tramblei/vivaldo_fresh_eth_xadc_fft_dma_corr/vivaldo_fresh_eth_xadc_fft_dma_corr.sdk/temp_xsdb_launch_script.tcl
22:32:48 INFO  : XSCT server has started successfully.
22:32:48 INFO  : Successfully done setting XSCT server connection channel  
22:33:02 INFO  : Successfully done setting SDK workspace  
22:33:02 INFO  : Processing command line option -hwspec /nfs/ug/homes-1/t/tramblei/vivaldo_fresh_eth_xadc_fft_dma_corr/vivaldo_fresh_eth_xadc_fft_dma_corr.sdk/design_1_wrapper.hdf.
22:33:02 INFO  : Checking for hwspec changes in the project design_1_wrapper_hw_platform_1.
22:33:30 INFO  : Processor reset is completed for microblaze_0
22:51:47 INFO  : Processor reset is completed for microblaze_0
22:52:47 INFO  : microblaze_0 Processor is in use. Please stop existing Run or Debug sessions before launching.
22:52:48 INFO  : Processor reset is completed for microblaze_0
22:53:20 ERROR : Unexpected error while parsing XMD response ?: com.google.gson.JsonSyntaxException: com.google.gson.stream.MalformedJsonException: invalid number or unquoted string near 
22:54:14 INFO  : Registering command handlers for SDK TCF services
22:54:15 INFO  : Launching XSCT server: xsct -n -interactive /nfs/ug/homes-1/t/tramblei/vivaldo_fresh_eth_xadc_fft_dma_corr/vivaldo_fresh_eth_xadc_fft_dma_corr.sdk/temp_xsdb_launch_script.tcl
22:54:18 INFO  : XSCT server has started successfully.
22:54:48 INFO  : Successfully done setting XSCT server connection channel  
22:54:48 INFO  : Processing command line option -hwspec /nfs/ug/homes-1/t/tramblei/vivaldo_fresh_eth_xadc_fft_dma_corr/vivaldo_fresh_eth_xadc_fft_dma_corr.sdk/design_1_wrapper.hdf.
22:54:48 INFO  : Checking for hwspec changes in the project design_1_wrapper_hw_platform_1.
22:54:48 INFO  : Successfully done setting SDK workspace  
22:54:49 INFO  : SDK has detected change in the last modified timestamps for source hardware specification file Source:1521341416000,  Project:1521337715000
22:54:49 INFO  : The hardware specification for project 'design_1_wrapper_hw_platform_1' is different from /nfs/ug/homes-1/t/tramblei/vivaldo_fresh_eth_xadc_fft_dma_corr/vivaldo_fresh_eth_xadc_fft_dma_corr.sdk/design_1_wrapper.hdf.
22:54:50 INFO  : Copied contents of /nfs/ug/homes-1/t/tramblei/vivaldo_fresh_eth_xadc_fft_dma_corr/vivaldo_fresh_eth_xadc_fft_dma_corr.sdk/design_1_wrapper.hdf into /design_1_wrapper_hw_platform_1/system.hdf.
22:54:50 INFO  : Processor reset is completed for microblaze_0
22:54:52 INFO  : Synchronizing projects in the workspace with the hardware platform specification changes.
22:54:54 INFO  : Clearing existing target manager status.
22:54:54 INFO  : Workspace synchronized with the new hardware specification file. Cleaning dependent projects...
22:54:54 WARN  : Linker script will not be updated automatically. Users need to update it manually.
22:56:47 INFO  : Processor reset is completed for microblaze_0
22:58:01 INFO  : Processor reset is completed for microblaze_0
22:59:54 INFO  : Processor reset is completed for microblaze_0
23:00:19 INFO  : Processor reset is completed for microblaze_0
23:02:17 INFO  : Processor reset is completed for microblaze_0
23:02:46 INFO  : Processor reset is completed for microblaze_0
23:03:19 INFO  : Processor reset is completed for microblaze_0
23:04:03 INFO  : Processor reset is completed for microblaze_0
23:07:18 INFO  : microblaze_0 Processor is in use. Please stop existing Run or Debug sessions before launching.
23:07:20 INFO  : Processor reset is completed for microblaze_0
23:07:53 INFO  : Processor reset is completed for microblaze_0
23:17:26 INFO  : Processor reset is completed for microblaze_0
23:17:45 INFO  : Processor reset is completed for microblaze_0
23:18:19 INFO  : Processor reset is completed for microblaze_0
23:18:39 INFO  : Processor reset is completed for microblaze_0
23:21:20 INFO  : Processor reset is completed for microblaze_0
23:24:53 INFO  : Processor reset is completed for microblaze_0
23:29:52 INFO  : Processor reset is completed for microblaze_0
23:30:56 INFO  : microblaze_0 Processor is in use. Please stop existing Run or Debug sessions before launching.
23:30:58 INFO  : Processor reset is completed for microblaze_0
23:32:24 INFO  : microblaze_0 Processor is in use. Please stop existing Run or Debug sessions before launching.
23:32:25 INFO  : Processor reset is completed for microblaze_0
23:32:59 INFO  : microblaze_0 Processor is in use. Please stop existing Run or Debug sessions before launching.
23:33:03 INFO  : Processor reset is completed for microblaze_0
23:33:33 INFO  : Inferring section assignments and sizes from elf file: /nfs/ug/homes-1/t/tramblei/vivaldo_fresh_eth_xadc_fft_dma_corr/vivaldo_fresh_eth_xadc_fft_dma_corr.sdk/eth_with_dma_fft_xadc/Debug/eth_with_dma_fft_xadc.elf
23:33:43 INFO  : Successfully generated /nfs/ug/homes-1/t/tramblei/vivaldo_fresh_eth_xadc_fft_dma_corr/vivaldo_fresh_eth_xadc_fft_dma_corr.sdk/eth_with_dma_fft_xadc/src/lscript.ld.
23:33:43 INFO  : Applying linker script to all configurations of project eth_with_dma_fft_xadc.
23:33:43 INFO  : Setting rebuild state to true for all configurations of project eth_with_dma_fft_xadc.
23:33:48 INFO  : microblaze_0 Processor is in use. Please stop existing Run or Debug sessions before launching.
23:33:49 INFO  : Processor reset is completed for microblaze_0
23:43:24 ERROR : Unexpected error while parsing XMD response ?: com.google.gson.JsonSyntaxException: com.google.gson.stream.MalformedJsonException: invalid number or unquoted string near 
18:15:15 INFO  : Registering command handlers for SDK TCF services
18:15:16 INFO  : Launching XSCT server: xsct -n -interactive /nfs/ug/homes-1/t/tramblei/vivaldo_fresh_eth_xadc_fft_dma_corr/vivaldo_fresh_eth_xadc_fft_dma_corr.sdk/temp_xsdb_launch_script.tcl
18:15:20 INFO  : XSCT server has started successfully.
18:15:34 INFO  : Successfully done setting XSCT server connection channel  
18:15:34 INFO  : Successfully done setting SDK workspace  
18:15:34 INFO  : Processing command line option -hwspec /nfs/ug/homes-1/t/tramblei/vivaldo_fresh_eth_xadc_fft_dma_corr/vivaldo_fresh_eth_xadc_fft_dma_corr.sdk/design_1_wrapper.hdf.
18:15:34 INFO  : Checking for hwspec changes in the project design_1_wrapper_hw_platform_1.
18:15:35 INFO  : SDK has detected change in the last modified timestamps for source hardware specification file Source:1521405794000,  Project:1521341416000
18:15:35 INFO  : The hardware specification for project 'design_1_wrapper_hw_platform_1' is different from /nfs/ug/homes-1/t/tramblei/vivaldo_fresh_eth_xadc_fft_dma_corr/vivaldo_fresh_eth_xadc_fft_dma_corr.sdk/design_1_wrapper.hdf.
18:15:35 INFO  : Copied contents of /nfs/ug/homes-1/t/tramblei/vivaldo_fresh_eth_xadc_fft_dma_corr/vivaldo_fresh_eth_xadc_fft_dma_corr.sdk/design_1_wrapper.hdf into /design_1_wrapper_hw_platform_1/system.hdf.
18:15:38 INFO  : Synchronizing projects in the workspace with the hardware platform specification changes.
18:15:38 INFO  : Clearing existing target manager status.
18:15:40 INFO  : Workspace synchronized with the new hardware specification file. Cleaning dependent projects...
18:15:40 WARN  : Linker script will not be updated automatically. Users need to update it manually.
18:17:05 INFO  : Connected to target on host '127.0.0.1' and port '3121'.
18:17:05 INFO  : Device 'Digilent Nexys4DDR 210292646178A/1-xc7a100t' not found in the selected target configuration 'Local'
18:17:18 INFO  : Connected to target on host '127.0.0.1' and port '3121'.
18:17:18 INFO  : 'targets -set -filter {jtag_cable_name =~ "Digilent Nexys4DDR 210292646034A" && level==0} -index 0' command is executed.
18:17:20 INFO  : FPGA configured successfully with bitstream "/nfs/ug/homes-1/t/tramblei/vivaldo_fresh_eth_xadc_fft_dma_corr/vivaldo_fresh_eth_xadc_fft_dma_corr.sdk/design_1_wrapper_hw_platform_1/download.bit"
18:17:55 INFO  : Processor reset is completed for microblaze_0
18:19:09 INFO  : microblaze_0 Processor is in use. Please stop existing Run or Debug sessions before launching.
18:19:13 INFO  : Processor reset is completed for microblaze_0
19:11:45 ERROR : Unexpected error while parsing XMD response ?: com.google.gson.JsonSyntaxException: com.google.gson.stream.MalformedJsonException: invalid number or unquoted string near 
19:12:08 INFO  : Registering command handlers for SDK TCF services
19:12:09 INFO  : Launching XSCT server: xsct -n -interactive /nfs/ug/homes-1/t/tramblei/vivaldo_fresh_eth_xadc_fft_dma_corr/vivaldo_fresh_eth_xadc_fft_dma_corr.sdk/temp_xsdb_launch_script.tcl
19:12:10 INFO  : XSCT server has started successfully.
19:12:10 INFO  : Successfully done setting XSCT server connection channel  
19:12:22 INFO  : Successfully done setting SDK workspace  
19:12:22 INFO  : Processing command line option -hwspec /nfs/ug/homes-1/t/tramblei/vivaldo_fresh_eth_xadc_fft_dma_corr/vivaldo_fresh_eth_xadc_fft_dma_corr.sdk/design_1_wrapper.hdf.
19:12:22 INFO  : Checking for hwspec changes in the project design_1_wrapper_hw_platform_1.
19:35:40 INFO  : Registering command handlers for SDK TCF services
19:35:40 INFO  : Launching XSCT server: xsct -n -interactive /nfs/ug/homes-1/t/tramblei/vivaldo_fresh_eth_xadc_fft_dma_corr/vivaldo_fresh_eth_xadc_fft_dma_corr.sdk/temp_xsdb_launch_script.tcl
19:35:41 INFO  : XSCT server has started successfully.
19:35:41 INFO  : Successfully done setting XSCT server connection channel  
19:35:52 INFO  : Successfully done setting SDK workspace  
19:35:52 INFO  : Processing command line option -hwspec /nfs/ug/homes-1/t/tramblei/vivaldo_fresh_eth_xadc_fft_dma_corr/vivaldo_fresh_eth_xadc_fft_dma_corr.sdk/design_1_wrapper.hdf.
19:35:52 INFO  : Checking for hwspec changes in the project design_1_wrapper_hw_platform_1.
19:35:53 INFO  : SDK has detected change in the last modified timestamps for source hardware specification file Source:1521416048000,  Project:1521405794000
19:35:53 INFO  : The hardware specification for project 'design_1_wrapper_hw_platform_1' is different from /nfs/ug/homes-1/t/tramblei/vivaldo_fresh_eth_xadc_fft_dma_corr/vivaldo_fresh_eth_xadc_fft_dma_corr.sdk/design_1_wrapper.hdf.
19:35:53 INFO  : Copied contents of /nfs/ug/homes-1/t/tramblei/vivaldo_fresh_eth_xadc_fft_dma_corr/vivaldo_fresh_eth_xadc_fft_dma_corr.sdk/design_1_wrapper.hdf into /design_1_wrapper_hw_platform_1/system.hdf.
19:35:55 INFO  : Synchronizing projects in the workspace with the hardware platform specification changes.
19:35:55 INFO  : Clearing existing target manager status.
19:35:58 INFO  : Workspace synchronized with the new hardware specification file. Cleaning dependent projects...
19:35:58 WARN  : Linker script will not be updated automatically. Users need to update it manually.
19:38:41 INFO  : Connected to target on host '127.0.0.1' and port '3121'.
19:38:41 INFO  : 'targets -set -filter {jtag_cable_name =~ "Digilent Nexys4DDR 210292646034A" && level==0} -index 0' command is executed.
19:38:44 INFO  : FPGA configured successfully with bitstream "/nfs/ug/homes-1/t/tramblei/vivaldo_fresh_eth_xadc_fft_dma_corr/vivaldo_fresh_eth_xadc_fft_dma_corr.sdk/design_1_wrapper_hw_platform_1/download.bit"
19:39:25 INFO  : Processor reset is completed for microblaze_0
19:40:04 INFO  : microblaze_0 Processor is in use. Please stop existing Run or Debug sessions before launching.
19:40:05 INFO  : Processor reset is completed for microblaze_0
19:44:13 INFO  : microblaze_0 Processor is in use. Please stop existing Run or Debug sessions before launching.
19:45:42 INFO  : microblaze_0 Processor is in use. Please stop existing Run or Debug sessions before launching.
19:45:43 INFO  : Processor reset is completed for microblaze_0
19:51:35 INFO  : microblaze_0 Processor is in use. Please stop existing Run or Debug sessions before launching.
19:51:36 INFO  : Processor reset is completed for microblaze_0
19:56:31 INFO  : microblaze_0 Processor is in use. Please stop existing Run or Debug sessions before launching.
19:56:32 INFO  : Processor reset is completed for microblaze_0
19:56:50 INFO  : microblaze_0 Processor is in use. Please stop existing Run or Debug sessions before launching.
19:56:51 INFO  : Processor reset is completed for microblaze_0
20:03:01 INFO  : Connected to target on host '127.0.0.1' and port '3121'.
20:03:01 INFO  : 'targets -set -filter {jtag_cable_name =~ "Digilent Nexys4DDR 210292646034A" && level==0} -index 0' command is executed.
20:03:04 INFO  : FPGA configured successfully with bitstream "/nfs/ug/homes-1/t/tramblei/vivaldo_fresh_eth_xadc_fft_dma_corr/vivaldo_fresh_eth_xadc_fft_dma_corr.sdk/design_1_wrapper_hw_platform_1/download.bit"
20:03:07 INFO  : microblaze_0 Processor is in use. Please stop existing Run or Debug sessions before launching.
20:03:08 INFO  : Processor reset is completed for microblaze_0
20:07:33 INFO  : microblaze_0 Processor is in use. Please stop existing Run or Debug sessions before launching.
20:07:34 INFO  : Processor reset is completed for microblaze_0
20:09:29 INFO  : microblaze_0 Processor is in use. Please stop existing Run or Debug sessions before launching.
20:09:30 INFO  : Processor reset is completed for microblaze_0
20:10:09 INFO  : microblaze_0 Processor is in use. Please stop existing Run or Debug sessions before launching.
20:10:10 INFO  : Processor reset is completed for microblaze_0
20:13:41 INFO  : Processor reset is completed for microblaze_0
20:41:09 ERROR : Unexpected error while parsing XMD response ?: com.google.gson.JsonSyntaxException: com.google.gson.stream.MalformedJsonException: invalid number or unquoted string near 
20:41:32 INFO  : Registering command handlers for SDK TCF services
20:41:33 INFO  : Launching XSCT server: xsct -n -interactive /nfs/ug/homes-1/t/tramblei/vivaldo_fresh_eth_xadc_fft_dma_corr/vivaldo_fresh_eth_xadc_fft_dma_corr.sdk/temp_xsdb_launch_script.tcl
20:41:35 INFO  : XSCT server has started successfully.
20:41:35 INFO  : Successfully done setting XSCT server connection channel  
20:41:53 INFO  : Successfully done setting SDK workspace  
20:41:53 INFO  : Processing command line option -hwspec /nfs/ug/homes-1/t/tramblei/vivaldo_fresh_eth_xadc_fft_dma_corr/vivaldo_fresh_eth_xadc_fft_dma_corr.sdk/design_1_wrapper.hdf.
20:41:54 INFO  : Checking for hwspec changes in the project design_1_wrapper_hw_platform_1.
20:41:54 INFO  : SDK has detected change in the last modified timestamps for source hardware specification file Source:1521420046000,  Project:1521416048000
20:41:54 INFO  : The hardware specification for project 'design_1_wrapper_hw_platform_1' is different from /nfs/ug/homes-1/t/tramblei/vivaldo_fresh_eth_xadc_fft_dma_corr/vivaldo_fresh_eth_xadc_fft_dma_corr.sdk/design_1_wrapper.hdf.
20:41:54 INFO  : Copied contents of /nfs/ug/homes-1/t/tramblei/vivaldo_fresh_eth_xadc_fft_dma_corr/vivaldo_fresh_eth_xadc_fft_dma_corr.sdk/design_1_wrapper.hdf into /design_1_wrapper_hw_platform_1/system.hdf.
20:41:56 INFO  : Synchronizing projects in the workspace with the hardware platform specification changes.
20:41:57 INFO  : Clearing existing target manager status.
20:41:59 INFO  : Workspace synchronized with the new hardware specification file. Cleaning dependent projects...
20:41:59 WARN  : Linker script will not be updated automatically. Users need to update it manually.
20:42:13 INFO  : Connected to target on host '127.0.0.1' and port '3121'.
20:42:13 INFO  : 'targets -set -filter {jtag_cable_name =~ "Digilent Nexys4DDR 210292646034A" && level==0} -index 0' command is executed.
20:42:15 INFO  : FPGA configured successfully with bitstream "/nfs/ug/homes-1/t/tramblei/vivaldo_fresh_eth_xadc_fft_dma_corr/vivaldo_fresh_eth_xadc_fft_dma_corr.sdk/design_1_wrapper_hw_platform_1/download.bit"
20:42:29 INFO  : Processor reset is completed for microblaze_0
20:43:24 INFO  : Connected to target on host '127.0.0.1' and port '3121'.
20:43:24 INFO  : 'targets -set -filter {jtag_cable_name =~ "Digilent Nexys4DDR 210292646034A" && level==0} -index 0' command is executed.
20:43:26 INFO  : FPGA configured successfully with bitstream "/nfs/ug/homes-1/t/tramblei/vivaldo_fresh_eth_xadc_fft_dma_corr/vivaldo_fresh_eth_xadc_fft_dma_corr.sdk/design_1_wrapper_hw_platform_1/download.bit"
20:43:37 INFO  : Processor reset is completed for microblaze_0
20:44:31 INFO  : Processor reset is completed for microblaze_0
20:45:48 INFO  : Processor reset is completed for microblaze_0
20:46:28 INFO  : Processor reset is completed for microblaze_0
21:16:58 INFO  : Processor reset is completed for microblaze_0
21:22:36 INFO  : microblaze_0 Processor is in use. Please stop existing Run or Debug sessions before launching.
21:22:38 INFO  : Processor reset is completed for microblaze_0
21:28:50 INFO  : microblaze_0 Processor is in use. Please stop existing Run or Debug sessions before launching.
21:28:57 INFO  : Processor reset is completed for microblaze_0
21:32:21 INFO  : microblaze_0 Processor is in use. Please stop existing Run or Debug sessions before launching.
21:32:22 INFO  : Processor reset is completed for microblaze_0
21:34:50 INFO  : Inferring section assignments and sizes from elf file: /nfs/ug/homes-1/t/tramblei/vivaldo_fresh_eth_xadc_fft_dma_corr/vivaldo_fresh_eth_xadc_fft_dma_corr.sdk/eth_with_dma_fft_xadc/Debug/eth_with_dma_fft_xadc.elf
21:34:57 ERROR : (XSDB Server)ERROR: [Hsi 61-57] Section Size cannot be greater than associated memory size 0x8000000

21:34:57 ERROR : (LinkerGen) Failed to call lg_set_section_memory 
Reason: ERROR: [Common 17-39] 'set_property' failed due to earlier errors.

21:35:25 INFO  : Inferring section assignments and sizes from elf file: /nfs/ug/homes-1/t/tramblei/vivaldo_fresh_eth_xadc_fft_dma_corr/vivaldo_fresh_eth_xadc_fft_dma_corr.sdk/eth_with_dma_fft_xadc/Debug/eth_with_dma_fft_xadc.elf
21:35:32 INFO  : Successfully generated /nfs/ug/homes-1/t/tramblei/vivaldo_fresh_eth_xadc_fft_dma_corr/vivaldo_fresh_eth_xadc_fft_dma_corr.sdk/eth_with_dma_fft_xadc/src/lscript.ld.
21:35:32 INFO  : Applying linker script to all configurations of project eth_with_dma_fft_xadc.
21:35:32 INFO  : Setting rebuild state to true for all configurations of project eth_with_dma_fft_xadc.
21:35:51 ERROR : Unexpected error while launching program.
java.lang.RuntimeException: The program file specified in the launch configuration does not exist
	at com.xilinx.sdk.debug.core.XilinxAppLaunchConfigurationDelegate.runApplication(XilinxAppLaunchConfigurationDelegate.java:580)
	at com.xilinx.sdk.debug.core.XilinxAppLaunchConfigurationDelegate.launch(XilinxAppLaunchConfigurationDelegate.java:309)
	at com.xilinx.sdk.debug.ui.XilinxAppLaunchDelegateWrapper.launch(XilinxAppLaunchDelegateWrapper.java:31)
	at org.eclipse.debug.internal.core.LaunchConfiguration.launch(LaunchConfiguration.java:885)
	at org.eclipse.debug.internal.core.LaunchConfiguration.launch(LaunchConfiguration.java:739)
	at org.eclipse.debug.internal.ui.DebugUIPlugin.buildAndLaunch(DebugUIPlugin.java:1039)
	at org.eclipse.debug.internal.ui.DebugUIPlugin$8.run(DebugUIPlugin.java:1256)
	at org.eclipse.core.internal.jobs.Worker.run(Worker.java:55)
21:36:04 INFO  : Successfully generated /nfs/ug/homes-1/t/tramblei/vivaldo_fresh_eth_xadc_fft_dma_corr/vivaldo_fresh_eth_xadc_fft_dma_corr.sdk/eth_with_dma_fft_xadc/src/lscript.ld.
21:36:04 INFO  : Applying linker script to all configurations of project eth_with_dma_fft_xadc.
21:36:04 INFO  : Setting rebuild state to true for all configurations of project eth_with_dma_fft_xadc.
21:36:36 INFO  : Successfully generated /nfs/ug/homes-1/t/tramblei/vivaldo_fresh_eth_xadc_fft_dma_corr/vivaldo_fresh_eth_xadc_fft_dma_corr.sdk/eth_with_dma_fft_xadc/src/lscript.ld.
21:36:36 INFO  : Applying linker script to all configurations of project eth_with_dma_fft_xadc.
21:36:36 INFO  : Setting rebuild state to true for all configurations of project eth_with_dma_fft_xadc.
21:37:32 ERROR : Unexpected error while parsing XMD response ?: com.google.gson.JsonSyntaxException: com.google.gson.stream.MalformedJsonException: invalid number or unquoted string near 
21:37:44 INFO  : Registering command handlers for SDK TCF services
21:37:45 INFO  : Launching XSCT server: xsct -n -interactive /nfs/ug/homes-1/t/tramblei/vivaldo_fresh_eth_xadc_fft_dma_corr/vivaldo_fresh_eth_xadc_fft_dma_corr.sdk/temp_xsdb_launch_script.tcl
21:37:48 INFO  : XSCT server has started successfully.
21:37:48 INFO  : Successfully done setting XSCT server connection channel  
21:38:15 INFO  : Successfully done setting SDK workspace  
21:38:15 INFO  : Processing command line option -hwspec /nfs/ug/homes-1/t/tramblei/vivaldo_fresh_eth_xadc_fft_dma_corr/vivaldo_fresh_eth_xadc_fft_dma_corr.sdk/design_1_wrapper.hdf.
21:38:15 INFO  : Checking for hwspec changes in the project design_1_wrapper_hw_platform_1.
21:38:18 INFO  : Processor reset is completed for microblaze_0
21:41:17 INFO  : Connected to target on host '127.0.0.1' and port '3121'.
21:41:18 INFO  : 'targets -set -filter {jtag_cable_name =~ "Digilent Nexys4DDR 210292646034A" && level==0} -index 0' command is executed.
21:41:24 INFO  : FPGA configured successfully with bitstream "/nfs/ug/homes-1/t/tramblei/vivaldo_fresh_eth_xadc_fft_dma_corr/vivaldo_fresh_eth_xadc_fft_dma_corr.sdk/design_1_wrapper_hw_platform_1/download.bit"
21:41:31 INFO  : microblaze_0 Processor is in use. Please stop existing Run or Debug sessions before launching.
21:41:33 INFO  : Processor reset is completed for microblaze_0
21:43:27 INFO  : microblaze_0 Processor is in use. Please stop existing Run or Debug sessions before launching.
21:43:28 INFO  : Processor reset is completed for microblaze_0
21:51:09 INFO  : microblaze_0 Processor is in use. Please stop existing Run or Debug sessions before launching.
21:51:12 INFO  : Processor reset is completed for microblaze_0
21:52:11 INFO  : microblaze_0 Processor is in use. Please stop existing Run or Debug sessions before launching.
21:52:13 INFO  : Processor reset is completed for microblaze_0
21:53:25 INFO  : microblaze_0 Processor is in use. Please stop existing Run or Debug sessions before launching.
21:53:26 INFO  : Processor reset is completed for microblaze_0
21:54:32 INFO  : microblaze_0 Processor is in use. Please stop existing Run or Debug sessions before launching.
21:54:33 INFO  : Processor reset is completed for microblaze_0
21:55:29 INFO  : microblaze_0 Processor is in use. Please stop existing Run or Debug sessions before launching.
21:55:31 INFO  : Processor reset is completed for microblaze_0
21:56:13 INFO  : microblaze_0 Processor is in use. Please stop existing Run or Debug sessions before launching.
21:56:14 INFO  : Processor reset is completed for microblaze_0
21:58:56 INFO  : microblaze_0 Processor is in use. Please stop existing Run or Debug sessions before launching.
21:58:59 INFO  : Processor reset is completed for microblaze_0
21:59:53 INFO  : microblaze_0 Processor is in use. Please stop existing Run or Debug sessions before launching.
21:59:54 INFO  : Processor reset is completed for microblaze_0
22:00:37 INFO  : microblaze_0 Processor is in use. Please stop existing Run or Debug sessions before launching.
22:00:38 INFO  : Processor reset is completed for microblaze_0
22:03:14 INFO  : Processor reset is completed for microblaze_0
22:04:46 INFO  : microblaze_0 Processor is in use. Please stop existing Run or Debug sessions before launching.
22:04:47 INFO  : Processor reset is completed for microblaze_0
22:05:24 INFO  : microblaze_0 Processor is in use. Please stop existing Run or Debug sessions before launching.
22:05:25 INFO  : Processor reset is completed for microblaze_0
22:05:46 INFO  : Processor reset is completed for microblaze_0
22:06:03 INFO  : Processor reset is completed for microblaze_0
22:07:04 INFO  : Processor reset is completed for microblaze_0
22:07:16 INFO  : microblaze_0 Processor is in use. Please stop existing Run or Debug sessions before launching.
22:07:18 INFO  : Processor reset is completed for microblaze_0
22:09:11 INFO  : Processor reset is completed for microblaze_0
22:16:53 INFO  : Processor reset is completed for microblaze_0
22:18:04 INFO  : microblaze_0 Processor is in use. Please stop existing Run or Debug sessions before launching.
22:18:05 INFO  : Processor reset is completed for microblaze_0
22:21:03 INFO  : Processor reset is completed for microblaze_0
22:21:56 INFO  : microblaze_0 Processor is in use. Please stop existing Run or Debug sessions before launching.
22:21:58 INFO  : Processor reset is completed for microblaze_0
22:23:37 INFO  : microblaze_0 Processor is in use. Please stop existing Run or Debug sessions before launching.
22:23:38 INFO  : Processor reset is completed for microblaze_0
23:10:47 ERROR : Unexpected error while parsing XMD response ?: com.google.gson.JsonSyntaxException: com.google.gson.stream.MalformedJsonException: invalid number or unquoted string near 
23:11:07 INFO  : Registering command handlers for SDK TCF services
23:11:07 INFO  : Launching XSCT server: xsct -n -interactive /nfs/ug/homes-1/t/tramblei/vivaldo_fresh_eth_xadc_fft_dma_corr/vivaldo_fresh_eth_xadc_fft_dma_corr.sdk/temp_xsdb_launch_script.tcl
23:11:09 INFO  : XSCT server has started successfully.
23:11:23 INFO  : Successfully done setting XSCT server connection channel  
23:11:23 INFO  : Successfully done setting SDK workspace  
23:11:23 INFO  : Processing command line option -hwspec /nfs/ug/homes-1/t/tramblei/vivaldo_fresh_eth_xadc_fft_dma_corr/vivaldo_fresh_eth_xadc_fft_dma_corr.sdk/design_1_wrapper.hdf.
23:11:23 INFO  : Checking for hwspec changes in the project design_1_wrapper_hw_platform_1.
23:11:24 INFO  : SDK has detected change in the last modified timestamps for source hardware specification file Source:1521429012000,  Project:1521420046000
23:11:24 INFO  : The hardware specification for project 'design_1_wrapper_hw_platform_1' is different from /nfs/ug/homes-1/t/tramblei/vivaldo_fresh_eth_xadc_fft_dma_corr/vivaldo_fresh_eth_xadc_fft_dma_corr.sdk/design_1_wrapper.hdf.
23:11:24 INFO  : Copied contents of /nfs/ug/homes-1/t/tramblei/vivaldo_fresh_eth_xadc_fft_dma_corr/vivaldo_fresh_eth_xadc_fft_dma_corr.sdk/design_1_wrapper.hdf into /design_1_wrapper_hw_platform_1/system.hdf.
23:11:26 INFO  : Synchronizing projects in the workspace with the hardware platform specification changes.
23:11:27 INFO  : Clearing existing target manager status.
23:11:29 INFO  : Workspace synchronized with the new hardware specification file. Cleaning dependent projects...
23:11:29 WARN  : Linker script will not be updated automatically. Users need to update it manually.
23:17:39 INFO  : Connected to target on host '127.0.0.1' and port '3121'.
23:17:56 INFO  : Connected to target on host '127.0.0.1' and port '3121'.
23:17:56 INFO  : 'targets -set -filter {jtag_cable_name =~ "Digilent Nexys4DDR 210292646034A" && level==0} -index 0' command is executed.
23:17:58 INFO  : FPGA configured successfully with bitstream "/nfs/ug/homes-1/t/tramblei/vivaldo_fresh_eth_xadc_fft_dma_corr/vivaldo_fresh_eth_xadc_fft_dma_corr.sdk/design_1_wrapper_hw_platform_1/download.bit"
23:18:37 INFO  : Processor reset is completed for microblaze_0
23:20:17 INFO  : microblaze_0 Processor is in use. Please stop existing Run or Debug sessions before launching.
23:20:19 INFO  : Processor reset is completed for microblaze_0
23:24:17 INFO  : microblaze_0 Processor is in use. Please stop existing Run or Debug sessions before launching.
23:24:18 INFO  : Processor reset is completed for microblaze_0
23:27:04 INFO  : microblaze_0 Processor is in use. Please stop existing Run or Debug sessions before launching.
23:27:07 INFO  : Processor reset is completed for microblaze_0
23:27:37 INFO  : microblaze_0 Processor is in use. Please stop existing Run or Debug sessions before launching.
23:27:39 INFO  : Processor reset is completed for microblaze_0
00:18:44 INFO  : SDK has detected change in the last modified timestamps for source hardware specification file Source:1521433102000,  Project:1521429012000
00:18:44 INFO  : Project design_1_wrapper_hw_platform_1's source hardware specification located at /nfs/ug/homes-1/t/tramblei/vivaldo_fresh_eth_xadc_fft_dma_corr/vivaldo_fresh_eth_xadc_fft_dma_corr.sdk/design_1_wrapper.hdf is now different from the local copy.
		 The local copy will be replaced with the source specification and your workspace will be updated.
00:18:47 INFO  : Copied contents of /nfs/ug/homes-1/t/tramblei/vivaldo_fresh_eth_xadc_fft_dma_corr/vivaldo_fresh_eth_xadc_fft_dma_corr.sdk/design_1_wrapper.hdf into /design_1_wrapper_hw_platform_1/system.hdf.
00:18:50 INFO  : Synchronizing projects in the workspace with the hardware platform specification changes.
00:18:50 INFO  : Clearing existing target manager status.
00:18:50 INFO  : Workspace synchronized with the new hardware specification file. Cleaning dependent projects...
00:18:50 WARN  : Linker script will not be updated automatically. Users need to update it manually.
00:19:21 ERROR : Unexpected error while parsing XMD response ?: com.google.gson.JsonSyntaxException: com.google.gson.stream.MalformedJsonException: invalid number or unquoted string near 
00:19:47 INFO  : Registering command handlers for SDK TCF services
00:19:47 INFO  : Launching XSCT server: xsct -n -interactive /nfs/ug/homes-1/t/tramblei/vivaldo_fresh_eth_xadc_fft_dma_corr/vivaldo_fresh_eth_xadc_fft_dma_corr.sdk/temp_xsdb_launch_script.tcl
00:19:48 INFO  : XSCT server has started successfully.
00:19:48 INFO  : Successfully done setting XSCT server connection channel  
00:20:00 INFO  : Successfully done setting SDK workspace  
00:20:00 INFO  : Processing command line option -hwspec /nfs/ug/homes-1/t/tramblei/vivaldo_fresh_eth_xadc_fft_dma_corr/vivaldo_fresh_eth_xadc_fft_dma_corr.sdk/design_1_wrapper.hdf.
00:20:01 INFO  : Checking for hwspec changes in the project design_1_wrapper_hw_platform_1.
00:22:19 INFO  : Registering command handlers for SDK TCF services
00:22:20 INFO  : Launching XSCT server: xsct -n -interactive /nfs/ug/homes-1/t/tramblei/vivaldo_fresh_eth_xadc_fft_dma_corr/vivaldo_fresh_eth_xadc_fft_dma_corr.sdk/temp_xsdb_launch_script.tcl
00:22:22 INFO  : XSCT server has started successfully.
00:22:22 INFO  : Successfully done setting XSCT server connection channel  
00:22:32 INFO  : Successfully done setting SDK workspace  
00:22:32 INFO  : Processing command line option -hwspec /nfs/ug/homes-1/t/tramblei/vivaldo_fresh_eth_xadc_fft_dma_corr/vivaldo_fresh_eth_xadc_fft_dma_corr.sdk/design_1_wrapper.hdf.
00:22:34 INFO  : Checking for hwspec changes in the project design_1_wrapper_hw_platform_1.
00:25:38 INFO  : Registering command handlers for SDK TCF services
00:25:39 INFO  : Launching XSCT server: xsct -n -interactive /nfs/ug/homes-1/t/tramblei/vivaldo_fresh_eth_xadc_fft_dma_corr/vivaldo_fresh_eth_xadc_fft_dma_corr.sdk/temp_xsdb_launch_script.tcl
00:25:40 INFO  : XSCT server has started successfully.
00:25:40 INFO  : Successfully done setting XSCT server connection channel  
00:25:51 INFO  : Successfully done setting SDK workspace  
00:25:51 INFO  : Processing command line option -hwspec /nfs/ug/homes-1/t/tramblei/vivaldo_fresh_eth_xadc_fft_dma_corr/vivaldo_fresh_eth_xadc_fft_dma_corr.sdk/design_1_wrapper.hdf.
00:25:53 INFO  : Checking for hwspec changes in the project design_1_wrapper_hw_platform_1.
00:26:21 INFO  : Connected to target on host '127.0.0.1' and port '3121'.
00:26:21 INFO  : 'targets -set -filter {jtag_cable_name =~ "Digilent Nexys4DDR 210292646034A" && level==0} -index 0' command is executed.
00:26:23 INFO  : FPGA configured successfully with bitstream "/nfs/ug/homes-1/t/tramblei/vivaldo_fresh_eth_xadc_fft_dma_corr/vivaldo_fresh_eth_xadc_fft_dma_corr.sdk/design_1_wrapper_hw_platform_1/download.bit"
00:26:39 INFO  : Processor reset is completed for microblaze_0
00:27:06 INFO  : Processor reset is completed for microblaze_0
00:27:52 INFO  : Processor reset is completed for microblaze_0
00:28:42 INFO  : Processor reset is completed for microblaze_0
00:29:33 INFO  : Processor reset is completed for microblaze_0
00:31:47 INFO  : Connected to target on host '127.0.0.1' and port '3121'.
00:31:47 INFO  : 'targets -set -filter {jtag_cable_name =~ "Digilent Nexys4DDR 210292646034A" && level==0} -index 0' command is executed.
00:31:49 INFO  : FPGA configured successfully with bitstream "/nfs/ug/homes-1/t/tramblei/vivaldo_fresh_eth_xadc_fft_dma_corr/vivaldo_fresh_eth_xadc_fft_dma_corr.sdk/design_1_wrapper_hw_platform_1/download.bit"
00:32:01 INFO  : Processor reset is completed for microblaze_0
00:33:32 INFO  : Processor reset is completed for microblaze_0
00:34:15 INFO  : Processor reset is completed for microblaze_0
00:34:54 INFO  : Processor reset is completed for microblaze_0
00:40:26 INFO  : Processor reset is completed for microblaze_0
00:56:09 ERROR : Unexpected error while parsing XMD response ?: com.google.gson.JsonSyntaxException: com.google.gson.stream.MalformedJsonException: invalid number or unquoted string near 
01:03:13 INFO  : Registering command handlers for SDK TCF services
01:03:13 INFO  : Launching XSCT server: xsct -n -interactive /nfs/ug/homes-1/t/tramblei/vivaldo_fresh_eth_xadc_fft_dma_corr/vivaldo_fresh_eth_xadc_fft_dma_corr.sdk/temp_xsdb_launch_script.tcl
01:03:14 INFO  : XSCT server has started successfully.
01:03:14 INFO  : Successfully done setting XSCT server connection channel  
01:03:30 INFO  : Successfully done setting SDK workspace  
01:03:30 INFO  : Processing command line option -hwspec /nfs/ug/homes-1/t/tramblei/vivaldo_fresh_eth_xadc_fft_dma_corr/vivaldo_fresh_eth_xadc_fft_dma_corr.sdk/design_1_wrapper.hdf.
01:03:31 INFO  : Checking for hwspec changes in the project design_1_wrapper_hw_platform_1.
01:03:31 INFO  : SDK has detected change in the last modified timestamps for source hardware specification file Source:1521435770000,  Project:1521433102000
01:03:31 INFO  : The hardware specification for project 'design_1_wrapper_hw_platform_1' is different from /nfs/ug/homes-1/t/tramblei/vivaldo_fresh_eth_xadc_fft_dma_corr/vivaldo_fresh_eth_xadc_fft_dma_corr.sdk/design_1_wrapper.hdf.
01:03:31 INFO  : Copied contents of /nfs/ug/homes-1/t/tramblei/vivaldo_fresh_eth_xadc_fft_dma_corr/vivaldo_fresh_eth_xadc_fft_dma_corr.sdk/design_1_wrapper.hdf into /design_1_wrapper_hw_platform_1/system.hdf.
01:03:33 INFO  : Synchronizing projects in the workspace with the hardware platform specification changes.
01:03:33 INFO  : Clearing existing target manager status.
01:03:36 INFO  : Workspace synchronized with the new hardware specification file. Cleaning dependent projects...
01:03:36 WARN  : Linker script will not be updated automatically. Users need to update it manually.
01:03:55 INFO  : Connected to target on host '127.0.0.1' and port '3121'.
01:03:55 INFO  : 'targets -set -filter {jtag_cable_name =~ "Digilent Nexys4DDR 210292646034A" && level==0} -index 0' command is executed.
01:03:58 INFO  : FPGA configured successfully with bitstream "/nfs/ug/homes-1/t/tramblei/vivaldo_fresh_eth_xadc_fft_dma_corr/vivaldo_fresh_eth_xadc_fft_dma_corr.sdk/design_1_wrapper_hw_platform_1/download.bit"
01:04:33 INFO  : Processor reset is completed for microblaze_0
01:05:03 INFO  : Processor reset is completed for microblaze_0
01:06:08 INFO  : Processor reset is completed for microblaze_0
01:07:04 INFO  : Processor reset is completed for microblaze_0
01:16:56 ERROR : Unexpected error while parsing XMD response ?: com.google.gson.JsonSyntaxException: com.google.gson.stream.MalformedJsonException: invalid number or unquoted string near 
13:37:22 INFO  : Registering command handlers for SDK TCF services
13:37:22 INFO  : Launching XSCT server: xsct -n -interactive /nfs/ug/homes-1/t/tramblei/vivaldo_fresh_eth_xadc_fft_dma_corr/vivaldo_fresh_eth_xadc_fft_dma_corr.sdk/temp_xsdb_launch_script.tcl
13:37:24 INFO  : XSCT server has started successfully.
13:37:24 INFO  : Successfully done setting XSCT server connection channel  
13:37:30 INFO  : Successfully done setting SDK workspace  
13:37:30 INFO  : Processing command line option -hwspec /nfs/ug/homes-1/t/tramblei/vivaldo_fresh_eth_xadc_fft_dma_corr/vivaldo_fresh_eth_xadc_fft_dma_corr.sdk/design_1_wrapper.hdf.
13:37:30 INFO  : Checking for hwspec changes in the project design_1_wrapper_hw_platform_1.
13:37:31 INFO  : SDK has detected change in the last modified timestamps for source hardware specification file Source:1521481000000,  Project:1521435770000
13:37:31 INFO  : The hardware specification for project 'design_1_wrapper_hw_platform_1' is different from /nfs/ug/homes-1/t/tramblei/vivaldo_fresh_eth_xadc_fft_dma_corr/vivaldo_fresh_eth_xadc_fft_dma_corr.sdk/design_1_wrapper.hdf.
13:37:31 INFO  : Copied contents of /nfs/ug/homes-1/t/tramblei/vivaldo_fresh_eth_xadc_fft_dma_corr/vivaldo_fresh_eth_xadc_fft_dma_corr.sdk/design_1_wrapper.hdf into /design_1_wrapper_hw_platform_1/system.hdf.
13:37:33 INFO  : Synchronizing projects in the workspace with the hardware platform specification changes.
13:37:33 INFO  : Clearing existing target manager status.
13:37:37 INFO  : Workspace synchronized with the new hardware specification file. Cleaning dependent projects...
13:37:37 WARN  : Linker script will not be updated automatically. Users need to update it manually.
13:38:07 INFO  : Connected to target on host '127.0.0.1' and port '3121'.
13:38:07 INFO  : 'targets -set -filter {jtag_cable_name =~ "Digilent Nexys4DDR 210292646034A" && level==0} -index 0' command is executed.
13:38:09 INFO  : FPGA configured successfully with bitstream "/nfs/ug/homes-1/t/tramblei/vivaldo_fresh_eth_xadc_fft_dma_corr/vivaldo_fresh_eth_xadc_fft_dma_corr.sdk/design_1_wrapper_hw_platform_1/download.bit"
13:41:07 INFO  : Processor reset is completed for microblaze_0
13:42:27 INFO  : microblaze_0 Processor is in use. Please stop existing Run or Debug sessions before launching.
13:42:29 INFO  : Processor reset is completed for microblaze_0
13:43:19 INFO  : microblaze_0 Processor is in use. Please stop existing Run or Debug sessions before launching.
13:43:21 INFO  : Processor reset is completed for microblaze_0
13:47:28 INFO  : Processor reset is completed for microblaze_0
13:52:24 INFO  : Processor reset is completed for microblaze_0
13:56:40 INFO  : Processor reset is completed for microblaze_0
14:33:41 ERROR : Unexpected error while parsing XMD response ?: com.google.gson.JsonSyntaxException: com.google.gson.stream.MalformedJsonException: invalid number or unquoted string near 
14:34:29 INFO  : Registering command handlers for SDK TCF services
14:34:30 INFO  : Launching XSCT server: xsct -n -interactive /nfs/ug/homes-1/t/tramblei/vivaldo_fresh_eth_xadc_fft_dma_corr/vivaldo_fresh_eth_xadc_fft_dma_corr.sdk/temp_xsdb_launch_script.tcl
14:34:31 INFO  : XSCT server has started successfully.
14:34:40 INFO  : Successfully done setting XSCT server connection channel  
14:34:40 INFO  : Successfully done setting SDK workspace  
14:34:40 INFO  : Processing command line option -hwspec /nfs/ug/homes-1/t/tramblei/vivaldo_fresh_eth_xadc_fft_dma_corr/vivaldo_fresh_eth_xadc_fft_dma_corr.sdk/design_1_wrapper.hdf.
14:34:40 INFO  : Checking for hwspec changes in the project design_1_wrapper_hw_platform_1.
14:34:41 INFO  : SDK has detected change in the last modified timestamps for source hardware specification file Source:1521484404000,  Project:1521481000000
14:34:41 INFO  : The hardware specification for project 'design_1_wrapper_hw_platform_1' is different from /nfs/ug/homes-1/t/tramblei/vivaldo_fresh_eth_xadc_fft_dma_corr/vivaldo_fresh_eth_xadc_fft_dma_corr.sdk/design_1_wrapper.hdf.
14:34:41 INFO  : Copied contents of /nfs/ug/homes-1/t/tramblei/vivaldo_fresh_eth_xadc_fft_dma_corr/vivaldo_fresh_eth_xadc_fft_dma_corr.sdk/design_1_wrapper.hdf into /design_1_wrapper_hw_platform_1/system.hdf.
14:34:44 INFO  : Synchronizing projects in the workspace with the hardware platform specification changes.
14:34:44 INFO  : Clearing existing target manager status.
14:34:46 INFO  : Workspace synchronized with the new hardware specification file. Cleaning dependent projects...
14:34:46 WARN  : Linker script will not be updated automatically. Users need to update it manually.
14:35:00 INFO  : Processor reset is completed for microblaze_0
14:36:08 INFO  : Processor reset is completed for microblaze_0
16:07:12 ERROR : Unexpected error while parsing XMD response ?: com.google.gson.JsonSyntaxException: com.google.gson.stream.MalformedJsonException: invalid number or unquoted string near 
16:29:30 INFO  : Registering command handlers for SDK TCF services
16:29:30 INFO  : Launching XSCT server: xsct -n -interactive /nfs/ug/homes-1/t/tramblei/vivaldo_fresh_eth_xadc_fft_dma_corr/vivaldo_fresh_eth_xadc_fft_dma_corr.sdk/temp_xsdb_launch_script.tcl
16:29:32 INFO  : XSCT server has started successfully.
16:29:32 INFO  : Successfully done setting XSCT server connection channel  
16:29:41 INFO  : Successfully done setting SDK workspace  
16:29:41 INFO  : Processing command line option -hwspec /nfs/ug/homes-1/t/tramblei/vivaldo_fresh_eth_xadc_fft_dma_corr/vivaldo_fresh_eth_xadc_fft_dma_corr.sdk/design_1_wrapper.hdf.
16:29:41 INFO  : Checking for hwspec changes in the project design_1_wrapper_hw_platform_1.
16:29:42 INFO  : SDK has detected change in the last modified timestamps for source hardware specification file Source:1521491347000,  Project:1521484404000
16:29:42 INFO  : The hardware specification for project 'design_1_wrapper_hw_platform_1' is different from /nfs/ug/homes-1/t/tramblei/vivaldo_fresh_eth_xadc_fft_dma_corr/vivaldo_fresh_eth_xadc_fft_dma_corr.sdk/design_1_wrapper.hdf.
16:29:42 INFO  : Copied contents of /nfs/ug/homes-1/t/tramblei/vivaldo_fresh_eth_xadc_fft_dma_corr/vivaldo_fresh_eth_xadc_fft_dma_corr.sdk/design_1_wrapper.hdf into /design_1_wrapper_hw_platform_1/system.hdf.
16:29:44 INFO  : Synchronizing projects in the workspace with the hardware platform specification changes.
16:29:44 INFO  : Clearing existing target manager status.
16:29:46 INFO  : Workspace synchronized with the new hardware specification file. Cleaning dependent projects...
16:29:46 WARN  : Linker script will not be updated automatically. Users need to update it manually.
16:30:32 INFO  : Processor reset is completed for microblaze_0
16:32:56 INFO  : Processor reset is completed for microblaze_0
16:36:01 INFO  : Processor reset is completed for microblaze_0
16:37:10 INFO  : Processor reset is completed for microblaze_0
16:40:56 INFO  : Processor reset is completed for microblaze_0
16:41:29 INFO  : Processor reset is completed for microblaze_0
16:42:03 INFO  : Processor reset is completed for microblaze_0
17:06:37 ERROR : Unexpected error while parsing XMD response ?: com.google.gson.JsonSyntaxException: com.google.gson.stream.MalformedJsonException: invalid number or unquoted string near 
17:07:02 INFO  : Registering command handlers for SDK TCF services
17:07:02 INFO  : Launching XSCT server: xsct -n -interactive /nfs/ug/homes-1/t/tramblei/vivaldo_fresh_eth_xadc_fft_dma_corr/vivaldo_fresh_eth_xadc_fft_dma_corr.sdk/temp_xsdb_launch_script.tcl
17:07:03 INFO  : XSCT server has started successfully.
17:07:11 INFO  : Successfully done setting XSCT server connection channel  
17:07:11 INFO  : Successfully done setting SDK workspace  
17:07:11 INFO  : Processing command line option -hwspec /nfs/ug/homes-1/t/tramblei/vivaldo_fresh_eth_xadc_fft_dma_corr/vivaldo_fresh_eth_xadc_fft_dma_corr.sdk/design_1_wrapper.hdf.
17:07:11 INFO  : Checking for hwspec changes in the project design_1_wrapper_hw_platform_1.
17:07:13 INFO  : SDK has detected change in the last modified timestamps for source hardware specification file Source:1521493594000,  Project:1521491347000
17:07:13 INFO  : The hardware specification for project 'design_1_wrapper_hw_platform_1' is different from /nfs/ug/homes-1/t/tramblei/vivaldo_fresh_eth_xadc_fft_dma_corr/vivaldo_fresh_eth_xadc_fft_dma_corr.sdk/design_1_wrapper.hdf.
17:07:13 INFO  : Copied contents of /nfs/ug/homes-1/t/tramblei/vivaldo_fresh_eth_xadc_fft_dma_corr/vivaldo_fresh_eth_xadc_fft_dma_corr.sdk/design_1_wrapper.hdf into /design_1_wrapper_hw_platform_1/system.hdf.
17:07:15 INFO  : Synchronizing projects in the workspace with the hardware platform specification changes.
17:07:15 INFO  : Clearing existing target manager status.
17:07:17 INFO  : Workspace synchronized with the new hardware specification file. Cleaning dependent projects...
17:07:17 WARN  : Linker script will not be updated automatically. Users need to update it manually.
17:07:36 INFO  : Processor reset is completed for microblaze_0
17:08:10 INFO  : Connected to target on host '127.0.0.1' and port '3121'.
17:08:10 INFO  : 'targets -set -filter {jtag_cable_name =~ "Digilent Nexys4DDR 210292646034A" && level==0} -index 0' command is executed.
17:08:12 INFO  : FPGA configured successfully with bitstream "/nfs/ug/homes-1/t/tramblei/vivaldo_fresh_eth_xadc_fft_dma_corr/vivaldo_fresh_eth_xadc_fft_dma_corr.sdk/design_1_wrapper_hw_platform_1/download.bit"
17:08:22 INFO  : Processor reset is completed for microblaze_0
17:08:57 INFO  : Processor reset is completed for microblaze_0
17:09:32 INFO  : Processor reset is completed for microblaze_0
17:11:18 INFO  : microblaze_0 Processor is in use. Please stop existing Run or Debug sessions before launching.
17:11:19 INFO  : Processor reset is completed for microblaze_0
17:13:27 INFO  : microblaze_0 Processor is in use. Please stop existing Run or Debug sessions before launching.
17:13:53 INFO  : Processor reset is completed for microblaze_0
17:14:32 INFO  : microblaze_0 Processor is in use. Please stop existing Run or Debug sessions before launching.
17:14:33 INFO  : Processor reset is completed for microblaze_0
17:14:52 INFO  : Processor reset is completed for microblaze_0
17:16:18 INFO  : microblaze_0 Processor is in use. Please stop existing Run or Debug sessions before launching.
17:16:20 INFO  : Processor reset is completed for microblaze_0
17:17:16 INFO  : microblaze_0 Processor is in use. Please stop existing Run or Debug sessions before launching.
17:17:17 INFO  : Processor reset is completed for microblaze_0
17:27:10 ERROR : Unexpected error while parsing XMD response ?: com.google.gson.JsonSyntaxException: com.google.gson.stream.MalformedJsonException: invalid number or unquoted string near 
13:22:01 INFO  : Registering command handlers for SDK TCF services
13:22:01 INFO  : Launching XSCT server: xsct -n -interactive /nfs/ug/homes-1/t/tramblei/vivaldo_fresh_eth_xadc_fft_dma_corr/vivaldo_fresh_eth_xadc_fft_dma_corr.sdk/temp_xsdb_launch_script.tcl
13:22:04 INFO  : XSCT server has started successfully.
13:22:04 INFO  : Successfully done setting XSCT server connection channel  
13:22:10 INFO  : Successfully done setting SDK workspace  
13:22:10 INFO  : Processing command line option -hwspec /nfs/ug/homes-1/t/tramblei/vivaldo_fresh_eth_xadc_fft_dma_corr/vivaldo_fresh_eth_xadc_fft_dma_corr.sdk/design_1_wrapper.hdf.
13:22:10 INFO  : Checking for hwspec changes in the project design_1_wrapper_hw_platform_1.
13:22:11 INFO  : SDK has detected change in the last modified timestamps for source hardware specification file Source:1521566481000,  Project:1521493594000
13:22:11 INFO  : The hardware specification for project 'design_1_wrapper_hw_platform_1' is different from /nfs/ug/homes-1/t/tramblei/vivaldo_fresh_eth_xadc_fft_dma_corr/vivaldo_fresh_eth_xadc_fft_dma_corr.sdk/design_1_wrapper.hdf.
13:22:11 INFO  : Copied contents of /nfs/ug/homes-1/t/tramblei/vivaldo_fresh_eth_xadc_fft_dma_corr/vivaldo_fresh_eth_xadc_fft_dma_corr.sdk/design_1_wrapper.hdf into /design_1_wrapper_hw_platform_1/system.hdf.
13:22:13 INFO  : Synchronizing projects in the workspace with the hardware platform specification changes.
13:22:13 INFO  : Clearing existing target manager status.
13:22:16 INFO  : Workspace synchronized with the new hardware specification file. Cleaning dependent projects...
13:22:16 WARN  : Linker script will not be updated automatically. Users need to update it manually.
13:25:58 INFO  : Connected to target on host '127.0.0.1' and port '3121'.
13:25:58 INFO  : 'targets -set -filter {jtag_cable_name =~ "Digilent Nexys4DDR 210292646034A" && level==0} -index 0' command is executed.
13:26:00 INFO  : FPGA configured successfully with bitstream "/nfs/ug/homes-1/t/tramblei/vivaldo_fresh_eth_xadc_fft_dma_corr/vivaldo_fresh_eth_xadc_fft_dma_corr.sdk/design_1_wrapper_hw_platform_1/download.bit"
13:27:00 INFO  : Processor reset is completed for microblaze_0
13:30:13 INFO  : Processor reset is completed for microblaze_0
13:41:31 INFO  : Processor reset is completed for microblaze_0
13:42:46 ERROR : Unexpected error while parsing XMD response ?: com.google.gson.JsonSyntaxException: com.google.gson.stream.MalformedJsonException: invalid number or unquoted string near 
13:51:32 INFO  : Registering command handlers for SDK TCF services
13:51:33 INFO  : Launching XSCT server: xsct -n -interactive /nfs/ug/homes-1/t/tramblei/vivaldo_fresh_eth_xadc_fft_dma_corr/vivaldo_fresh_eth_xadc_fft_dma_corr.sdk/temp_xsdb_launch_script.tcl
13:51:35 INFO  : XSCT server has started successfully.
13:51:35 INFO  : Successfully done setting XSCT server connection channel  
13:51:45 INFO  : Successfully done setting SDK workspace  
13:51:45 INFO  : Processing command line option -hwspec /nfs/ug/homes-1/t/tramblei/vivaldo_fresh_eth_xadc_fft_dma_corr/vivaldo_fresh_eth_xadc_fft_dma_corr.sdk/design_1_wrapper.hdf.
13:51:45 INFO  : Checking for hwspec changes in the project design_1_wrapper_hw_platform_1.
13:51:46 INFO  : SDK has detected change in the last modified timestamps for source hardware specification file Source:1521568262000,  Project:1521566481000
13:51:46 INFO  : The hardware specification for project 'design_1_wrapper_hw_platform_1' is different from /nfs/ug/homes-1/t/tramblei/vivaldo_fresh_eth_xadc_fft_dma_corr/vivaldo_fresh_eth_xadc_fft_dma_corr.sdk/design_1_wrapper.hdf.
13:51:47 INFO  : Copied contents of /nfs/ug/homes-1/t/tramblei/vivaldo_fresh_eth_xadc_fft_dma_corr/vivaldo_fresh_eth_xadc_fft_dma_corr.sdk/design_1_wrapper.hdf into /design_1_wrapper_hw_platform_1/system.hdf.
13:51:49 INFO  : Synchronizing projects in the workspace with the hardware platform specification changes.
13:51:49 INFO  : Clearing existing target manager status.
13:51:51 INFO  : Workspace synchronized with the new hardware specification file. Cleaning dependent projects...
13:51:51 WARN  : Linker script will not be updated automatically. Users need to update it manually.
13:53:23 INFO  : No changes in MSS file content so not generating sources.
13:54:02 INFO  : No changes in MSS file content so not generating sources.
13:55:54 INFO  : Refreshed build settings on project eth_with_dma_fft_xadc
13:57:13 INFO  : Connected to target on host '127.0.0.1' and port '3121'.
13:57:13 INFO  : 'targets -set -filter {jtag_cable_name =~ "Digilent Nexys4DDR 210292646034A" && level==0} -index 0' command is executed.
13:57:15 INFO  : FPGA configured successfully with bitstream "/nfs/ug/homes-1/t/tramblei/vivaldo_fresh_eth_xadc_fft_dma_corr/vivaldo_fresh_eth_xadc_fft_dma_corr.sdk/design_1_wrapper_hw_platform_1/download.bit"
13:57:24 INFO  : Processor reset is completed for microblaze_0
13:57:48 INFO  : microblaze_0 Processor is in use. Please stop existing Run or Debug sessions before launching.
13:57:54 INFO  : Processor reset is completed for microblaze_0
14:00:46 INFO  : Processor reset is completed for microblaze_0
14:02:36 INFO  : microblaze_0 Processor is in use. Please stop existing Run or Debug sessions before launching.
14:02:38 INFO  : Processor reset is completed for microblaze_0
14:03:14 INFO  : Connected to target on host '127.0.0.1' and port '3121'.
14:03:14 INFO  : 'targets -set -filter {jtag_cable_name =~ "Digilent Nexys4DDR 210292646034A" && level==0} -index 0' command is executed.
14:03:16 INFO  : FPGA configured successfully with bitstream "/nfs/ug/homes-1/t/tramblei/vivaldo_fresh_eth_xadc_fft_dma_corr/vivaldo_fresh_eth_xadc_fft_dma_corr.sdk/design_1_wrapper_hw_platform_1/download.bit"
14:03:20 INFO  : microblaze_0 Processor is in use. Please stop existing Run or Debug sessions before launching.
14:03:23 INFO  : Processor reset is completed for microblaze_0
14:04:30 INFO  : microblaze_0 Processor is in use. Please stop existing Run or Debug sessions before launching.
14:04:32 INFO  : Processor reset is completed for microblaze_0
14:07:07 INFO  : Processor reset is completed for microblaze_0
14:07:58 INFO  : microblaze_0 Processor is in use. Please stop existing Run or Debug sessions before launching.
14:07:59 INFO  : Processor reset is completed for microblaze_0
14:13:56 INFO  : Processor reset is completed for microblaze_0
14:14:54 INFO  : Processor reset is completed for microblaze_0
14:17:23 INFO  : microblaze_0 Processor is in use. Please stop existing Run or Debug sessions before launching.
14:17:24 INFO  : Processor reset is completed for microblaze_0
14:18:25 INFO  : Processor reset is completed for microblaze_0
14:19:47 INFO  : microblaze_0 Processor is in use. Please stop existing Run or Debug sessions before launching.
14:19:50 INFO  : Processor reset is completed for microblaze_0
14:21:14 INFO  : microblaze_0 Processor is in use. Please stop existing Run or Debug sessions before launching.
14:21:19 INFO  : Processor reset is completed for microblaze_0
14:28:16 INFO  : Processor reset is completed for microblaze_0
14:29:47 ERROR : Unexpected error while parsing XMD response ?: com.google.gson.JsonSyntaxException: com.google.gson.stream.MalformedJsonException: invalid number or unquoted string near 
18:46:04 INFO  : Registering command handlers for SDK TCF services
18:46:05 INFO  : Launching XSCT server: xsct -n -interactive /home/rohan/vivaldo_fresh_eth_xadc_fft_dma_corr/vivaldo_fresh_eth_xadc_fft_dma_corr.sdk/temp_xsdb_launch_script.tcl
18:46:14 INFO  : XSCT server has started successfully.
18:46:14 INFO  : Successfully done setting XSCT server connection channel  
18:47:05 INFO  : Successfully done setting SDK workspace  
18:47:05 INFO  : Processing command line option -hwspec /home/rohan/vivaldo_fresh_eth_xadc_fft_dma_corr/vivaldo_fresh_eth_xadc_fft_dma_corr.sdk/design_1_wrapper.hdf.
18:49:22 INFO  : Connected to target on host '127.0.0.1' and port '3121'.
18:49:23 INFO  : 'targets -set -filter {jtag_cable_name =~ "Digilent Nexys4DDR 210292646178A" && level==0} -index 0' command is executed.
18:49:25 INFO  : FPGA configured successfully with bitstream "/home/rohan/vivaldo_fresh_eth_xadc_fft_dma_corr/vivaldo_fresh_eth_xadc_fft_dma_corr.sdk/design_1_wrapper_hw_platform_2/download.bit"
18:50:00 INFO  : Connected to target on host '127.0.0.1' and port '3121'.
18:50:00 INFO  : 'targets -set -filter {jtag_cable_name =~ "Digilent Nexys4DDR 210292646178A" && level==0} -index 0' command is executed.
18:50:03 INFO  : FPGA configured successfully with bitstream "/home/rohan/vivaldo_fresh_eth_xadc_fft_dma_corr/vivaldo_fresh_eth_xadc_fft_dma_corr.sdk/design_1_wrapper_hw_platform_2/download.bit"
18:53:44 INFO  : Connected to target on host '127.0.0.1' and port '3121'.
18:53:44 INFO  : 'targets -set -filter {jtag_cable_name =~ "Digilent Nexys4DDR 210292646178A" && level==0} -index 0' command is executed.
18:53:49 INFO  : FPGA configured successfully with bitstream "/home/rohan/vivaldo_fresh_eth_xadc_fft_dma_corr/vivaldo_fresh_eth_xadc_fft_dma_corr.sdk/design_1_wrapper_hw_platform_2/download.bit"
18:54:20 INFO  : Processor reset is completed for microblaze_0
18:54:47 INFO  : Processor reset is completed for microblaze_0
18:57:00 INFO  : Processor reset is completed for microblaze_0
19:00:15 INFO  : Processor reset is completed for microblaze_0
19:24:33 INFO  : Connected to target on host '127.0.0.1' and port '3121'.
19:24:33 INFO  : 'targets -set -filter {jtag_cable_name =~ "Digilent Nexys4DDR 210292646178A" && level==0} -index 0' command is executed.
19:24:39 INFO  : FPGA configured successfully with bitstream "/home/rohan/vivaldo_fresh_eth_xadc_fft_dma_corr/vivaldo_fresh_eth_xadc_fft_dma_corr.sdk/design_1_wrapper_hw_platform_2/download.bit"
19:25:04 INFO  : Processor reset is completed for microblaze_0
19:25:28 INFO  : Processor reset is completed for microblaze_0
19:27:38 INFO  : Processor reset is completed for microblaze_0
19:28:07 INFO  : Processor reset is completed for microblaze_0
19:28:40 INFO  : Processor reset is completed for microblaze_0
19:29:18 INFO  : Processor reset is completed for microblaze_0
19:29:44 INFO  : Processor reset is completed for microblaze_0
20:26:07 INFO  : Processor reset is completed for microblaze_0
20:29:48 INFO  : Processor reset is completed for microblaze_0
20:32:10 INFO  : microblaze_0 Processor is in use. Please stop existing Run or Debug sessions before launching.
20:32:12 INFO  : Processor reset is completed for microblaze_0
20:32:42 INFO  : microblaze_0 Processor is in use. Please stop existing Run or Debug sessions before launching.
20:33:10 INFO  : Processor reset is completed for microblaze_0
20:36:08 INFO  : microblaze_0 Processor is in use. Please stop existing Run or Debug sessions before launching.
20:36:11 INFO  : Processor reset is completed for microblaze_0
20:38:48 INFO  : microblaze_0 Processor is in use. Please stop existing Run or Debug sessions before launching.
20:38:51 INFO  : Processor reset is completed for microblaze_0
20:40:26 INFO  : microblaze_0 Processor is in use. Please stop existing Run or Debug sessions before launching.
20:40:29 INFO  : Processor reset is completed for microblaze_0
20:41:19 INFO  : microblaze_0 Processor is in use. Please stop existing Run or Debug sessions before launching.
20:41:21 INFO  : Processor reset is completed for microblaze_0
20:45:17 INFO  : microblaze_0 Processor is in use. Please stop existing Run or Debug sessions before launching.
20:45:19 INFO  : Processor reset is completed for microblaze_0
20:48:36 INFO  : microblaze_0 Processor is in use. Please stop existing Run or Debug sessions before launching.
20:48:39 INFO  : Processor reset is completed for microblaze_0
20:53:58 INFO  : microblaze_0 Processor is in use. Please stop existing Run or Debug sessions before launching.
20:53:59 INFO  : Processor reset is completed for microblaze_0
20:56:23 INFO  : microblaze_0 Processor is in use. Please stop existing Run or Debug sessions before launching.
20:56:24 INFO  : Processor reset is completed for microblaze_0
20:58:07 INFO  : microblaze_0 Processor is in use. Please stop existing Run or Debug sessions before launching.
20:58:09 INFO  : Processor reset is completed for microblaze_0
20:59:19 INFO  : microblaze_0 Processor is in use. Please stop existing Run or Debug sessions before launching.
20:59:21 INFO  : Processor reset is completed for microblaze_0
21:00:13 INFO  : Connected to target on host '127.0.0.1' and port '3121'.
21:00:24 INFO  : Connected to target on host '127.0.0.1' and port '3121'.
21:00:28 INFO  : Connected to target on host '127.0.0.1' and port '3121'.
21:01:10 INFO  : Invoking Bootgen: bootgen -arch fpga -image /home/rohan/vivaldo_fresh_eth_xadc_fft_dma_corr/vivaldo_fresh_eth_xadc_fft_dma_corr.sdk/design_1_wrapper_hw_platform_2/cache/bootimage.bif -w -o /home/rohan/vivaldo_fresh_eth_xadc_fft_dma_corr/vivaldo_fresh_eth_xadc_fft_dma_corr.sdk/design_1_wrapper_hw_platform_2/cache/BOOT.bin  -interface bpix16
21:01:12 INFO  : Bootgen command execution is done.
21:01:59 INFO  : Connected to target on host '127.0.0.1' and port '3121'.
21:01:59 INFO  : 'targets -set -filter {jtag_cable_name =~ "Digilent Nexys4DDR 210292646178A" && level==0} -index 0' command is executed.
21:02:05 INFO  : FPGA configured successfully with bitstream "/home/rohan/vivaldo_fresh_eth_xadc_fft_dma_corr/vivaldo_fresh_eth_xadc_fft_dma_corr.sdk/design_1_wrapper_hw_platform_2/download.bit"
21:02:15 INFO  : Processor reset is completed for microblaze_0
21:13:54 INFO  : microblaze_0 Processor is in use. Please stop existing Run or Debug sessions before launching.
21:13:56 INFO  : Processor reset is completed for microblaze_0
21:15:17 INFO  : microblaze_0 Processor is in use. Please stop existing Run or Debug sessions before launching.
21:15:19 INFO  : Processor reset is completed for microblaze_0
21:16:03 INFO  : Connected to target on host '127.0.0.1' and port '3121'.
21:16:03 INFO  : 'targets -set -filter {jtag_cable_name =~ "Digilent Nexys4DDR 210292646178A" && level==0} -index 0' command is executed.
21:16:08 INFO  : FPGA configured successfully with bitstream "/home/rohan/vivaldo_fresh_eth_xadc_fft_dma_corr/vivaldo_fresh_eth_xadc_fft_dma_corr.sdk/design_1_wrapper_hw_platform_2/download.bit"
21:16:48 INFO  : Processor reset is completed for microblaze_0
21:17:52 INFO  : microblaze_0 Processor is in use. Please stop existing Run or Debug sessions before launching.
21:17:53 INFO  : Processor reset is completed for microblaze_0
21:19:53 INFO  : microblaze_0 Processor is in use. Please stop existing Run or Debug sessions before launching.
21:19:55 INFO  : Processor reset is completed for microblaze_0
21:20:34 INFO  : microblaze_0 Processor is in use. Please stop existing Run or Debug sessions before launching.
21:20:35 INFO  : Processor reset is completed for microblaze_0
21:24:55 INFO  : microblaze_0 Processor is in use. Please stop existing Run or Debug sessions before launching.
21:24:56 INFO  : Processor reset is completed for microblaze_0
21:25:54 INFO  : microblaze_0 Processor is in use. Please stop existing Run or Debug sessions before launching.
21:25:57 INFO  : Processor reset is completed for microblaze_0
21:27:47 ERROR : Unexpected error while parsing XMD response : com.google.gson.JsonSyntaxException: com.google.gson.stream.MalformedJsonException: invalid number or unquoted string near 
21:28:37 INFO  : Registering command handlers for SDK TCF services
21:28:37 INFO  : Launching XSCT server: xsct -n -interactive /home/rohan/vivaldo_fresh_eth_xadc_fft_dma_corr/vivaldo_fresh_eth_xadc_fft_dma_corr.sdk/temp_xsdb_launch_script.tcl
21:28:44 INFO  : XSCT server has started successfully.
21:28:44 INFO  : Successfully done setting XSCT server connection channel  
21:29:17 INFO  : Successfully done setting SDK workspace  
21:29:17 INFO  : Processing command line option -hwspec /home/rohan/vivaldo_fresh_eth_xadc_fft_dma_corr/vivaldo_fresh_eth_xadc_fft_dma_corr.sdk/design_1_wrapper.hdf.
21:29:22 INFO  : Checking for hwspec changes in the project design_1_wrapper_hw_platform_2.
21:30:58 INFO  : Processor reset is completed for microblaze_0
21:31:53 INFO  : microblaze_0 Processor is in use. Please stop existing Run or Debug sessions before launching.
21:31:55 INFO  : Processor reset is completed for microblaze_0
21:34:07 INFO  : microblaze_0 Processor is in use. Please stop existing Run or Debug sessions before launching.
21:34:09 INFO  : Processor reset is completed for microblaze_0
21:35:16 INFO  : microblaze_0 Processor is in use. Please stop existing Run or Debug sessions before launching.
21:35:17 INFO  : Processor reset is completed for microblaze_0
21:37:22 INFO  : microblaze_0 Processor is in use. Please stop existing Run or Debug sessions before launching.
21:37:23 INFO  : Processor reset is completed for microblaze_0
21:39:05 INFO  : microblaze_0 Processor is in use. Please stop existing Run or Debug sessions before launching.
21:39:06 INFO  : Processor reset is completed for microblaze_0
21:39:54 INFO  : microblaze_0 Processor is in use. Please stop existing Run or Debug sessions before launching.
21:39:55 INFO  : Processor reset is completed for microblaze_0
21:53:43 INFO  : microblaze_0 Processor is in use. Please stop existing Run or Debug sessions before launching.
21:53:45 INFO  : Processor reset is completed for microblaze_0
21:54:25 INFO  : microblaze_0 Processor is in use. Please stop existing Run or Debug sessions before launching.
21:54:27 INFO  : Processor reset is completed for microblaze_0
21:55:19 INFO  : microblaze_0 Processor is in use. Please stop existing Run or Debug sessions before launching.
21:55:21 INFO  : Processor reset is completed for microblaze_0
21:56:34 INFO  : microblaze_0 Processor is in use. Please stop existing Run or Debug sessions before launching.
21:56:36 INFO  : Processor reset is completed for microblaze_0
21:58:22 ERROR : Unexpected error while launching program.
com.xilinx.sdk.targetmanager.TMException: Could not detect MDM peripheral on hardware. Please check:
    1. If FPGA is configured correctly
    2. MDM Core is instantiated in the design
    3. If the correct FPGA is referred, in case of multiple FPGAs
    4. If the correct MDM is referred, in case of a multiple MDM system
    

	at com.xilinx.sdk.targetmanager.internal.TM.connectToProcessor(TM.java:484)
	at com.xilinx.sdk.debug.core.XilinxAppLaunchConfigurationDelegate.runTargetSetup(XilinxAppLaunchConfigurationDelegate.java:451)
	at com.xilinx.sdk.debug.core.XilinxAppLaunchConfigurationDelegate.runApplication(XilinxAppLaunchConfigurationDelegate.java:616)
	at com.xilinx.sdk.debug.core.XilinxAppLaunchConfigurationDelegate.launch(XilinxAppLaunchConfigurationDelegate.java:309)
	at com.xilinx.sdk.debug.ui.XilinxAppLaunchDelegateWrapper.launch(XilinxAppLaunchDelegateWrapper.java:31)
	at org.eclipse.debug.internal.core.LaunchConfiguration.launch(LaunchConfiguration.java:885)
	at org.eclipse.debug.internal.core.LaunchConfiguration.launch(LaunchConfiguration.java:739)
	at org.eclipse.debug.internal.ui.DebugUIPlugin.buildAndLaunch(DebugUIPlugin.java:1039)
	at org.eclipse.debug.internal.ui.DebugUIPlugin$8.run(DebugUIPlugin.java:1256)
	at org.eclipse.core.internal.jobs.Worker.run(Worker.java:55)
21:58:48 INFO  : Connected to target on host '127.0.0.1' and port '3121'.
21:58:48 INFO  : 'targets -set -filter {jtag_cable_name =~ "Digilent Nexys4DDR 210292646178A" && level==0} -index 0' command is executed.
21:58:50 INFO  : FPGA configured successfully with bitstream "/home/rohan/vivaldo_fresh_eth_xadc_fft_dma_corr/vivaldo_fresh_eth_xadc_fft_dma_corr.sdk/design_1_wrapper_hw_platform_2/download.bit"
21:59:03 INFO  : Processor reset is completed for microblaze_0
21:59:37 INFO  : microblaze_0 Processor is in use. Please stop existing Run or Debug sessions before launching.
21:59:39 INFO  : Processor reset is completed for microblaze_0
22:00:12 INFO  : microblaze_0 Processor is in use. Please stop existing Run or Debug sessions before launching.
22:00:34 INFO  : microblaze_0 Processor is in use. Please stop existing Run or Debug sessions before launching.
22:00:35 INFO  : Processor reset is completed for microblaze_0
22:01:11 INFO  : microblaze_0 Processor is in use. Please stop existing Run or Debug sessions before launching.
22:01:14 INFO  : Processor reset is completed for microblaze_0
22:01:42 INFO  : microblaze_0 Processor is in use. Please stop existing Run or Debug sessions before launching.
22:01:44 INFO  : Processor reset is completed for microblaze_0
22:02:21 INFO  : microblaze_0 Processor is in use. Please stop existing Run or Debug sessions before launching.
22:02:23 INFO  : Processor reset is completed for microblaze_0
22:02:57 INFO  : microblaze_0 Processor is in use. Please stop existing Run or Debug sessions before launching.
22:03:01 INFO  : Processor reset is completed for microblaze_0
22:07:19 INFO  : microblaze_0 Processor is in use. Please stop existing Run or Debug sessions before launching.
22:07:21 INFO  : Processor reset is completed for microblaze_0
22:07:53 INFO  : microblaze_0 Processor is in use. Please stop existing Run or Debug sessions before launching.
22:07:55 INFO  : Processor reset is completed for microblaze_0
22:08:23 INFO  : microblaze_0 Processor is in use. Please stop existing Run or Debug sessions before launching.
22:08:28 INFO  : Processor reset is completed for microblaze_0
22:08:54 INFO  : microblaze_0 Processor is in use. Please stop existing Run or Debug sessions before launching.
22:08:56 INFO  : Processor reset is completed for microblaze_0
22:09:26 INFO  : microblaze_0 Processor is in use. Please stop existing Run or Debug sessions before launching.
22:09:28 INFO  : Processor reset is completed for microblaze_0
22:09:56 INFO  : microblaze_0 Processor is in use. Please stop existing Run or Debug sessions before launching.
22:09:58 INFO  : Processor reset is completed for microblaze_0
22:15:38 INFO  : microblaze_0 Processor is in use. Please stop existing Run or Debug sessions before launching.
22:16:07 INFO  : microblaze_0 Processor is in use. Please stop existing Run or Debug sessions before launching.
22:16:08 INFO  : Processor reset is completed for microblaze_0
22:19:11 INFO  : microblaze_0 Processor is in use. Please stop existing Run or Debug sessions before launching.
22:19:13 INFO  : Processor reset is completed for microblaze_0
22:22:39 ERROR : Unexpected error while parsing XMD response : com.google.gson.JsonSyntaxException: com.google.gson.stream.MalformedJsonException: invalid number or unquoted string near 
22:32:54 INFO  : Registering command handlers for SDK TCF services
22:32:55 INFO  : Launching XSCT server: xsct -n -interactive /home/rohan/vivaldo_fresh_eth_xadc_fft_dma_corr/vivaldo_fresh_eth_xadc_fft_dma_corr.sdk/temp_xsdb_launch_script.tcl
22:32:58 INFO  : XSCT server has started successfully.
22:33:01 INFO  : Successfully done setting XSCT server connection channel  
22:33:01 INFO  : Successfully done setting SDK workspace  
22:33:01 INFO  : Processing command line option -hwspec /home/rohan/vivaldo_fresh_eth_xadc_fft_dma_corr/vivaldo_fresh_eth_xadc_fft_dma_corr.sdk/design_1_wrapper.hdf.
22:33:01 INFO  : Checking for hwspec changes in the project design_1_wrapper_hw_platform_2.
22:34:23 INFO  : Processor reset is completed for microblaze_0
22:36:11 INFO  : microblaze_0 Processor is in use. Please stop existing Run or Debug sessions before launching.
22:36:13 INFO  : Processor reset is completed for microblaze_0
22:39:00 INFO  : microblaze_0 Processor is in use. Please stop existing Run or Debug sessions before launching.
22:39:15 INFO  : Processor reset is completed for microblaze_0
22:40:19 INFO  : microblaze_0 Processor is in use. Please stop existing Run or Debug sessions before launching.
22:40:21 INFO  : Processor reset is completed for microblaze_0
22:41:06 INFO  : microblaze_0 Processor is in use. Please stop existing Run or Debug sessions before launching.
22:41:08 INFO  : Processor reset is completed for microblaze_0
22:44:13 INFO  : microblaze_0 Processor is in use. Please stop existing Run or Debug sessions before launching.
22:44:15 INFO  : Processor reset is completed for microblaze_0
22:45:00 INFO  : microblaze_0 Processor is in use. Please stop existing Run or Debug sessions before launching.
22:45:01 INFO  : Processor reset is completed for microblaze_0
22:45:25 INFO  : microblaze_0 Processor is in use. Please stop existing Run or Debug sessions before launching.
22:45:27 INFO  : Processor reset is completed for microblaze_0
22:46:16 INFO  : Connected to target on host '127.0.0.1' and port '3121'.
22:46:18 INFO  : 'targets -set -filter {jtag_cable_name =~ "Digilent Nexys4DDR 210292646178A" && level==0} -index 0' command is executed.
22:46:20 INFO  : FPGA configured successfully with bitstream "/home/rohan/vivaldo_fresh_eth_xadc_fft_dma_corr/vivaldo_fresh_eth_xadc_fft_dma_corr.sdk/design_1_wrapper_hw_platform_2/download.bit"
22:46:53 INFO  : microblaze_0 Processor is in use. Please stop existing Run or Debug sessions before launching.
22:46:57 INFO  : Processor reset is completed for microblaze_0
22:50:06 INFO  : microblaze_0 Processor is in use. Please stop existing Run or Debug sessions before launching.
22:50:08 INFO  : Processor reset is completed for microblaze_0
22:52:38 INFO  : microblaze_0 Processor is in use. Please stop existing Run or Debug sessions before launching.
22:52:45 INFO  : Processor reset is completed for microblaze_0
22:53:53 INFO  : microblaze_0 Processor is in use. Please stop existing Run or Debug sessions before launching.
22:53:57 INFO  : Processor reset is completed for microblaze_0
22:55:47 INFO  : microblaze_0 Processor is in use. Please stop existing Run or Debug sessions before launching.
22:55:51 INFO  : Processor reset is completed for microblaze_0
22:59:13 INFO  : microblaze_0 Processor is in use. Please stop existing Run or Debug sessions before launching.
22:59:15 INFO  : Processor reset is completed for microblaze_0
23:01:55 INFO  : microblaze_0 Processor is in use. Please stop existing Run or Debug sessions before launching.
23:02:00 INFO  : Processor reset is completed for microblaze_0
23:05:26 INFO  : microblaze_0 Processor is in use. Please stop existing Run or Debug sessions before launching.
23:05:30 INFO  : Processor reset is completed for microblaze_0
23:08:05 ERROR : Unexpected error while parsing XMD response : com.google.gson.JsonSyntaxException: com.google.gson.stream.MalformedJsonException: invalid number or unquoted string near 
21:54:37 INFO  : Registering command handlers for SDK TCF services
21:54:39 INFO  : Launching XSCT server: xsct -n -interactive /home/rohan/vivaldo_fresh_eth_xadc_fft_dma_corr/vivaldo_fresh_eth_xadc_fft_dma_corr.sdk/temp_xsdb_launch_script.tcl
21:54:45 INFO  : XSCT server has started successfully.
21:54:45 INFO  : Successfully done setting XSCT server connection channel  
21:55:06 INFO  : Successfully done setting SDK workspace  
21:55:06 INFO  : Processing command line option -hwspec /home/rohan/vivaldo_fresh_eth_xadc_fft_dma_corr/vivaldo_fresh_eth_xadc_fft_dma_corr.sdk/design_1_wrapper.hdf.
21:55:06 INFO  : Checking for hwspec changes in the project design_1_wrapper_hw_platform_2.
22:58:09 INFO  : Registering command handlers for SDK TCF services
22:58:11 INFO  : Launching XSCT server: xsct -n -interactive /home/rohan/vivaldo_fresh_eth_xadc_fft_dma_corr/vivaldo_fresh_eth_xadc_fft_dma_corr.sdk/temp_xsdb_launch_script.tcl
22:58:19 INFO  : XSCT server has started successfully.
22:58:19 INFO  : Successfully done setting XSCT server connection channel  
22:58:49 INFO  : Successfully done setting SDK workspace  
22:58:49 INFO  : Processing command line option -hwspec /home/rohan/vivaldo_fresh_eth_xadc_fft_dma_corr/vivaldo_fresh_eth_xadc_fft_dma_corr.sdk/design_1_wrapper.hdf.
22:58:49 INFO  : Checking for hwspec changes in the project design_1_wrapper_hw_platform_2.
22:59:58 INFO  : Connected to target on host '127.0.0.1' and port '3121'.
22:59:59 INFO  : 'targets -set -filter {jtag_cable_name =~ "Digilent Nexys4DDR 210292646034A" && level==0} -index 0' command is executed.
23:00:01 INFO  : FPGA configured successfully with bitstream "/home/rohan/vivaldo_fresh_eth_xadc_fft_dma_corr/vivaldo_fresh_eth_xadc_fft_dma_corr.sdk/design_1_wrapper_hw_platform_2/download.bit"
23:00:19 INFO  : Processor reset is completed for microblaze_0
23:01:23 INFO  : microblaze_0 Processor is in use. Please stop existing Run or Debug sessions before launching.
23:01:25 INFO  : Processor reset is completed for microblaze_0
23:06:44 INFO  : microblaze_0 Processor is in use. Please stop existing Run or Debug sessions before launching.
23:06:46 INFO  : Processor reset is completed for microblaze_0
23:07:31 INFO  : microblaze_0 Processor is in use. Please stop existing Run or Debug sessions before launching.
23:07:32 INFO  : Processor reset is completed for microblaze_0
23:08:35 INFO  : microblaze_0 Processor is in use. Please stop existing Run or Debug sessions before launching.
23:08:37 INFO  : Processor reset is completed for microblaze_0
23:12:57 INFO  : microblaze_0 Processor is in use. Please stop existing Run or Debug sessions before launching.
23:12:59 INFO  : Processor reset is completed for microblaze_0
23:13:47 INFO  : microblaze_0 Processor is in use. Please stop existing Run or Debug sessions before launching.
23:13:48 INFO  : Processor reset is completed for microblaze_0
23:20:29 INFO  : Registering command handlers for SDK TCF services
23:20:30 INFO  : Launching XSCT server: xsct -n -interactive /home/rohan/vivaldo_fresh_eth_xadc_fft_dma_corr/vivaldo_fresh_eth_xadc_fft_dma_corr.sdk/temp_xsdb_launch_script.tcl
23:20:37 INFO  : XSCT server has started successfully.
23:20:39 INFO  : Successfully done setting XSCT server connection channel  
23:21:09 INFO  : Successfully done setting SDK workspace  
23:21:09 INFO  : Processing command line option -hwspec /home/rohan/vivaldo_fresh_eth_xadc_fft_dma_corr/vivaldo_fresh_eth_xadc_fft_dma_corr.sdk/design_1_wrapper.hdf.
23:21:14 INFO  : Checking for hwspec changes in the project design_1_wrapper_hw_platform_2.
23:21:45 INFO  : Connected to target on host '127.0.0.1' and port '3121'.
23:21:45 INFO  : 'targets -set -filter {jtag_cable_name =~ "Digilent Nexys4DDR 210292646034A" && level==0} -index 0' command is executed.
23:21:47 INFO  : FPGA configured successfully with bitstream "/home/rohan/vivaldo_fresh_eth_xadc_fft_dma_corr/vivaldo_fresh_eth_xadc_fft_dma_corr.sdk/design_1_wrapper_hw_platform_2/download.bit"
23:22:13 INFO  : Processor reset is completed for microblaze_0
23:23:22 INFO  : microblaze_0 Processor is in use. Please stop existing Run or Debug sessions before launching.
23:23:25 INFO  : Processor reset is completed for microblaze_0
23:24:09 INFO  : microblaze_0 Processor is in use. Please stop existing Run or Debug sessions before launching.
23:24:11 INFO  : Processor reset is completed for microblaze_0
23:29:27 INFO  : microblaze_0 Processor is in use. Please stop existing Run or Debug sessions before launching.
23:29:29 INFO  : Processor reset is completed for microblaze_0
23:31:03 INFO  : microblaze_0 Processor is in use. Please stop existing Run or Debug sessions before launching.
23:31:05 INFO  : Processor reset is completed for microblaze_0
23:32:28 INFO  : microblaze_0 Processor is in use. Please stop existing Run or Debug sessions before launching.
23:32:31 INFO  : Processor reset is completed for microblaze_0
23:35:14 INFO  : microblaze_0 Processor is in use. Please stop existing Run or Debug sessions before launching.
23:35:16 INFO  : Processor reset is completed for microblaze_0
23:36:22 INFO  : microblaze_0 Processor is in use. Please stop existing Run or Debug sessions before launching.
23:36:24 INFO  : Processor reset is completed for microblaze_0
23:37:38 ERROR : Unexpected error while parsing XMD response : com.google.gson.JsonSyntaxException: com.google.gson.stream.MalformedJsonException: invalid number or unquoted string near 
09:09:47 INFO  : Registering command handlers for SDK TCF services
09:09:49 INFO  : Launching XSCT server: xsct -n -interactive /home/rohan/vivaldo_fresh_eth_xadc_fft_dma_corr/vivaldo_fresh_eth_xadc_fft_dma_corr.sdk/temp_xsdb_launch_script.tcl
09:09:57 INFO  : XSCT server has started successfully.
09:09:57 INFO  : Successfully done setting XSCT server connection channel  
09:10:27 INFO  : Successfully done setting SDK workspace  
09:10:27 INFO  : Processing command line option -hwspec /home/rohan/vivaldo_fresh_eth_xadc_fft_dma_corr/vivaldo_fresh_eth_xadc_fft_dma_corr.sdk/design_1_wrapper.hdf.
09:10:33 INFO  : Checking for hwspec changes in the project design_1_wrapper_hw_platform_2.
09:11:31 INFO  : Connected to target on host '127.0.0.1' and port '3121'.
09:11:31 INFO  : 'targets -set -filter {jtag_cable_name =~ "Digilent Nexys4DDR 210292646034A" && level==0} -index 0' command is executed.
09:11:33 INFO  : FPGA configured successfully with bitstream "/home/rohan/vivaldo_fresh_eth_xadc_fft_dma_corr/vivaldo_fresh_eth_xadc_fft_dma_corr.sdk/design_1_wrapper_hw_platform_2/download.bit"
09:14:06 INFO  : Processor reset is completed for microblaze_0
09:39:05 INFO  : microblaze_0 Processor is in use. Please stop existing Run or Debug sessions before launching.
09:39:27 INFO  : Processor reset is completed for microblaze_0
09:39:57 INFO  : microblaze_0 Processor is in use. Please stop existing Run or Debug sessions before launching.
09:39:58 INFO  : Processor reset is completed for microblaze_0
09:41:39 INFO  : microblaze_0 Processor is in use. Please stop existing Run or Debug sessions before launching.
09:43:53 INFO  : microblaze_0 Processor is in use. Please stop existing Run or Debug sessions before launching.
09:43:55 INFO  : Processor reset is completed for microblaze_0
09:44:24 INFO  : microblaze_0 Processor is in use. Please stop existing Run or Debug sessions before launching.
09:44:28 INFO  : Processor reset is completed for microblaze_0
09:46:54 ERROR : Unexpected error while parsing XMD response : com.google.gson.JsonSyntaxException: com.google.gson.stream.MalformedJsonException: invalid number or unquoted string near 
