
*** Running vivado
    with args -log design_1_util_vector_logic_0_0.vds -m64 -product Vivado -mode batch -messageDb vivado.pb -notrace -source design_1_util_vector_logic_0_0.tcl


****** Vivado v2017.2 (64-bit)
  **** SW Build 1909853 on Thu Jun 15 18:39:10 MDT 2017
  **** IP Build 1909766 on Thu Jun 15 19:58:00 MDT 2017
    ** Copyright 1986-2017 Xilinx, Inc. All Rights Reserved.

source design_1_util_vector_logic_0_0.tcl -notrace
Starting RTL Elaboration : Time (s): cpu = 00:00:03 ; elapsed = 00:00:03 . Memory (MB): peak = 1200.566 ; gain = 72.000 ; free physical = 5387 ; free virtual = 37267
INFO: [Synth 8-638] synthesizing module 'design_1_util_vector_logic_0_0' [/nfs/ug/homes-1/t/tramblei/vivaldo_fresh_eth_xadc_fft_dma_corr/vivaldo_fresh_eth_xadc_fft_dma_corr.srcs/sources_1/bd/design_1/ip/design_1_util_vector_logic_0_0/synth/design_1_util_vector_logic_0_0.v:57]
INFO: [Synth 8-638] synthesizing module 'util_vector_logic_v2_0_1_util_vector_logic' [/nfs/ug/homes-1/t/tramblei/vivaldo_fresh_eth_xadc_fft_dma_corr/vivaldo_fresh_eth_xadc_fft_dma_corr.srcs/sources_1/bd/design_1/ipshared/25ee/hdl/util_vector_logic_v2_0_vl_rfs.v:45]
INFO: [Synth 8-256] done synthesizing module 'util_vector_logic_v2_0_1_util_vector_logic' (1#1) [/nfs/ug/homes-1/t/tramblei/vivaldo_fresh_eth_xadc_fft_dma_corr/vivaldo_fresh_eth_xadc_fft_dma_corr.srcs/sources_1/bd/design_1/ipshared/25ee/hdl/util_vector_logic_v2_0_vl_rfs.v:45]
INFO: [Synth 8-256] done synthesizing module 'design_1_util_vector_logic_0_0' (2#1) [/nfs/ug/homes-1/t/tramblei/vivaldo_fresh_eth_xadc_fft_dma_corr/vivaldo_fresh_eth_xadc_fft_dma_corr.srcs/sources_1/bd/design_1/ip/design_1_util_vector_logic_0_0/synth/design_1_util_vector_logic_0_0.v:57]
Finished RTL Elaboration : Time (s): cpu = 00:00:03 ; elapsed = 00:00:04 . Memory (MB): peak = 1241.066 ; gain = 112.500 ; free physical = 5409 ; free virtual = 37289
Finished RTL Optimization Phase 1 : Time (s): cpu = 00:00:04 ; elapsed = 00:00:04 . Memory (MB): peak = 1241.066 ; gain = 112.500 ; free physical = 5412 ; free virtual = 37292
INFO: [Device 21-403] Loading part xc7a100tcsg324-1
Constraint Validation Runtime : Time (s): cpu = 00:00:00.01 ; elapsed = 00:00:00.02 . Memory (MB): peak = 1502.926 ; gain = 0.000 ; free physical = 4929 ; free virtual = 36813
Finished Constraint Validation : Time (s): cpu = 00:00:10 ; elapsed = 00:00:11 . Memory (MB): peak = 1502.926 ; gain = 374.359 ; free physical = 5054 ; free virtual = 36943
Finished Loading Part and Timing Information : Time (s): cpu = 00:00:10 ; elapsed = 00:00:11 . Memory (MB): peak = 1502.926 ; gain = 374.359 ; free physical = 5060 ; free virtual = 36949
Finished applying 'set_property' XDC Constraints : Time (s): cpu = 00:00:10 ; elapsed = 00:00:11 . Memory (MB): peak = 1502.926 ; gain = 374.359 ; free physical = 5061 ; free virtual = 36950
Finished RTL Optimization Phase 2 : Time (s): cpu = 00:00:10 ; elapsed = 00:00:11 . Memory (MB): peak = 1502.926 ; gain = 374.359 ; free physical = 5045 ; free virtual = 36934
Finished Cross Boundary and Area Optimization : Time (s): cpu = 00:00:10 ; elapsed = 00:00:11 . Memory (MB): peak = 1502.926 ; gain = 374.359 ; free physical = 5036 ; free virtual = 36925
Finished Applying XDC Timing Constraints : Time (s): cpu = 00:00:15 ; elapsed = 00:00:16 . Memory (MB): peak = 1531.918 ; gain = 403.352 ; free physical = 4787 ; free virtual = 36671
Finished Timing Optimization : Time (s): cpu = 00:00:15 ; elapsed = 00:00:16 . Memory (MB): peak = 1531.918 ; gain = 403.352 ; free physical = 4787 ; free virtual = 36672
Finished Technology Mapping : Time (s): cpu = 00:00:15 ; elapsed = 00:00:16 . Memory (MB): peak = 1540.934 ; gain = 412.367 ; free physical = 4786 ; free virtual = 36671
Finished IO Insertion : Time (s): cpu = 00:00:15 ; elapsed = 00:00:16 . Memory (MB): peak = 1540.934 ; gain = 412.367 ; free physical = 4788 ; free virtual = 36673
Finished Renaming Generated Instances : Time (s): cpu = 00:00:15 ; elapsed = 00:00:16 . Memory (MB): peak = 1540.934 ; gain = 412.367 ; free physical = 4788 ; free virtual = 36673
Finished Rebuilding User Hierarchy : Time (s): cpu = 00:00:15 ; elapsed = 00:00:16 . Memory (MB): peak = 1540.934 ; gain = 412.367 ; free physical = 4788 ; free virtual = 36673
Finished Renaming Generated Ports : Time (s): cpu = 00:00:15 ; elapsed = 00:00:16 . Memory (MB): peak = 1540.934 ; gain = 412.367 ; free physical = 4789 ; free virtual = 36674
Finished Handling Custom Attributes : Time (s): cpu = 00:00:15 ; elapsed = 00:00:16 . Memory (MB): peak = 1540.934 ; gain = 412.367 ; free physical = 4791 ; free virtual = 36675
Finished Renaming Generated Nets : Time (s): cpu = 00:00:15 ; elapsed = 00:00:16 . Memory (MB): peak = 1540.934 ; gain = 412.367 ; free physical = 4791 ; free virtual = 36676

Report Cell Usage: 
+------+-----+------+
|      |Cell |Count |
+------+-----+------+
|1     |LUT2 |     5|
+------+-----+------+
Finished Writing Synthesis Report : Time (s): cpu = 00:00:15 ; elapsed = 00:00:16 . Memory (MB): peak = 1540.934 ; gain = 412.367 ; free physical = 4793 ; free virtual = 36678
synth_design: Time (s): cpu = 00:00:16 ; elapsed = 00:00:18 . Memory (MB): peak = 1547.934 ; gain = 431.949 ; free physical = 4837 ; free virtual = 36722
