
*** Running vivado
    with args -log design_1_system_ila_0_0.vds -m64 -product Vivado -mode batch -messageDb vivado.pb -notrace -source design_1_system_ila_0_0.tcl


****** Vivado v2017.2 (64-bit)
  **** SW Build 1909853 on Thu Jun 15 18:39:10 MDT 2017
  **** IP Build 1909766 on Thu Jun 15 19:58:00 MDT 2017
    ** Copyright 1986-2017 Xilinx, Inc. All Rights Reserved.

source design_1_system_ila_0_0.tcl -notrace
Starting RTL Elaboration : Time (s): cpu = 00:00:04 ; elapsed = 00:00:04 . Memory (MB): peak = 1280.621 ; gain = 84.000 ; free physical = 2000 ; free virtual = 34151
INFO: [Synth 8-638] synthesizing module 'design_1_system_ila_0_0' [/nfs/ug/homes-1/t/tramblei/vivaldo_fresh_eth_xadc_fft_dma_corr/vivaldo_fresh_eth_xadc_fft_dma_corr.srcs/sources_1/bd/design_1/ip/design_1_system_ila_0_0/synth/design_1_system_ila_0_0.v:206]
INFO: [Synth 8-638] synthesizing module 'bd_f60c' [/nfs/ug/homes-1/t/tramblei/vivaldo_fresh_eth_xadc_fft_dma_corr/vivaldo_fresh_eth_xadc_fft_dma_corr.srcs/sources_1/bd/design_1/ip/design_1_system_ila_0_0/bd_0/hdl/bd_f60c.v:13]
INFO: [Synth 8-638] synthesizing module 'bd_f60c_ila_lib_0' [/nfs/ug/homes-1/t/tramblei/vivaldo_fresh_eth_xadc_fft_dma_corr/vivaldo_fresh_eth_xadc_fft_dma_corr.srcs/sources_1/bd/design_1/ip/design_1_system_ila_0_0/bd_0/ip/ip_0/synth/bd_f60c_ila_lib_0.v:84]
INFO: [Synth 8-638] synthesizing module 'CFGLUT5' [/cad1/Xilinx/Vivado/2017.2/scripts/rt/data/unisim_comp.v:998]
INFO: [Synth 8-256] done synthesizing module 'CFGLUT5' (8#1) [/cad1/Xilinx/Vivado/2017.2/scripts/rt/data/unisim_comp.v:998]
INFO: [Synth 8-638] synthesizing module 'CARRY4' [/cad1/Xilinx/Vivado/2017.2/scripts/rt/data/unisim_comp.v:961]
INFO: [Synth 8-256] done synthesizing module 'CARRY4' (9#1) [/cad1/Xilinx/Vivado/2017.2/scripts/rt/data/unisim_comp.v:961]
INFO: [Synth 8-638] synthesizing module 'SRLC32E' [/cad1/Xilinx/Vivado/2017.2/scripts/rt/data/unisim_comp.v:43823]
INFO: [Synth 8-256] done synthesizing module 'SRLC32E' (19#1) [/cad1/Xilinx/Vivado/2017.2/scripts/rt/data/unisim_comp.v:43823]
INFO: [Synth 8-638] synthesizing module 'SRL16E' [/cad1/Xilinx/Vivado/2017.2/scripts/rt/data/unisim_comp.v:43673]
INFO: [Synth 8-256] done synthesizing module 'SRL16E' (21#1) [/cad1/Xilinx/Vivado/2017.2/scripts/rt/data/unisim_comp.v:43673]
INFO: [Synth 8-638] synthesizing module 'SRLC16E' [/cad1/Xilinx/Vivado/2017.2/scripts/rt/data/unisim_comp.v:43762]
INFO: [Synth 8-256] done synthesizing module 'SRLC16E' (23#1) [/cad1/Xilinx/Vivado/2017.2/scripts/rt/data/unisim_comp.v:43762]
INFO: [Synth 8-638] synthesizing module 'FDRE' [/cad1/Xilinx/Vivado/2017.2/scripts/rt/data/unisim_comp.v:3964]
INFO: [Synth 8-256] done synthesizing module 'FDRE' (28#1) [/cad1/Xilinx/Vivado/2017.2/scripts/rt/data/unisim_comp.v:3964]
INFO: [Synth 8-256] done synthesizing module 'bd_f60c_ila_lib_0' (46#1) [/nfs/ug/homes-1/t/tramblei/vivaldo_fresh_eth_xadc_fft_dma_corr/vivaldo_fresh_eth_xadc_fft_dma_corr.srcs/sources_1/bd/design_1/ip/design_1_system_ila_0_0/bd_0/ip/ip_0/synth/bd_f60c_ila_lib_0.v:84]
INFO: [Synth 8-256] done synthesizing module 'bd_f60c' (47#1) [/nfs/ug/homes-1/t/tramblei/vivaldo_fresh_eth_xadc_fft_dma_corr/vivaldo_fresh_eth_xadc_fft_dma_corr.srcs/sources_1/bd/design_1/ip/design_1_system_ila_0_0/bd_0/hdl/bd_f60c.v:13]
INFO: [Synth 8-256] done synthesizing module 'design_1_system_ila_0_0' (48#1) [/nfs/ug/homes-1/t/tramblei/vivaldo_fresh_eth_xadc_fft_dma_corr/vivaldo_fresh_eth_xadc_fft_dma_corr.srcs/sources_1/bd/design_1/ip/design_1_system_ila_0_0/synth/design_1_system_ila_0_0.v:206]
Finished RTL Elaboration : Time (s): cpu = 00:00:46 ; elapsed = 00:00:46 . Memory (MB): peak = 1585.465 ; gain = 388.844 ; free physical = 1847 ; free virtual = 34006
Finished RTL Optimization Phase 1 : Time (s): cpu = 00:00:46 ; elapsed = 00:00:47 . Memory (MB): peak = 1585.465 ; gain = 388.844 ; free physical = 1883 ; free virtual = 34038
INFO: [Device 21-403] Loading part xc7a100tcsg324-1
Constraint Validation Runtime : Time (s): cpu = 00:00:00.09 ; elapsed = 00:00:00.10 . Memory (MB): peak = 1730.496 ; gain = 0.000 ; free physical = 1662 ; free virtual = 33810
Finished Constraint Validation : Time (s): cpu = 00:00:55 ; elapsed = 00:00:57 . Memory (MB): peak = 1730.496 ; gain = 533.875 ; free physical = 1747 ; free virtual = 33894
Finished Loading Part and Timing Information : Time (s): cpu = 00:00:55 ; elapsed = 00:00:57 . Memory (MB): peak = 1730.496 ; gain = 533.875 ; free physical = 1747 ; free virtual = 33894
Finished applying 'set_property' XDC Constraints : Time (s): cpu = 00:00:55 ; elapsed = 00:00:57 . Memory (MB): peak = 1730.496 ; gain = 533.875 ; free physical = 1748 ; free virtual = 33896
Finished RTL Optimization Phase 2 : Time (s): cpu = 00:00:56 ; elapsed = 00:00:59 . Memory (MB): peak = 1730.496 ; gain = 533.875 ; free physical = 1838 ; free virtual = 33994
Finished Cross Boundary and Area Optimization : Time (s): cpu = 00:01:02 ; elapsed = 00:01:05 . Memory (MB): peak = 1730.496 ; gain = 533.875 ; free physical = 1771 ; free virtual = 33917
Finished Applying XDC Timing Constraints : Time (s): cpu = 00:01:07 ; elapsed = 00:01:11 . Memory (MB): peak = 1730.496 ; gain = 533.875 ; free physical = 1700 ; free virtual = 33844
Finished Timing Optimization : Time (s): cpu = 00:01:08 ; elapsed = 00:01:11 . Memory (MB): peak = 1730.496 ; gain = 533.875 ; free physical = 1698 ; free virtual = 33843
Finished Technology Mapping : Time (s): cpu = 00:01:08 ; elapsed = 00:01:12 . Memory (MB): peak = 1730.496 ; gain = 533.875 ; free physical = 1700 ; free virtual = 33840
Finished IO Insertion : Time (s): cpu = 00:01:08 ; elapsed = 00:01:12 . Memory (MB): peak = 1730.496 ; gain = 533.875 ; free physical = 1700 ; free virtual = 33839
Finished Renaming Generated Instances : Time (s): cpu = 00:01:08 ; elapsed = 00:01:12 . Memory (MB): peak = 1730.496 ; gain = 533.875 ; free physical = 1700 ; free virtual = 33839
Finished Rebuilding User Hierarchy : Time (s): cpu = 00:01:09 ; elapsed = 00:01:12 . Memory (MB): peak = 1730.496 ; gain = 533.875 ; free physical = 1700 ; free virtual = 33839
Finished Renaming Generated Ports : Time (s): cpu = 00:01:09 ; elapsed = 00:01:12 . Memory (MB): peak = 1730.496 ; gain = 533.875 ; free physical = 1700 ; free virtual = 33839
Finished Handling Custom Attributes : Time (s): cpu = 00:01:09 ; elapsed = 00:01:12 . Memory (MB): peak = 1730.496 ; gain = 533.875 ; free physical = 1700 ; free virtual = 33839
Finished Renaming Generated Nets : Time (s): cpu = 00:01:09 ; elapsed = 00:01:12 . Memory (MB): peak = 1730.496 ; gain = 533.875 ; free physical = 1700 ; free virtual = 33839

Report Cell Usage: 
+------+---------+------+
|      |Cell     |Count |
+------+---------+------+
|1     |CARRY4   |    31|
|2     |CFGLUT5  |    91|
|3     |LUT1     |    34|
|4     |LUT2     |    62|
|5     |LUT3     |    95|
|6     |LUT4     |   123|
|7     |LUT5     |   105|
|8     |LUT6     |   425|
|9     |MUXF7    |     8|
|10    |RAMB36E1 |     2|
|11    |SRL16E   |    73|
|12    |SRLC16E  |     2|
|13    |SRLC32E  |    17|
|14    |FDRE     |  1458|
|15    |FDSE     |     9|
+------+---------+------+
Finished Writing Synthesis Report : Time (s): cpu = 00:01:09 ; elapsed = 00:01:12 . Memory (MB): peak = 1730.496 ; gain = 533.875 ; free physical = 1700 ; free virtual = 33839
synth_design: Time (s): cpu = 00:01:10 ; elapsed = 00:01:14 . Memory (MB): peak = 1730.496 ; gain = 546.457 ; free physical = 1734 ; free virtual = 33872
