
*** Running vivado
    with args -log design_1_mii_to_rmii_0_0.vds -m64 -product Vivado -mode batch -messageDb vivado.pb -notrace -source design_1_mii_to_rmii_0_0.tcl


****** Vivado v2017.2 (64-bit)
  **** SW Build 1909853 on Thu Jun 15 18:39:10 MDT 2017
  **** IP Build 1909766 on Thu Jun 15 19:58:00 MDT 2017
    ** Copyright 1986-2017 Xilinx, Inc. All Rights Reserved.

source design_1_mii_to_rmii_0_0.tcl -notrace
Starting RTL Elaboration : Time (s): cpu = 00:00:05 ; elapsed = 00:00:05 . Memory (MB): peak = 1205.566 ; gain = 77.000 ; free physical = 3393 ; free virtual = 35104
INFO: [Synth 8-638] synthesizing module 'design_1_mii_to_rmii_0_0' [/nfs/ug/homes-1/t/tramblei/vivaldo_fresh_eth_xadc_fft_dma_corr/vivaldo_fresh_eth_xadc_fft_dma_corr.srcs/sources_1/bd/design_1/ip/design_1_mii_to_rmii_0_0/synth/design_1_mii_to_rmii_0_0.vhd:81]
INFO: [Synth 8-638] synthesizing module 'mii_to_rmii' [/nfs/ug/homes-1/t/tramblei/vivaldo_fresh_eth_xadc_fft_dma_corr/vivaldo_fresh_eth_xadc_fft_dma_corr.srcs/sources_1/bd/design_1/ipshared/9b1f/hdl/mii_to_rmii_v2_0_vh_rfs.vhd:4218]
INFO: [Synth 8-638] synthesizing module 'rmii_tx_fixed' [/nfs/ug/homes-1/t/tramblei/vivaldo_fresh_eth_xadc_fft_dma_corr/vivaldo_fresh_eth_xadc_fft_dma_corr.srcs/sources_1/bd/design_1/ipshared/9b1f/hdl/mii_to_rmii_v2_0_vh_rfs.vhd:1751]
INFO: [Synth 8-256] done synthesizing module 'rmii_tx_fixed' (1#1) [/nfs/ug/homes-1/t/tramblei/vivaldo_fresh_eth_xadc_fft_dma_corr/vivaldo_fresh_eth_xadc_fft_dma_corr.srcs/sources_1/bd/design_1/ipshared/9b1f/hdl/mii_to_rmii_v2_0_vh_rfs.vhd:1751]
INFO: [Synth 8-638] synthesizing module 'rmii_rx_fixed' [/nfs/ug/homes-1/t/tramblei/vivaldo_fresh_eth_xadc_fft_dma_corr/vivaldo_fresh_eth_xadc_fft_dma_corr.srcs/sources_1/bd/design_1/ipshared/9b1f/hdl/mii_to_rmii_v2_0_vh_rfs.vhd:2664]
INFO: [Synth 8-638] synthesizing module 'SRL_FIFO' [/nfs/ug/homes-1/t/tramblei/vivaldo_fresh_eth_xadc_fft_dma_corr/vivaldo_fresh_eth_xadc_fft_dma_corr.srcs/sources_1/bd/design_1/ipshared/9b1f/hdl/mii_to_rmii_v2_0_vh_rfs.vhd:1454]
INFO: [Synth 8-638] synthesizing module 'FDR' [/cad1/Xilinx/Vivado/2017.2/scripts/rt/data/unisim_comp.v:3951]
INFO: [Synth 8-256] done synthesizing module 'FDR' (2#1) [/cad1/Xilinx/Vivado/2017.2/scripts/rt/data/unisim_comp.v:3951]
INFO: [Synth 8-638] synthesizing module 'MUXCY_L' [/cad1/Xilinx/Vivado/2017.2/scripts/rt/data/unisim_comp.v:21638]
INFO: [Synth 8-256] done synthesizing module 'MUXCY_L' (3#1) [/cad1/Xilinx/Vivado/2017.2/scripts/rt/data/unisim_comp.v:21638]
INFO: [Synth 8-638] synthesizing module 'XORCY' [/cad1/Xilinx/Vivado/2017.2/scripts/rt/data/unisim_comp.v:45685]
INFO: [Synth 8-256] done synthesizing module 'XORCY' (4#1) [/cad1/Xilinx/Vivado/2017.2/scripts/rt/data/unisim_comp.v:45685]
INFO: [Synth 8-638] synthesizing module 'FDRE' [/cad1/Xilinx/Vivado/2017.2/scripts/rt/data/unisim_comp.v:3964]
INFO: [Synth 8-256] done synthesizing module 'FDRE' (5#1) [/cad1/Xilinx/Vivado/2017.2/scripts/rt/data/unisim_comp.v:3964]
INFO: [Synth 8-638] synthesizing module 'SRL16E' [/cad1/Xilinx/Vivado/2017.2/scripts/rt/data/unisim_comp.v:43673]
INFO: [Synth 8-256] done synthesizing module 'SRL16E' (6#1) [/cad1/Xilinx/Vivado/2017.2/scripts/rt/data/unisim_comp.v:43673]
INFO: [Synth 8-256] done synthesizing module 'SRL_FIFO' (7#1) [/nfs/ug/homes-1/t/tramblei/vivaldo_fresh_eth_xadc_fft_dma_corr/vivaldo_fresh_eth_xadc_fft_dma_corr.srcs/sources_1/bd/design_1/ipshared/9b1f/hdl/mii_to_rmii_v2_0_vh_rfs.vhd:1454]
INFO: [Synth 8-256] done synthesizing module 'rmii_rx_fixed' (8#1) [/nfs/ug/homes-1/t/tramblei/vivaldo_fresh_eth_xadc_fft_dma_corr/vivaldo_fresh_eth_xadc_fft_dma_corr.srcs/sources_1/bd/design_1/ipshared/9b1f/hdl/mii_to_rmii_v2_0_vh_rfs.vhd:2664]
INFO: [Synth 8-256] done synthesizing module 'mii_to_rmii' (9#1) [/nfs/ug/homes-1/t/tramblei/vivaldo_fresh_eth_xadc_fft_dma_corr/vivaldo_fresh_eth_xadc_fft_dma_corr.srcs/sources_1/bd/design_1/ipshared/9b1f/hdl/mii_to_rmii_v2_0_vh_rfs.vhd:4218]
INFO: [Synth 8-256] done synthesizing module 'design_1_mii_to_rmii_0_0' (10#1) [/nfs/ug/homes-1/t/tramblei/vivaldo_fresh_eth_xadc_fft_dma_corr/vivaldo_fresh_eth_xadc_fft_dma_corr.srcs/sources_1/bd/design_1/ip/design_1_mii_to_rmii_0_0/synth/design_1_mii_to_rmii_0_0.vhd:81]
Finished RTL Elaboration : Time (s): cpu = 00:00:06 ; elapsed = 00:00:07 . Memory (MB): peak = 1247.066 ; gain = 118.500 ; free physical = 3275 ; free virtual = 34987
Finished RTL Optimization Phase 1 : Time (s): cpu = 00:00:06 ; elapsed = 00:00:07 . Memory (MB): peak = 1247.066 ; gain = 118.500 ; free physical = 3229 ; free virtual = 34940
INFO: [Device 21-403] Loading part xc7a100tcsg324-1
Constraint Validation Runtime : Time (s): cpu = 00:00:00.03 ; elapsed = 00:00:00.04 . Memory (MB): peak = 1603.910 ; gain = 1.000 ; free physical = 2029 ; free virtual = 33741
Finished Constraint Validation : Time (s): cpu = 00:00:16 ; elapsed = 00:00:19 . Memory (MB): peak = 1603.910 ; gain = 475.344 ; free physical = 2225 ; free virtual = 34048
Finished Loading Part and Timing Information : Time (s): cpu = 00:00:16 ; elapsed = 00:00:19 . Memory (MB): peak = 1603.910 ; gain = 475.344 ; free physical = 2225 ; free virtual = 34048
Finished applying 'set_property' XDC Constraints : Time (s): cpu = 00:00:16 ; elapsed = 00:00:19 . Memory (MB): peak = 1603.910 ; gain = 475.344 ; free physical = 2228 ; free virtual = 34050
Finished RTL Optimization Phase 2 : Time (s): cpu = 00:00:16 ; elapsed = 00:00:19 . Memory (MB): peak = 1603.910 ; gain = 475.344 ; free physical = 2204 ; free virtual = 33914
Finished Cross Boundary and Area Optimization : Time (s): cpu = 00:00:17 ; elapsed = 00:00:20 . Memory (MB): peak = 1603.910 ; gain = 475.344 ; free physical = 2138 ; free virtual = 33848
Finished Applying XDC Timing Constraints : Time (s): cpu = 00:00:24 ; elapsed = 00:00:27 . Memory (MB): peak = 1603.910 ; gain = 475.344 ; free physical = 2094 ; free virtual = 33825
Finished Timing Optimization : Time (s): cpu = 00:00:24 ; elapsed = 00:00:27 . Memory (MB): peak = 1603.910 ; gain = 475.344 ; free physical = 2089 ; free virtual = 33820
Finished Technology Mapping : Time (s): cpu = 00:00:24 ; elapsed = 00:00:28 . Memory (MB): peak = 1603.910 ; gain = 475.344 ; free physical = 2058 ; free virtual = 33790
Finished IO Insertion : Time (s): cpu = 00:00:25 ; elapsed = 00:00:28 . Memory (MB): peak = 1603.910 ; gain = 475.344 ; free physical = 1955 ; free virtual = 33687
Finished Renaming Generated Instances : Time (s): cpu = 00:00:25 ; elapsed = 00:00:28 . Memory (MB): peak = 1603.910 ; gain = 475.344 ; free physical = 1955 ; free virtual = 33687
Finished Rebuilding User Hierarchy : Time (s): cpu = 00:00:25 ; elapsed = 00:00:28 . Memory (MB): peak = 1603.910 ; gain = 475.344 ; free physical = 1953 ; free virtual = 33684
Finished Renaming Generated Ports : Time (s): cpu = 00:00:25 ; elapsed = 00:00:28 . Memory (MB): peak = 1603.910 ; gain = 475.344 ; free physical = 1949 ; free virtual = 33680
Finished Handling Custom Attributes : Time (s): cpu = 00:00:25 ; elapsed = 00:00:28 . Memory (MB): peak = 1603.910 ; gain = 475.344 ; free physical = 1948 ; free virtual = 33679
Finished Renaming Generated Nets : Time (s): cpu = 00:00:25 ; elapsed = 00:00:28 . Memory (MB): peak = 1603.910 ; gain = 475.344 ; free physical = 1946 ; free virtual = 33678

Report Cell Usage: 
+------+--------+------+
|      |Cell    |Count |
+------+--------+------+
|1     |LUT1    |     2|
|2     |LUT2    |     6|
|3     |LUT3    |     4|
|4     |LUT4    |     5|
|5     |LUT5    |    10|
|6     |LUT6    |     8|
|7     |MUXCY_L |     3|
|8     |SRL16E  |     4|
|9     |XORCY   |     4|
|10    |FDR     |     1|
|11    |FDRE    |    83|
+------+--------+------+
Finished Writing Synthesis Report : Time (s): cpu = 00:00:25 ; elapsed = 00:00:28 . Memory (MB): peak = 1603.910 ; gain = 475.344 ; free physical = 1945 ; free virtual = 33677
synth_design: Time (s): cpu = 00:00:26 ; elapsed = 00:00:30 . Memory (MB): peak = 1603.910 ; gain = 487.926 ; free physical = 1816 ; free virtual = 33540
