
*** Running vivado
    with args -log design_1_axi_smc_0.vds -m64 -product Vivado -mode batch -messageDb vivado.pb -notrace -source design_1_axi_smc_0.tcl


****** Vivado v2017.2 (64-bit)
  **** SW Build 1909853 on Thu Jun 15 18:39:10 MDT 2017
  **** IP Build 1909766 on Thu Jun 15 19:58:00 MDT 2017
    ** Copyright 1986-2017 Xilinx, Inc. All Rights Reserved.

source design_1_axi_smc_0.tcl -notrace
Starting RTL Elaboration : Time (s): cpu = 00:00:04 ; elapsed = 00:00:04 . Memory (MB): peak = 1243.629 ; gain = 86.000 ; free physical = 3653 ; free virtual = 35641
INFO: [Synth 8-638] synthesizing module 'design_1_axi_smc_0' [/nfs/ug/homes-1/t/tramblei/vivaldo_fresh_eth_xadc_fft_dma_corr/vivaldo_fresh_eth_xadc_fft_dma_corr.srcs/sources_1/bd/design_1/ip/design_1_axi_smc_0/synth/design_1_axi_smc_0.v:57]
INFO: [Synth 8-638] synthesizing module 'bd_afc3' [/nfs/ug/homes-1/t/tramblei/vivaldo_fresh_eth_xadc_fft_dma_corr/vivaldo_fresh_eth_xadc_fft_dma_corr.srcs/sources_1/bd/design_1/ip/design_1_axi_smc_0/bd_0/hdl/bd_afc3.v:13]
INFO: [Synth 8-638] synthesizing module 'clk_map_imp_5Y9LOC' [/nfs/ug/homes-1/t/tramblei/vivaldo_fresh_eth_xadc_fft_dma_corr/vivaldo_fresh_eth_xadc_fft_dma_corr.srcs/sources_1/bd/design_1/ip/design_1_axi_smc_0/bd_0/hdl/bd_afc3.v:1609]
INFO: [Synth 8-638] synthesizing module 'bd_afc3_one_0' [/nfs/ug/homes-1/t/tramblei/vivaldo_fresh_eth_xadc_fft_dma_corr/vivaldo_fresh_eth_xadc_fft_dma_corr.srcs/sources_1/bd/design_1/ip/design_1_axi_smc_0/bd_0/ip/ip_0/synth/bd_afc3_one_0.v:57]
INFO: [Synth 8-638] synthesizing module 'xlconstant_v1_1_3_xlconstant' [/nfs/ug/homes-1/t/tramblei/vivaldo_fresh_eth_xadc_fft_dma_corr/vivaldo_fresh_eth_xadc_fft_dma_corr.srcs/sources_1/bd/design_1/ipshared/45df/hdl/xlconstant_v1_1_vl_rfs.v:23]
INFO: [Synth 8-256] done synthesizing module 'xlconstant_v1_1_3_xlconstant' (1#1) [/nfs/ug/homes-1/t/tramblei/vivaldo_fresh_eth_xadc_fft_dma_corr/vivaldo_fresh_eth_xadc_fft_dma_corr.srcs/sources_1/bd/design_1/ipshared/45df/hdl/xlconstant_v1_1_vl_rfs.v:23]
INFO: [Synth 8-256] done synthesizing module 'bd_afc3_one_0' (2#1) [/nfs/ug/homes-1/t/tramblei/vivaldo_fresh_eth_xadc_fft_dma_corr/vivaldo_fresh_eth_xadc_fft_dma_corr.srcs/sources_1/bd/design_1/ip/design_1_axi_smc_0/bd_0/ip/ip_0/synth/bd_afc3_one_0.v:57]
INFO: [Synth 8-638] synthesizing module 'bd_afc3_psr0_0' [/nfs/ug/homes-1/t/tramblei/vivaldo_fresh_eth_xadc_fft_dma_corr/vivaldo_fresh_eth_xadc_fft_dma_corr.srcs/sources_1/bd/design_1/ip/design_1_axi_smc_0/bd_0/ip/ip_1/synth/bd_afc3_psr0_0.vhd:74]
INFO: [Synth 8-638] synthesizing module 'proc_sys_reset' [/nfs/ug/homes-1/t/tramblei/vivaldo_fresh_eth_xadc_fft_dma_corr/vivaldo_fresh_eth_xadc_fft_dma_corr.srcs/sources_1/bd/design_1/ipshared/5db7/hdl/proc_sys_reset_v5_0_vh_rfs.vhd:1323]
INFO: [Synth 8-638] synthesizing module 'lpf' [/nfs/ug/homes-1/t/tramblei/vivaldo_fresh_eth_xadc_fft_dma_corr/vivaldo_fresh_eth_xadc_fft_dma_corr.srcs/sources_1/bd/design_1/ipshared/5db7/hdl/proc_sys_reset_v5_0_vh_rfs.vhd:816]
INFO: [Synth 8-638] synthesizing module 'SRL16' [/cad1/Xilinx/Vivado/2017.2/scripts/rt/data/unisim_comp.v:43657]
INFO: [Synth 8-256] done synthesizing module 'SRL16' (3#1) [/cad1/Xilinx/Vivado/2017.2/scripts/rt/data/unisim_comp.v:43657]
INFO: [Synth 8-638] synthesizing module 'cdc_sync' [/nfs/ug/homes-1/t/tramblei/vivaldo_fresh_eth_xadc_fft_dma_corr/vivaldo_fresh_eth_xadc_fft_dma_corr.srcs/sources_1/bd/design_1/ipshared/52cb/hdl/lib_cdc_v1_0_rfs.vhd:106]
INFO: [Synth 8-256] done synthesizing module 'cdc_sync' (4#1) [/nfs/ug/homes-1/t/tramblei/vivaldo_fresh_eth_xadc_fft_dma_corr/vivaldo_fresh_eth_xadc_fft_dma_corr.srcs/sources_1/bd/design_1/ipshared/52cb/hdl/lib_cdc_v1_0_rfs.vhd:106]
INFO: [Synth 8-256] done synthesizing module 'lpf' (5#1) [/nfs/ug/homes-1/t/tramblei/vivaldo_fresh_eth_xadc_fft_dma_corr/vivaldo_fresh_eth_xadc_fft_dma_corr.srcs/sources_1/bd/design_1/ipshared/5db7/hdl/proc_sys_reset_v5_0_vh_rfs.vhd:816]
INFO: [Synth 8-638] synthesizing module 'sequence_psr' [/nfs/ug/homes-1/t/tramblei/vivaldo_fresh_eth_xadc_fft_dma_corr/vivaldo_fresh_eth_xadc_fft_dma_corr.srcs/sources_1/bd/design_1/ipshared/5db7/hdl/proc_sys_reset_v5_0_vh_rfs.vhd:301]
INFO: [Synth 8-638] synthesizing module 'upcnt_n' [/nfs/ug/homes-1/t/tramblei/vivaldo_fresh_eth_xadc_fft_dma_corr/vivaldo_fresh_eth_xadc_fft_dma_corr.srcs/sources_1/bd/design_1/ipshared/5db7/hdl/proc_sys_reset_v5_0_vh_rfs.vhd:125]
INFO: [Synth 8-256] done synthesizing module 'upcnt_n' (6#1) [/nfs/ug/homes-1/t/tramblei/vivaldo_fresh_eth_xadc_fft_dma_corr/vivaldo_fresh_eth_xadc_fft_dma_corr.srcs/sources_1/bd/design_1/ipshared/5db7/hdl/proc_sys_reset_v5_0_vh_rfs.vhd:125]
INFO: [Synth 8-256] done synthesizing module 'sequence_psr' (7#1) [/nfs/ug/homes-1/t/tramblei/vivaldo_fresh_eth_xadc_fft_dma_corr/vivaldo_fresh_eth_xadc_fft_dma_corr.srcs/sources_1/bd/design_1/ipshared/5db7/hdl/proc_sys_reset_v5_0_vh_rfs.vhd:301]
INFO: [Synth 8-256] done synthesizing module 'proc_sys_reset' (8#1) [/nfs/ug/homes-1/t/tramblei/vivaldo_fresh_eth_xadc_fft_dma_corr/vivaldo_fresh_eth_xadc_fft_dma_corr.srcs/sources_1/bd/design_1/ipshared/5db7/hdl/proc_sys_reset_v5_0_vh_rfs.vhd:1323]
INFO: [Synth 8-256] done synthesizing module 'bd_afc3_psr0_0' (9#1) [/nfs/ug/homes-1/t/tramblei/vivaldo_fresh_eth_xadc_fft_dma_corr/vivaldo_fresh_eth_xadc_fft_dma_corr.srcs/sources_1/bd/design_1/ip/design_1_axi_smc_0/bd_0/ip/ip_1/synth/bd_afc3_psr0_0.vhd:74]
INFO: [Synth 8-638] synthesizing module 'bd_afc3_psr_aclk_0' [/nfs/ug/homes-1/t/tramblei/vivaldo_fresh_eth_xadc_fft_dma_corr/vivaldo_fresh_eth_xadc_fft_dma_corr.srcs/sources_1/bd/design_1/ip/design_1_axi_smc_0/bd_0/ip/ip_2/synth/bd_afc3_psr_aclk_0.vhd:74]
INFO: [Synth 8-256] done synthesizing module 'bd_afc3_psr_aclk_0' (10#1) [/nfs/ug/homes-1/t/tramblei/vivaldo_fresh_eth_xadc_fft_dma_corr/vivaldo_fresh_eth_xadc_fft_dma_corr.srcs/sources_1/bd/design_1/ip/design_1_axi_smc_0/bd_0/ip/ip_2/synth/bd_afc3_psr_aclk_0.vhd:74]
INFO: [Synth 8-638] synthesizing module 'bd_afc3_psr_aclk1_0' [/nfs/ug/homes-1/t/tramblei/vivaldo_fresh_eth_xadc_fft_dma_corr/vivaldo_fresh_eth_xadc_fft_dma_corr.srcs/sources_1/bd/design_1/ip/design_1_axi_smc_0/bd_0/ip/ip_3/synth/bd_afc3_psr_aclk1_0.vhd:74]
INFO: [Synth 8-256] done synthesizing module 'bd_afc3_psr_aclk1_0' (11#1) [/nfs/ug/homes-1/t/tramblei/vivaldo_fresh_eth_xadc_fft_dma_corr/vivaldo_fresh_eth_xadc_fft_dma_corr.srcs/sources_1/bd/design_1/ip/design_1_axi_smc_0/bd_0/ip/ip_3/synth/bd_afc3_psr_aclk1_0.vhd:74]
INFO: [Synth 8-256] done synthesizing module 'clk_map_imp_5Y9LOC' (12#1) [/nfs/ug/homes-1/t/tramblei/vivaldo_fresh_eth_xadc_fft_dma_corr/vivaldo_fresh_eth_xadc_fft_dma_corr.srcs/sources_1/bd/design_1/ip/design_1_axi_smc_0/bd_0/hdl/bd_afc3.v:1609]
INFO: [Synth 8-638] synthesizing module 'm00_exit_pipeline_imp_1TZX5BB' [/nfs/ug/homes-1/t/tramblei/vivaldo_fresh_eth_xadc_fft_dma_corr/vivaldo_fresh_eth_xadc_fft_dma_corr.srcs/sources_1/bd/design_1/ip/design_1_axi_smc_0/bd_0/hdl/bd_afc3.v:1691]
INFO: [Synth 8-638] synthesizing module 'bd_afc3_m00e_0' [/nfs/ug/homes-1/t/tramblei/vivaldo_fresh_eth_xadc_fft_dma_corr/vivaldo_fresh_eth_xadc_fft_dma_corr.srcs/sources_1/bd/design_1/ip/design_1_axi_smc_0/bd_0/ip/ip_43/synth/bd_afc3_m00e_0.sv:58]
INFO: [Synth 8-256] done synthesizing module 'bd_afc3_m00e_0' (22#1) [/nfs/ug/homes-1/t/tramblei/vivaldo_fresh_eth_xadc_fft_dma_corr/vivaldo_fresh_eth_xadc_fft_dma_corr.srcs/sources_1/bd/design_1/ip/design_1_axi_smc_0/bd_0/ip/ip_43/synth/bd_afc3_m00e_0.sv:58]
INFO: [Synth 8-256] done synthesizing module 'm00_exit_pipeline_imp_1TZX5BB' (23#1) [/nfs/ug/homes-1/t/tramblei/vivaldo_fresh_eth_xadc_fft_dma_corr/vivaldo_fresh_eth_xadc_fft_dma_corr.srcs/sources_1/bd/design_1/ip/design_1_axi_smc_0/bd_0/hdl/bd_afc3.v:1691]
INFO: [Synth 8-638] synthesizing module 'm00_nodes_imp_1GOYQYZ' [/nfs/ug/homes-1/t/tramblei/vivaldo_fresh_eth_xadc_fft_dma_corr/vivaldo_fresh_eth_xadc_fft_dma_corr.srcs/sources_1/bd/design_1/ip/design_1_axi_smc_0/bd_0/hdl/bd_afc3.v:2062]
INFO: [Synth 8-638] synthesizing module 'bd_afc3_m00arn_0' [/nfs/ug/homes-1/t/tramblei/vivaldo_fresh_eth_xadc_fft_dma_corr/vivaldo_fresh_eth_xadc_fft_dma_corr.srcs/sources_1/bd/design_1/ip/design_1_axi_smc_0/bd_0/ip/ip_38/synth/bd_afc3_m00arn_0.sv:58]
INFO: [Synth 8-638] synthesizing module 'xpm_memory_base' [/cad1/Xilinx/Vivado/2017.2/data/ip/xpm/xpm_memory/hdl/xpm_memory.sv:58]
INFO: [Synth 8-256] done synthesizing module 'xpm_memory_base' (31#1) [/cad1/Xilinx/Vivado/2017.2/data/ip/xpm/xpm_memory/hdl/xpm_memory.sv:58]
INFO: [Synth 8-638] synthesizing module 'xpm_cdc_gray' [/cad1/Xilinx/Vivado/2017.2/data/ip/xpm/xpm_cdc/hdl/xpm_cdc.sv:204]
INFO: [Synth 8-256] done synthesizing module 'xpm_cdc_gray' (32#1) [/cad1/Xilinx/Vivado/2017.2/data/ip/xpm/xpm_cdc/hdl/xpm_cdc.sv:204]
INFO: [Synth 8-256] done synthesizing module 'bd_afc3_m00arn_0' (40#1) [/nfs/ug/homes-1/t/tramblei/vivaldo_fresh_eth_xadc_fft_dma_corr/vivaldo_fresh_eth_xadc_fft_dma_corr.srcs/sources_1/bd/design_1/ip/design_1_axi_smc_0/bd_0/ip/ip_38/synth/bd_afc3_m00arn_0.sv:58]
INFO: [Synth 8-638] synthesizing module 'bd_afc3_m00awn_0' [/nfs/ug/homes-1/t/tramblei/vivaldo_fresh_eth_xadc_fft_dma_corr/vivaldo_fresh_eth_xadc_fft_dma_corr.srcs/sources_1/bd/design_1/ip/design_1_axi_smc_0/bd_0/ip/ip_40/synth/bd_afc3_m00awn_0.sv:58]
INFO: [Synth 8-256] done synthesizing module 'bd_afc3_m00awn_0' (41#1) [/nfs/ug/homes-1/t/tramblei/vivaldo_fresh_eth_xadc_fft_dma_corr/vivaldo_fresh_eth_xadc_fft_dma_corr.srcs/sources_1/bd/design_1/ip/design_1_axi_smc_0/bd_0/ip/ip_40/synth/bd_afc3_m00awn_0.sv:58]
INFO: [Synth 8-638] synthesizing module 'bd_afc3_m00bn_0' [/nfs/ug/homes-1/t/tramblei/vivaldo_fresh_eth_xadc_fft_dma_corr/vivaldo_fresh_eth_xadc_fft_dma_corr.srcs/sources_1/bd/design_1/ip/design_1_axi_smc_0/bd_0/ip/ip_42/synth/bd_afc3_m00bn_0.sv:58]
INFO: [Synth 8-638] synthesizing module 'xpm_memory_base__parameterized0' [/cad1/Xilinx/Vivado/2017.2/data/ip/xpm/xpm_memory/hdl/xpm_memory.sv:58]
INFO: [Synth 8-256] done synthesizing module 'xpm_memory_base__parameterized0' (41#1) [/cad1/Xilinx/Vivado/2017.2/data/ip/xpm/xpm_memory/hdl/xpm_memory.sv:58]
INFO: [Synth 8-638] synthesizing module 'xpm_memory_base__parameterized1' [/cad1/Xilinx/Vivado/2017.2/data/ip/xpm/xpm_memory/hdl/xpm_memory.sv:58]
INFO: [Synth 8-256] done synthesizing module 'xpm_memory_base__parameterized1' (41#1) [/cad1/Xilinx/Vivado/2017.2/data/ip/xpm/xpm_memory/hdl/xpm_memory.sv:58]
INFO: [Synth 8-256] done synthesizing module 'bd_afc3_m00bn_0' (42#1) [/nfs/ug/homes-1/t/tramblei/vivaldo_fresh_eth_xadc_fft_dma_corr/vivaldo_fresh_eth_xadc_fft_dma_corr.srcs/sources_1/bd/design_1/ip/design_1_axi_smc_0/bd_0/ip/ip_42/synth/bd_afc3_m00bn_0.sv:58]
INFO: [Synth 8-638] synthesizing module 'bd_afc3_m00rn_0' [/nfs/ug/homes-1/t/tramblei/vivaldo_fresh_eth_xadc_fft_dma_corr/vivaldo_fresh_eth_xadc_fft_dma_corr.srcs/sources_1/bd/design_1/ip/design_1_axi_smc_0/bd_0/ip/ip_39/synth/bd_afc3_m00rn_0.sv:58]
INFO: [Synth 8-638] synthesizing module 'xpm_memory_base__parameterized2' [/cad1/Xilinx/Vivado/2017.2/data/ip/xpm/xpm_memory/hdl/xpm_memory.sv:58]
INFO: [Synth 8-256] done synthesizing module 'xpm_memory_base__parameterized2' (42#1) [/cad1/Xilinx/Vivado/2017.2/data/ip/xpm/xpm_memory/hdl/xpm_memory.sv:58]
INFO: [Synth 8-256] done synthesizing module 'bd_afc3_m00rn_0' (43#1) [/nfs/ug/homes-1/t/tramblei/vivaldo_fresh_eth_xadc_fft_dma_corr/vivaldo_fresh_eth_xadc_fft_dma_corr.srcs/sources_1/bd/design_1/ip/design_1_axi_smc_0/bd_0/ip/ip_39/synth/bd_afc3_m00rn_0.sv:58]
INFO: [Synth 8-638] synthesizing module 'bd_afc3_m00wn_0' [/nfs/ug/homes-1/t/tramblei/vivaldo_fresh_eth_xadc_fft_dma_corr/vivaldo_fresh_eth_xadc_fft_dma_corr.srcs/sources_1/bd/design_1/ip/design_1_axi_smc_0/bd_0/ip/ip_41/synth/bd_afc3_m00wn_0.sv:58]
INFO: [Synth 8-638] synthesizing module 'xpm_memory_base__parameterized3' [/cad1/Xilinx/Vivado/2017.2/data/ip/xpm/xpm_memory/hdl/xpm_memory.sv:58]
INFO: [Synth 8-256] done synthesizing module 'xpm_memory_base__parameterized3' (43#1) [/cad1/Xilinx/Vivado/2017.2/data/ip/xpm/xpm_memory/hdl/xpm_memory.sv:58]
INFO: [Synth 8-638] synthesizing module 'xpm_memory_base__parameterized4' [/cad1/Xilinx/Vivado/2017.2/data/ip/xpm/xpm_memory/hdl/xpm_memory.sv:58]
INFO: [Synth 8-256] done synthesizing module 'xpm_memory_base__parameterized4' (43#1) [/cad1/Xilinx/Vivado/2017.2/data/ip/xpm/xpm_memory/hdl/xpm_memory.sv:58]
INFO: [Synth 8-256] done synthesizing module 'bd_afc3_m00wn_0' (44#1) [/nfs/ug/homes-1/t/tramblei/vivaldo_fresh_eth_xadc_fft_dma_corr/vivaldo_fresh_eth_xadc_fft_dma_corr.srcs/sources_1/bd/design_1/ip/design_1_axi_smc_0/bd_0/ip/ip_41/synth/bd_afc3_m00wn_0.sv:58]
INFO: [Synth 8-256] done synthesizing module 'm00_nodes_imp_1GOYQYZ' (45#1) [/nfs/ug/homes-1/t/tramblei/vivaldo_fresh_eth_xadc_fft_dma_corr/vivaldo_fresh_eth_xadc_fft_dma_corr.srcs/sources_1/bd/design_1/ip/design_1_axi_smc_0/bd_0/hdl/bd_afc3.v:2062]
INFO: [Synth 8-638] synthesizing module 'bd_afc3_m00s2a_0' [/nfs/ug/homes-1/t/tramblei/vivaldo_fresh_eth_xadc_fft_dma_corr/vivaldo_fresh_eth_xadc_fft_dma_corr.srcs/sources_1/bd/design_1/ip/design_1_axi_smc_0/bd_0/ip/ip_37/synth/bd_afc3_m00s2a_0.sv:58]
INFO: [Synth 8-256] done synthesizing module 'bd_afc3_m00s2a_0' (47#1) [/nfs/ug/homes-1/t/tramblei/vivaldo_fresh_eth_xadc_fft_dma_corr/vivaldo_fresh_eth_xadc_fft_dma_corr.srcs/sources_1/bd/design_1/ip/design_1_axi_smc_0/bd_0/ip/ip_37/synth/bd_afc3_m00s2a_0.sv:58]
INFO: [Synth 8-638] synthesizing module 'bd_afc3_s00a2s_0' [/nfs/ug/homes-1/t/tramblei/vivaldo_fresh_eth_xadc_fft_dma_corr/vivaldo_fresh_eth_xadc_fft_dma_corr.srcs/sources_1/bd/design_1/ip/design_1_axi_smc_0/bd_0/ip/ip_12/synth/bd_afc3_s00a2s_0.sv:58]
INFO: [Synth 8-256] done synthesizing module 'bd_afc3_s00a2s_0' (49#1) [/nfs/ug/homes-1/t/tramblei/vivaldo_fresh_eth_xadc_fft_dma_corr/vivaldo_fresh_eth_xadc_fft_dma_corr.srcs/sources_1/bd/design_1/ip/design_1_axi_smc_0/bd_0/ip/ip_12/synth/bd_afc3_s00a2s_0.sv:58]
INFO: [Synth 8-638] synthesizing module 's00_entry_pipeline_imp_USCCV8' [/nfs/ug/homes-1/t/tramblei/vivaldo_fresh_eth_xadc_fft_dma_corr/vivaldo_fresh_eth_xadc_fft_dma_corr.srcs/sources_1/bd/design_1/ip/design_1_axi_smc_0/bd_0/hdl/bd_afc3.v:2367]
INFO: [Synth 8-638] synthesizing module 'bd_afc3_s00mmu_0' [/nfs/ug/homes-1/t/tramblei/vivaldo_fresh_eth_xadc_fft_dma_corr/vivaldo_fresh_eth_xadc_fft_dma_corr.srcs/sources_1/bd/design_1/ip/design_1_axi_smc_0/bd_0/ip/ip_9/synth/bd_afc3_s00mmu_0.sv:58]
INFO: [Synth 8-256] done synthesizing module 'bd_afc3_s00mmu_0' (53#1) [/nfs/ug/homes-1/t/tramblei/vivaldo_fresh_eth_xadc_fft_dma_corr/vivaldo_fresh_eth_xadc_fft_dma_corr.srcs/sources_1/bd/design_1/ip/design_1_axi_smc_0/bd_0/ip/ip_9/synth/bd_afc3_s00mmu_0.sv:58]
INFO: [Synth 8-638] synthesizing module 'bd_afc3_s00sic_0' [/nfs/ug/homes-1/t/tramblei/vivaldo_fresh_eth_xadc_fft_dma_corr/vivaldo_fresh_eth_xadc_fft_dma_corr.srcs/sources_1/bd/design_1/ip/design_1_axi_smc_0/bd_0/ip/ip_11/synth/bd_afc3_s00sic_0.sv:58]
INFO: [Synth 8-256] done synthesizing module 'bd_afc3_s00sic_0' (58#1) [/nfs/ug/homes-1/t/tramblei/vivaldo_fresh_eth_xadc_fft_dma_corr/vivaldo_fresh_eth_xadc_fft_dma_corr.srcs/sources_1/bd/design_1/ip/design_1_axi_smc_0/bd_0/ip/ip_11/synth/bd_afc3_s00sic_0.sv:58]
INFO: [Synth 8-638] synthesizing module 'bd_afc3_s00tr_0' [/nfs/ug/homes-1/t/tramblei/vivaldo_fresh_eth_xadc_fft_dma_corr/vivaldo_fresh_eth_xadc_fft_dma_corr.srcs/sources_1/bd/design_1/ip/design_1_axi_smc_0/bd_0/ip/ip_10/synth/bd_afc3_s00tr_0.sv:58]
INFO: [Synth 8-256] done synthesizing module 'bd_afc3_s00tr_0' (61#1) [/nfs/ug/homes-1/t/tramblei/vivaldo_fresh_eth_xadc_fft_dma_corr/vivaldo_fresh_eth_xadc_fft_dma_corr.srcs/sources_1/bd/design_1/ip/design_1_axi_smc_0/bd_0/ip/ip_10/synth/bd_afc3_s00tr_0.sv:58]
INFO: [Synth 8-256] done synthesizing module 's00_entry_pipeline_imp_USCCV8' (62#1) [/nfs/ug/homes-1/t/tramblei/vivaldo_fresh_eth_xadc_fft_dma_corr/vivaldo_fresh_eth_xadc_fft_dma_corr.srcs/sources_1/bd/design_1/ip/design_1_axi_smc_0/bd_0/hdl/bd_afc3.v:2367]
INFO: [Synth 8-638] synthesizing module 's00_nodes_imp_Y7M43I' [/nfs/ug/homes-1/t/tramblei/vivaldo_fresh_eth_xadc_fft_dma_corr/vivaldo_fresh_eth_xadc_fft_dma_corr.srcs/sources_1/bd/design_1/ip/design_1_axi_smc_0/bd_0/hdl/bd_afc3.v:2978]
INFO: [Synth 8-638] synthesizing module 'bd_afc3_sarn_0' [/nfs/ug/homes-1/t/tramblei/vivaldo_fresh_eth_xadc_fft_dma_corr/vivaldo_fresh_eth_xadc_fft_dma_corr.srcs/sources_1/bd/design_1/ip/design_1_axi_smc_0/bd_0/ip/ip_13/synth/bd_afc3_sarn_0.sv:58]
INFO: [Synth 8-638] synthesizing module 'xpm_memory_base__parameterized5' [/cad1/Xilinx/Vivado/2017.2/data/ip/xpm/xpm_memory/hdl/xpm_memory.sv:58]
INFO: [Synth 8-256] done synthesizing module 'xpm_memory_base__parameterized5' (62#1) [/cad1/Xilinx/Vivado/2017.2/data/ip/xpm/xpm_memory/hdl/xpm_memory.sv:58]
INFO: [Synth 8-638] synthesizing module 'xpm_memory_base__parameterized6' [/cad1/Xilinx/Vivado/2017.2/data/ip/xpm/xpm_memory/hdl/xpm_memory.sv:58]
INFO: [Synth 8-256] done synthesizing module 'xpm_memory_base__parameterized6' (62#1) [/cad1/Xilinx/Vivado/2017.2/data/ip/xpm/xpm_memory/hdl/xpm_memory.sv:58]
INFO: [Synth 8-256] done synthesizing module 'bd_afc3_sarn_0' (63#1) [/nfs/ug/homes-1/t/tramblei/vivaldo_fresh_eth_xadc_fft_dma_corr/vivaldo_fresh_eth_xadc_fft_dma_corr.srcs/sources_1/bd/design_1/ip/design_1_axi_smc_0/bd_0/ip/ip_13/synth/bd_afc3_sarn_0.sv:58]
INFO: [Synth 8-638] synthesizing module 'bd_afc3_sawn_0' [/nfs/ug/homes-1/t/tramblei/vivaldo_fresh_eth_xadc_fft_dma_corr/vivaldo_fresh_eth_xadc_fft_dma_corr.srcs/sources_1/bd/design_1/ip/design_1_axi_smc_0/bd_0/ip/ip_15/synth/bd_afc3_sawn_0.sv:58]
INFO: [Synth 8-256] done synthesizing module 'bd_afc3_sawn_0' (64#1) [/nfs/ug/homes-1/t/tramblei/vivaldo_fresh_eth_xadc_fft_dma_corr/vivaldo_fresh_eth_xadc_fft_dma_corr.srcs/sources_1/bd/design_1/ip/design_1_axi_smc_0/bd_0/ip/ip_15/synth/bd_afc3_sawn_0.sv:58]
INFO: [Synth 8-638] synthesizing module 'bd_afc3_sbn_0' [/nfs/ug/homes-1/t/tramblei/vivaldo_fresh_eth_xadc_fft_dma_corr/vivaldo_fresh_eth_xadc_fft_dma_corr.srcs/sources_1/bd/design_1/ip/design_1_axi_smc_0/bd_0/ip/ip_17/synth/bd_afc3_sbn_0.sv:58]
INFO: [Synth 8-638] synthesizing module 'xpm_memory_base__parameterized7' [/cad1/Xilinx/Vivado/2017.2/data/ip/xpm/xpm_memory/hdl/xpm_memory.sv:58]
INFO: [Synth 8-256] done synthesizing module 'xpm_memory_base__parameterized7' (64#1) [/cad1/Xilinx/Vivado/2017.2/data/ip/xpm/xpm_memory/hdl/xpm_memory.sv:58]
INFO: [Synth 8-638] synthesizing module 'xpm_memory_base__parameterized8' [/cad1/Xilinx/Vivado/2017.2/data/ip/xpm/xpm_memory/hdl/xpm_memory.sv:58]
INFO: [Synth 8-256] done synthesizing module 'xpm_memory_base__parameterized8' (64#1) [/cad1/Xilinx/Vivado/2017.2/data/ip/xpm/xpm_memory/hdl/xpm_memory.sv:58]
INFO: [Synth 8-256] done synthesizing module 'bd_afc3_sbn_0' (65#1) [/nfs/ug/homes-1/t/tramblei/vivaldo_fresh_eth_xadc_fft_dma_corr/vivaldo_fresh_eth_xadc_fft_dma_corr.srcs/sources_1/bd/design_1/ip/design_1_axi_smc_0/bd_0/ip/ip_17/synth/bd_afc3_sbn_0.sv:58]
INFO: [Synth 8-638] synthesizing module 'bd_afc3_srn_0' [/nfs/ug/homes-1/t/tramblei/vivaldo_fresh_eth_xadc_fft_dma_corr/vivaldo_fresh_eth_xadc_fft_dma_corr.srcs/sources_1/bd/design_1/ip/design_1_axi_smc_0/bd_0/ip/ip_14/synth/bd_afc3_srn_0.sv:58]
INFO: [Synth 8-638] synthesizing module 'xpm_memory_base__parameterized9' [/cad1/Xilinx/Vivado/2017.2/data/ip/xpm/xpm_memory/hdl/xpm_memory.sv:58]
INFO: [Synth 8-256] done synthesizing module 'xpm_memory_base__parameterized9' (66#1) [/cad1/Xilinx/Vivado/2017.2/data/ip/xpm/xpm_memory/hdl/xpm_memory.sv:58]
INFO: [Synth 8-256] done synthesizing module 'bd_afc3_srn_0' (67#1) [/nfs/ug/homes-1/t/tramblei/vivaldo_fresh_eth_xadc_fft_dma_corr/vivaldo_fresh_eth_xadc_fft_dma_corr.srcs/sources_1/bd/design_1/ip/design_1_axi_smc_0/bd_0/ip/ip_14/synth/bd_afc3_srn_0.sv:58]
INFO: [Synth 8-638] synthesizing module 'bd_afc3_swn_0' [/nfs/ug/homes-1/t/tramblei/vivaldo_fresh_eth_xadc_fft_dma_corr/vivaldo_fresh_eth_xadc_fft_dma_corr.srcs/sources_1/bd/design_1/ip/design_1_axi_smc_0/bd_0/ip/ip_16/synth/bd_afc3_swn_0.sv:58]
INFO: [Synth 8-638] synthesizing module 'xpm_memory_base__parameterized10' [/cad1/Xilinx/Vivado/2017.2/data/ip/xpm/xpm_memory/hdl/xpm_memory.sv:58]
INFO: [Synth 8-256] done synthesizing module 'xpm_memory_base__parameterized10' (68#1) [/cad1/Xilinx/Vivado/2017.2/data/ip/xpm/xpm_memory/hdl/xpm_memory.sv:58]
INFO: [Synth 8-256] done synthesizing module 'bd_afc3_swn_0' (69#1) [/nfs/ug/homes-1/t/tramblei/vivaldo_fresh_eth_xadc_fft_dma_corr/vivaldo_fresh_eth_xadc_fft_dma_corr.srcs/sources_1/bd/design_1/ip/design_1_axi_smc_0/bd_0/ip/ip_16/synth/bd_afc3_swn_0.sv:58]
INFO: [Synth 8-256] done synthesizing module 's00_nodes_imp_Y7M43I' (70#1) [/nfs/ug/homes-1/t/tramblei/vivaldo_fresh_eth_xadc_fft_dma_corr/vivaldo_fresh_eth_xadc_fft_dma_corr.srcs/sources_1/bd/design_1/ip/design_1_axi_smc_0/bd_0/hdl/bd_afc3.v:2978]
INFO: [Synth 8-638] synthesizing module 'bd_afc3_s01a2s_0' [/nfs/ug/homes-1/t/tramblei/vivaldo_fresh_eth_xadc_fft_dma_corr/vivaldo_fresh_eth_xadc_fft_dma_corr.srcs/sources_1/bd/design_1/ip/design_1_axi_smc_0/bd_0/ip/ip_21/synth/bd_afc3_s01a2s_0.sv:58]
INFO: [Synth 8-256] done synthesizing module 'bd_afc3_s01a2s_0' (71#1) [/nfs/ug/homes-1/t/tramblei/vivaldo_fresh_eth_xadc_fft_dma_corr/vivaldo_fresh_eth_xadc_fft_dma_corr.srcs/sources_1/bd/design_1/ip/design_1_axi_smc_0/bd_0/ip/ip_21/synth/bd_afc3_s01a2s_0.sv:58]
INFO: [Synth 8-638] synthesizing module 's01_entry_pipeline_imp_1W4H5O0' [/nfs/ug/homes-1/t/tramblei/vivaldo_fresh_eth_xadc_fft_dma_corr/vivaldo_fresh_eth_xadc_fft_dma_corr.srcs/sources_1/bd/design_1/ip/design_1_axi_smc_0/bd_0/hdl/bd_afc3.v:3274]
INFO: [Synth 8-638] synthesizing module 'bd_afc3_s01mmu_0' [/nfs/ug/homes-1/t/tramblei/vivaldo_fresh_eth_xadc_fft_dma_corr/vivaldo_fresh_eth_xadc_fft_dma_corr.srcs/sources_1/bd/design_1/ip/design_1_axi_smc_0/bd_0/ip/ip_18/synth/bd_afc3_s01mmu_0.sv:58]
INFO: [Synth 8-256] done synthesizing module 'bd_afc3_s01mmu_0' (72#1) [/nfs/ug/homes-1/t/tramblei/vivaldo_fresh_eth_xadc_fft_dma_corr/vivaldo_fresh_eth_xadc_fft_dma_corr.srcs/sources_1/bd/design_1/ip/design_1_axi_smc_0/bd_0/ip/ip_18/synth/bd_afc3_s01mmu_0.sv:58]
INFO: [Synth 8-638] synthesizing module 'bd_afc3_s01sic_0' [/nfs/ug/homes-1/t/tramblei/vivaldo_fresh_eth_xadc_fft_dma_corr/vivaldo_fresh_eth_xadc_fft_dma_corr.srcs/sources_1/bd/design_1/ip/design_1_axi_smc_0/bd_0/ip/ip_20/synth/bd_afc3_s01sic_0.sv:58]
INFO: [Synth 8-256] done synthesizing module 'bd_afc3_s01sic_0' (73#1) [/nfs/ug/homes-1/t/tramblei/vivaldo_fresh_eth_xadc_fft_dma_corr/vivaldo_fresh_eth_xadc_fft_dma_corr.srcs/sources_1/bd/design_1/ip/design_1_axi_smc_0/bd_0/ip/ip_20/synth/bd_afc3_s01sic_0.sv:58]
INFO: [Synth 8-638] synthesizing module 'bd_afc3_s01tr_0' [/nfs/ug/homes-1/t/tramblei/vivaldo_fresh_eth_xadc_fft_dma_corr/vivaldo_fresh_eth_xadc_fft_dma_corr.srcs/sources_1/bd/design_1/ip/design_1_axi_smc_0/bd_0/ip/ip_19/synth/bd_afc3_s01tr_0.sv:58]
INFO: [Synth 8-256] done synthesizing module 'bd_afc3_s01tr_0' (74#1) [/nfs/ug/homes-1/t/tramblei/vivaldo_fresh_eth_xadc_fft_dma_corr/vivaldo_fresh_eth_xadc_fft_dma_corr.srcs/sources_1/bd/design_1/ip/design_1_axi_smc_0/bd_0/ip/ip_19/synth/bd_afc3_s01tr_0.sv:58]
INFO: [Synth 8-256] done synthesizing module 's01_entry_pipeline_imp_1W4H5O0' (75#1) [/nfs/ug/homes-1/t/tramblei/vivaldo_fresh_eth_xadc_fft_dma_corr/vivaldo_fresh_eth_xadc_fft_dma_corr.srcs/sources_1/bd/design_1/ip/design_1_axi_smc_0/bd_0/hdl/bd_afc3.v:3274]
INFO: [Synth 8-638] synthesizing module 's01_nodes_imp_1RW0SI0' [/nfs/ug/homes-1/t/tramblei/vivaldo_fresh_eth_xadc_fft_dma_corr/vivaldo_fresh_eth_xadc_fft_dma_corr.srcs/sources_1/bd/design_1/ip/design_1_axi_smc_0/bd_0/hdl/bd_afc3.v:3561]
INFO: [Synth 8-638] synthesizing module 'bd_afc3_sarn_1' [/nfs/ug/homes-1/t/tramblei/vivaldo_fresh_eth_xadc_fft_dma_corr/vivaldo_fresh_eth_xadc_fft_dma_corr.srcs/sources_1/bd/design_1/ip/design_1_axi_smc_0/bd_0/ip/ip_22/synth/bd_afc3_sarn_1.sv:58]
INFO: [Synth 8-256] done synthesizing module 'bd_afc3_sarn_1' (76#1) [/nfs/ug/homes-1/t/tramblei/vivaldo_fresh_eth_xadc_fft_dma_corr/vivaldo_fresh_eth_xadc_fft_dma_corr.srcs/sources_1/bd/design_1/ip/design_1_axi_smc_0/bd_0/ip/ip_22/synth/bd_afc3_sarn_1.sv:58]
INFO: [Synth 8-638] synthesizing module 'bd_afc3_srn_1' [/nfs/ug/homes-1/t/tramblei/vivaldo_fresh_eth_xadc_fft_dma_corr/vivaldo_fresh_eth_xadc_fft_dma_corr.srcs/sources_1/bd/design_1/ip/design_1_axi_smc_0/bd_0/ip/ip_23/synth/bd_afc3_srn_1.sv:58]
INFO: [Synth 8-256] done synthesizing module 'bd_afc3_srn_1' (77#1) [/nfs/ug/homes-1/t/tramblei/vivaldo_fresh_eth_xadc_fft_dma_corr/vivaldo_fresh_eth_xadc_fft_dma_corr.srcs/sources_1/bd/design_1/ip/design_1_axi_smc_0/bd_0/ip/ip_23/synth/bd_afc3_srn_1.sv:58]
INFO: [Synth 8-256] done synthesizing module 's01_nodes_imp_1RW0SI0' (78#1) [/nfs/ug/homes-1/t/tramblei/vivaldo_fresh_eth_xadc_fft_dma_corr/vivaldo_fresh_eth_xadc_fft_dma_corr.srcs/sources_1/bd/design_1/ip/design_1_axi_smc_0/bd_0/hdl/bd_afc3.v:3561]
INFO: [Synth 8-638] synthesizing module 'bd_afc3_s02a2s_0' [/nfs/ug/homes-1/t/tramblei/vivaldo_fresh_eth_xadc_fft_dma_corr/vivaldo_fresh_eth_xadc_fft_dma_corr.srcs/sources_1/bd/design_1/ip/design_1_axi_smc_0/bd_0/ip/ip_27/synth/bd_afc3_s02a2s_0.sv:58]
INFO: [Synth 8-256] done synthesizing module 'bd_afc3_s02a2s_0' (79#1) [/nfs/ug/homes-1/t/tramblei/vivaldo_fresh_eth_xadc_fft_dma_corr/vivaldo_fresh_eth_xadc_fft_dma_corr.srcs/sources_1/bd/design_1/ip/design_1_axi_smc_0/bd_0/ip/ip_27/synth/bd_afc3_s02a2s_0.sv:58]
INFO: [Synth 8-638] synthesizing module 's02_entry_pipeline_imp_10GEI8D' [/nfs/ug/homes-1/t/tramblei/vivaldo_fresh_eth_xadc_fft_dma_corr/vivaldo_fresh_eth_xadc_fft_dma_corr.srcs/sources_1/bd/design_1/ip/design_1_axi_smc_0/bd_0/hdl/bd_afc3.v:3692]
INFO: [Synth 8-638] synthesizing module 'bd_afc3_s02mmu_0' [/nfs/ug/homes-1/t/tramblei/vivaldo_fresh_eth_xadc_fft_dma_corr/vivaldo_fresh_eth_xadc_fft_dma_corr.srcs/sources_1/bd/design_1/ip/design_1_axi_smc_0/bd_0/ip/ip_24/synth/bd_afc3_s02mmu_0.sv:58]
INFO: [Synth 8-256] done synthesizing module 'bd_afc3_s02mmu_0' (80#1) [/nfs/ug/homes-1/t/tramblei/vivaldo_fresh_eth_xadc_fft_dma_corr/vivaldo_fresh_eth_xadc_fft_dma_corr.srcs/sources_1/bd/design_1/ip/design_1_axi_smc_0/bd_0/ip/ip_24/synth/bd_afc3_s02mmu_0.sv:58]
INFO: [Synth 8-638] synthesizing module 'bd_afc3_s02sic_0' [/nfs/ug/homes-1/t/tramblei/vivaldo_fresh_eth_xadc_fft_dma_corr/vivaldo_fresh_eth_xadc_fft_dma_corr.srcs/sources_1/bd/design_1/ip/design_1_axi_smc_0/bd_0/ip/ip_26/synth/bd_afc3_s02sic_0.sv:58]
INFO: [Synth 8-256] done synthesizing module 'bd_afc3_s02sic_0' (81#1) [/nfs/ug/homes-1/t/tramblei/vivaldo_fresh_eth_xadc_fft_dma_corr/vivaldo_fresh_eth_xadc_fft_dma_corr.srcs/sources_1/bd/design_1/ip/design_1_axi_smc_0/bd_0/ip/ip_26/synth/bd_afc3_s02sic_0.sv:58]
INFO: [Synth 8-638] synthesizing module 'bd_afc3_s02tr_0' [/nfs/ug/homes-1/t/tramblei/vivaldo_fresh_eth_xadc_fft_dma_corr/vivaldo_fresh_eth_xadc_fft_dma_corr.srcs/sources_1/bd/design_1/ip/design_1_axi_smc_0/bd_0/ip/ip_25/synth/bd_afc3_s02tr_0.sv:58]
INFO: [Synth 8-256] done synthesizing module 'bd_afc3_s02tr_0' (82#1) [/nfs/ug/homes-1/t/tramblei/vivaldo_fresh_eth_xadc_fft_dma_corr/vivaldo_fresh_eth_xadc_fft_dma_corr.srcs/sources_1/bd/design_1/ip/design_1_axi_smc_0/bd_0/ip/ip_25/synth/bd_afc3_s02tr_0.sv:58]
INFO: [Synth 8-256] done synthesizing module 's02_entry_pipeline_imp_10GEI8D' (83#1) [/nfs/ug/homes-1/t/tramblei/vivaldo_fresh_eth_xadc_fft_dma_corr/vivaldo_fresh_eth_xadc_fft_dma_corr.srcs/sources_1/bd/design_1/ip/design_1_axi_smc_0/bd_0/hdl/bd_afc3.v:3692]
INFO: [Synth 8-638] synthesizing module 's02_nodes_imp_16RLGGJ' [/nfs/ug/homes-1/t/tramblei/vivaldo_fresh_eth_xadc_fft_dma_corr/vivaldo_fresh_eth_xadc_fft_dma_corr.srcs/sources_1/bd/design_1/ip/design_1_axi_smc_0/bd_0/hdl/bd_afc3.v:4035]
INFO: [Synth 8-638] synthesizing module 'bd_afc3_sawn_1' [/nfs/ug/homes-1/t/tramblei/vivaldo_fresh_eth_xadc_fft_dma_corr/vivaldo_fresh_eth_xadc_fft_dma_corr.srcs/sources_1/bd/design_1/ip/design_1_axi_smc_0/bd_0/ip/ip_28/synth/bd_afc3_sawn_1.sv:58]
INFO: [Synth 8-256] done synthesizing module 'bd_afc3_sawn_1' (84#1) [/nfs/ug/homes-1/t/tramblei/vivaldo_fresh_eth_xadc_fft_dma_corr/vivaldo_fresh_eth_xadc_fft_dma_corr.srcs/sources_1/bd/design_1/ip/design_1_axi_smc_0/bd_0/ip/ip_28/synth/bd_afc3_sawn_1.sv:58]
INFO: [Synth 8-638] synthesizing module 'bd_afc3_sbn_1' [/nfs/ug/homes-1/t/tramblei/vivaldo_fresh_eth_xadc_fft_dma_corr/vivaldo_fresh_eth_xadc_fft_dma_corr.srcs/sources_1/bd/design_1/ip/design_1_axi_smc_0/bd_0/ip/ip_30/synth/bd_afc3_sbn_1.sv:58]
INFO: [Synth 8-256] done synthesizing module 'bd_afc3_sbn_1' (85#1) [/nfs/ug/homes-1/t/tramblei/vivaldo_fresh_eth_xadc_fft_dma_corr/vivaldo_fresh_eth_xadc_fft_dma_corr.srcs/sources_1/bd/design_1/ip/design_1_axi_smc_0/bd_0/ip/ip_30/synth/bd_afc3_sbn_1.sv:58]
INFO: [Synth 8-638] synthesizing module 'bd_afc3_swn_1' [/nfs/ug/homes-1/t/tramblei/vivaldo_fresh_eth_xadc_fft_dma_corr/vivaldo_fresh_eth_xadc_fft_dma_corr.srcs/sources_1/bd/design_1/ip/design_1_axi_smc_0/bd_0/ip/ip_29/synth/bd_afc3_swn_1.sv:58]
INFO: [Synth 8-256] done synthesizing module 'bd_afc3_swn_1' (86#1) [/nfs/ug/homes-1/t/tramblei/vivaldo_fresh_eth_xadc_fft_dma_corr/vivaldo_fresh_eth_xadc_fft_dma_corr.srcs/sources_1/bd/design_1/ip/design_1_axi_smc_0/bd_0/ip/ip_29/synth/bd_afc3_swn_1.sv:58]
INFO: [Synth 8-256] done synthesizing module 's02_nodes_imp_16RLGGJ' (87#1) [/nfs/ug/homes-1/t/tramblei/vivaldo_fresh_eth_xadc_fft_dma_corr/vivaldo_fresh_eth_xadc_fft_dma_corr.srcs/sources_1/bd/design_1/ip/design_1_axi_smc_0/bd_0/hdl/bd_afc3.v:4035]
INFO: [Synth 8-638] synthesizing module 'bd_afc3_s03a2s_0' [/nfs/ug/homes-1/t/tramblei/vivaldo_fresh_eth_xadc_fft_dma_corr/vivaldo_fresh_eth_xadc_fft_dma_corr.srcs/sources_1/bd/design_1/ip/design_1_axi_smc_0/bd_0/ip/ip_34/synth/bd_afc3_s03a2s_0.sv:58]
INFO: [Synth 8-256] done synthesizing module 'bd_afc3_s03a2s_0' (88#1) [/nfs/ug/homes-1/t/tramblei/vivaldo_fresh_eth_xadc_fft_dma_corr/vivaldo_fresh_eth_xadc_fft_dma_corr.srcs/sources_1/bd/design_1/ip/design_1_axi_smc_0/bd_0/ip/ip_34/synth/bd_afc3_s03a2s_0.sv:58]
INFO: [Synth 8-638] synthesizing module 's03_entry_pipeline_imp_6ODKIH' [/nfs/ug/homes-1/t/tramblei/vivaldo_fresh_eth_xadc_fft_dma_corr/vivaldo_fresh_eth_xadc_fft_dma_corr.srcs/sources_1/bd/design_1/ip/design_1_axi_smc_0/bd_0/hdl/bd_afc3.v:4221]
INFO: [Synth 8-638] synthesizing module 'bd_afc3_s03mmu_0' [/nfs/ug/homes-1/t/tramblei/vivaldo_fresh_eth_xadc_fft_dma_corr/vivaldo_fresh_eth_xadc_fft_dma_corr.srcs/sources_1/bd/design_1/ip/design_1_axi_smc_0/bd_0/ip/ip_31/synth/bd_afc3_s03mmu_0.sv:58]
INFO: [Synth 8-256] done synthesizing module 'bd_afc3_s03mmu_0' (89#1) [/nfs/ug/homes-1/t/tramblei/vivaldo_fresh_eth_xadc_fft_dma_corr/vivaldo_fresh_eth_xadc_fft_dma_corr.srcs/sources_1/bd/design_1/ip/design_1_axi_smc_0/bd_0/ip/ip_31/synth/bd_afc3_s03mmu_0.sv:58]
INFO: [Synth 8-638] synthesizing module 'bd_afc3_s03sic_0' [/nfs/ug/homes-1/t/tramblei/vivaldo_fresh_eth_xadc_fft_dma_corr/vivaldo_fresh_eth_xadc_fft_dma_corr.srcs/sources_1/bd/design_1/ip/design_1_axi_smc_0/bd_0/ip/ip_33/synth/bd_afc3_s03sic_0.sv:58]
INFO: [Synth 8-256] done synthesizing module 'bd_afc3_s03sic_0' (90#1) [/nfs/ug/homes-1/t/tramblei/vivaldo_fresh_eth_xadc_fft_dma_corr/vivaldo_fresh_eth_xadc_fft_dma_corr.srcs/sources_1/bd/design_1/ip/design_1_axi_smc_0/bd_0/ip/ip_33/synth/bd_afc3_s03sic_0.sv:58]
INFO: [Synth 8-638] synthesizing module 'bd_afc3_s03tr_0' [/nfs/ug/homes-1/t/tramblei/vivaldo_fresh_eth_xadc_fft_dma_corr/vivaldo_fresh_eth_xadc_fft_dma_corr.srcs/sources_1/bd/design_1/ip/design_1_axi_smc_0/bd_0/ip/ip_32/synth/bd_afc3_s03tr_0.sv:58]
INFO: [Synth 8-256] done synthesizing module 'bd_afc3_s03tr_0' (91#1) [/nfs/ug/homes-1/t/tramblei/vivaldo_fresh_eth_xadc_fft_dma_corr/vivaldo_fresh_eth_xadc_fft_dma_corr.srcs/sources_1/bd/design_1/ip/design_1_axi_smc_0/bd_0/ip/ip_32/synth/bd_afc3_s03tr_0.sv:58]
INFO: [Synth 8-256] done synthesizing module 's03_entry_pipeline_imp_6ODKIH' (92#1) [/nfs/ug/homes-1/t/tramblei/vivaldo_fresh_eth_xadc_fft_dma_corr/vivaldo_fresh_eth_xadc_fft_dma_corr.srcs/sources_1/bd/design_1/ip/design_1_axi_smc_0/bd_0/hdl/bd_afc3.v:4221]
INFO: [Synth 8-638] synthesizing module 's03_nodes_imp_1ZPGX1' [/nfs/ug/homes-1/t/tramblei/vivaldo_fresh_eth_xadc_fft_dma_corr/vivaldo_fresh_eth_xadc_fft_dma_corr.srcs/sources_1/bd/design_1/ip/design_1_axi_smc_0/bd_0/hdl/bd_afc3.v:4505]
INFO: [Synth 8-638] synthesizing module 'bd_afc3_sarn_2' [/nfs/ug/homes-1/t/tramblei/vivaldo_fresh_eth_xadc_fft_dma_corr/vivaldo_fresh_eth_xadc_fft_dma_corr.srcs/sources_1/bd/design_1/ip/design_1_axi_smc_0/bd_0/ip/ip_35/synth/bd_afc3_sarn_2.sv:58]
INFO: [Synth 8-256] done synthesizing module 'bd_afc3_sarn_2' (93#1) [/nfs/ug/homes-1/t/tramblei/vivaldo_fresh_eth_xadc_fft_dma_corr/vivaldo_fresh_eth_xadc_fft_dma_corr.srcs/sources_1/bd/design_1/ip/design_1_axi_smc_0/bd_0/ip/ip_35/synth/bd_afc3_sarn_2.sv:58]
INFO: [Synth 8-638] synthesizing module 'bd_afc3_srn_2' [/nfs/ug/homes-1/t/tramblei/vivaldo_fresh_eth_xadc_fft_dma_corr/vivaldo_fresh_eth_xadc_fft_dma_corr.srcs/sources_1/bd/design_1/ip/design_1_axi_smc_0/bd_0/ip/ip_36/synth/bd_afc3_srn_2.sv:58]
INFO: [Synth 8-256] done synthesizing module 'bd_afc3_srn_2' (94#1) [/nfs/ug/homes-1/t/tramblei/vivaldo_fresh_eth_xadc_fft_dma_corr/vivaldo_fresh_eth_xadc_fft_dma_corr.srcs/sources_1/bd/design_1/ip/design_1_axi_smc_0/bd_0/ip/ip_36/synth/bd_afc3_srn_2.sv:58]
INFO: [Synth 8-256] done synthesizing module 's03_nodes_imp_1ZPGX1' (95#1) [/nfs/ug/homes-1/t/tramblei/vivaldo_fresh_eth_xadc_fft_dma_corr/vivaldo_fresh_eth_xadc_fft_dma_corr.srcs/sources_1/bd/design_1/ip/design_1_axi_smc_0/bd_0/hdl/bd_afc3.v:4505]
INFO: [Synth 8-638] synthesizing module 'switchboards_imp_4N4PBE' [/nfs/ug/homes-1/t/tramblei/vivaldo_fresh_eth_xadc_fft_dma_corr/vivaldo_fresh_eth_xadc_fft_dma_corr.srcs/sources_1/bd/design_1/ip/design_1_axi_smc_0/bd_0/hdl/bd_afc3.v:4636]
INFO: [Synth 8-638] synthesizing module 'bd_afc3_arsw_0' [/nfs/ug/homes-1/t/tramblei/vivaldo_fresh_eth_xadc_fft_dma_corr/vivaldo_fresh_eth_xadc_fft_dma_corr.srcs/sources_1/bd/design_1/ip/design_1_axi_smc_0/bd_0/ip/ip_4/synth/bd_afc3_arsw_0.sv:57]
INFO: [Synth 8-256] done synthesizing module 'bd_afc3_arsw_0' (98#1) [/nfs/ug/homes-1/t/tramblei/vivaldo_fresh_eth_xadc_fft_dma_corr/vivaldo_fresh_eth_xadc_fft_dma_corr.srcs/sources_1/bd/design_1/ip/design_1_axi_smc_0/bd_0/ip/ip_4/synth/bd_afc3_arsw_0.sv:57]
INFO: [Synth 8-638] synthesizing module 'bd_afc3_awsw_0' [/nfs/ug/homes-1/t/tramblei/vivaldo_fresh_eth_xadc_fft_dma_corr/vivaldo_fresh_eth_xadc_fft_dma_corr.srcs/sources_1/bd/design_1/ip/design_1_axi_smc_0/bd_0/ip/ip_6/synth/bd_afc3_awsw_0.sv:57]
INFO: [Synth 8-256] done synthesizing module 'bd_afc3_awsw_0' (99#1) [/nfs/ug/homes-1/t/tramblei/vivaldo_fresh_eth_xadc_fft_dma_corr/vivaldo_fresh_eth_xadc_fft_dma_corr.srcs/sources_1/bd/design_1/ip/design_1_axi_smc_0/bd_0/ip/ip_6/synth/bd_afc3_awsw_0.sv:57]
INFO: [Synth 8-638] synthesizing module 'bd_afc3_bsw_0' [/nfs/ug/homes-1/t/tramblei/vivaldo_fresh_eth_xadc_fft_dma_corr/vivaldo_fresh_eth_xadc_fft_dma_corr.srcs/sources_1/bd/design_1/ip/design_1_axi_smc_0/bd_0/ip/ip_8/synth/bd_afc3_bsw_0.sv:57]
INFO: [Synth 8-256] done synthesizing module 'bd_afc3_bsw_0' (100#1) [/nfs/ug/homes-1/t/tramblei/vivaldo_fresh_eth_xadc_fft_dma_corr/vivaldo_fresh_eth_xadc_fft_dma_corr.srcs/sources_1/bd/design_1/ip/design_1_axi_smc_0/bd_0/ip/ip_8/synth/bd_afc3_bsw_0.sv:57]
INFO: [Synth 8-638] synthesizing module 'bd_afc3_rsw_0' [/nfs/ug/homes-1/t/tramblei/vivaldo_fresh_eth_xadc_fft_dma_corr/vivaldo_fresh_eth_xadc_fft_dma_corr.srcs/sources_1/bd/design_1/ip/design_1_axi_smc_0/bd_0/ip/ip_5/synth/bd_afc3_rsw_0.sv:57]
INFO: [Synth 8-256] done synthesizing module 'bd_afc3_rsw_0' (101#1) [/nfs/ug/homes-1/t/tramblei/vivaldo_fresh_eth_xadc_fft_dma_corr/vivaldo_fresh_eth_xadc_fft_dma_corr.srcs/sources_1/bd/design_1/ip/design_1_axi_smc_0/bd_0/ip/ip_5/synth/bd_afc3_rsw_0.sv:57]
INFO: [Synth 8-638] synthesizing module 'bd_afc3_wsw_0' [/nfs/ug/homes-1/t/tramblei/vivaldo_fresh_eth_xadc_fft_dma_corr/vivaldo_fresh_eth_xadc_fft_dma_corr.srcs/sources_1/bd/design_1/ip/design_1_axi_smc_0/bd_0/ip/ip_7/synth/bd_afc3_wsw_0.sv:57]
INFO: [Synth 8-256] done synthesizing module 'bd_afc3_wsw_0' (102#1) [/nfs/ug/homes-1/t/tramblei/vivaldo_fresh_eth_xadc_fft_dma_corr/vivaldo_fresh_eth_xadc_fft_dma_corr.srcs/sources_1/bd/design_1/ip/design_1_axi_smc_0/bd_0/ip/ip_7/synth/bd_afc3_wsw_0.sv:57]
INFO: [Synth 8-256] done synthesizing module 'switchboards_imp_4N4PBE' (103#1) [/nfs/ug/homes-1/t/tramblei/vivaldo_fresh_eth_xadc_fft_dma_corr/vivaldo_fresh_eth_xadc_fft_dma_corr.srcs/sources_1/bd/design_1/ip/design_1_axi_smc_0/bd_0/hdl/bd_afc3.v:4636]
INFO: [Synth 8-256] done synthesizing module 'bd_afc3' (104#1) [/nfs/ug/homes-1/t/tramblei/vivaldo_fresh_eth_xadc_fft_dma_corr/vivaldo_fresh_eth_xadc_fft_dma_corr.srcs/sources_1/bd/design_1/ip/design_1_axi_smc_0/bd_0/hdl/bd_afc3.v:13]
INFO: [Synth 8-256] done synthesizing module 'design_1_axi_smc_0' (105#1) [/nfs/ug/homes-1/t/tramblei/vivaldo_fresh_eth_xadc_fft_dma_corr/vivaldo_fresh_eth_xadc_fft_dma_corr.srcs/sources_1/bd/design_1/ip/design_1_axi_smc_0/synth/design_1_axi_smc_0.v:57]
Finished RTL Elaboration : Time (s): cpu = 00:00:15 ; elapsed = 00:00:15 . Memory (MB): peak = 1418.699 ; gain = 261.070 ; free physical = 3283 ; free virtual = 35277
Finished RTL Optimization Phase 1 : Time (s): cpu = 00:00:16 ; elapsed = 00:00:17 . Memory (MB): peak = 1418.699 ; gain = 261.070 ; free physical = 3246 ; free virtual = 35240
INFO: [Device 21-403] Loading part xc7a100tcsg324-1
Constraint Validation Runtime : Time (s): cpu = 00:00:02 ; elapsed = 00:00:00.53 . Memory (MB): peak = 2433.098 ; gain = 0.000 ; free physical = 3263 ; free virtual = 35265
Finished Constraint Validation : Time (s): cpu = 00:00:51 ; elapsed = 00:00:48 . Memory (MB): peak = 2433.098 ; gain = 1275.469 ; free physical = 3940 ; free virtual = 35939
Finished Loading Part and Timing Information : Time (s): cpu = 00:00:51 ; elapsed = 00:00:48 . Memory (MB): peak = 2433.098 ; gain = 1275.469 ; free physical = 3940 ; free virtual = 35939
Finished applying 'set_property' XDC Constraints : Time (s): cpu = 00:00:51 ; elapsed = 00:00:48 . Memory (MB): peak = 2433.098 ; gain = 1275.469 ; free physical = 3940 ; free virtual = 35938
Finished RTL Optimization Phase 2 : Time (s): cpu = 00:00:56 ; elapsed = 00:00:53 . Memory (MB): peak = 2433.098 ; gain = 1275.469 ; free physical = 3887 ; free virtual = 35886
Finished Cross Boundary and Area Optimization : Time (s): cpu = 00:01:35 ; elapsed = 00:01:41 . Memory (MB): peak = 2433.098 ; gain = 1275.469 ; free physical = 3452 ; free virtual = 35497
---------------------------------------------------------------------------------
Start ROM, RAM, DSP and Shift Register Reporting
---------------------------------------------------------------------------------

Distributed RAM: Preliminary Mapping  Report (see note below)
+-----------------------------------------------------------------------------------------------------------------------------------------------------------------------------------+----------------------------------+----------------+----------------------+----------------+
|Module Name                                                                                                                                                                        | RTL Object                       | Inference      | Size (Depth x Width) | Primitives     | 
+-----------------------------------------------------------------------------------------------------------------------------------------------------------------------------------+----------------------------------+----------------+----------------------+----------------+
|inst/i_2/\m00_nodes/m00_ar_node/inst /\inst_mi_handler/gen_normal_area.inst_fifo_node_payld/gen_xpm_memory_fifo.inst_fifo/gen_mem_rep[0].inst_xpm_memory                           | gen_wr_a.gen_word_narrow.mem_reg | User Attribute | 32 x 161             | RAM32M x 27    | 
|inst/i_2/\m00_nodes/m00_aw_node/inst /\inst_mi_handler/gen_normal_area.inst_fifo_node_payld/gen_xpm_memory_fifo.inst_fifo/gen_mem_rep[0].inst_xpm_memory                           | gen_wr_a.gen_word_narrow.mem_reg | User Attribute | 32 x 161             | RAM32M x 27    | 
|inst/i_2/\m00_nodes/m00_b_node/inst /\inst_mi_handler/gen_normal_area.gen_fifo_req.inst_fifo_req/gen_xpm_memory_fifo.inst_fifo/gen_mem_rep[0].inst_xpm_memory                      | gen_wr_a.gen_word_narrow.mem_reg | User Attribute | 32 x 21              | RAM32M x 4     | 
|inst/i_2/\m00_nodes/m00_b_node/inst /\inst_mi_handler/gen_normal_area.inst_fifo_node_payld/gen_xpm_memory_fifo.inst_fifo/gen_mem_rep[0].inst_xpm_memory                            | gen_wr_a.gen_word_narrow.mem_reg | User Attribute | 32 x 10              | RAM32M x 2     | 
|inst/i_2/\m00_nodes/m00_r_node/inst /\inst_mi_handler/gen_normal_area.gen_fifo_req.inst_fifo_req/gen_xpm_memory_fifo.inst_fifo/gen_mem_rep[0].inst_xpm_memory                      | gen_wr_a.gen_word_narrow.mem_reg | User Attribute | 32 x 21              | RAM32M x 4     | 
|inst/i_2/\m00_nodes/m00_r_node/inst /\inst_mi_handler/gen_normal_area.inst_fifo_node_payld/gen_xpm_memory_fifo.inst_fifo/gen_mem_rep[0].inst_xpm_memory                            | gen_wr_a.gen_word_narrow.mem_reg | User Attribute | 32 x 88              | RAM32M x 15    | 
|inst/i_2/\m00_nodes/m00_w_node/inst /\inst_si_handler/gen_si_handler.gen_request_fifos.gen_req_fifo[0].inst_req_fifo/gen_xpm_memory_fifo.inst_fifo/gen_mem_rep[0].inst_xpm_memory  | gen_wr_a.gen_word_narrow.mem_reg | User Attribute | 4 x 1                | RAM16X1D x 1   | 
|inst/i_2/\m00_nodes/m00_w_node/inst /\inst_si_handler/gen_si_handler.gen_request_fifos.gen_req_fifo[1].inst_req_fifo/gen_xpm_memory_fifo.inst_fifo/gen_mem_rep[0].inst_xpm_memory  | gen_wr_a.gen_word_narrow.mem_reg | User Attribute | 4 x 1                | RAM16X1D x 1   | 
|inst/i_2/\m00_nodes/m00_w_node/inst /\inst_si_handler/gen_si_handler.gen_request_fifos.gen_req_fifo[2].inst_req_fifo/gen_xpm_memory_fifo.inst_fifo/gen_mem_rep[0].inst_xpm_memory  | gen_wr_a.gen_word_narrow.mem_reg | User Attribute | 4 x 1                | RAM16X1D x 1   | 
|inst/i_2/\m00_nodes/m00_w_node/inst /\inst_si_handler/gen_si_handler.gen_request_fifos.gen_req_fifo[3].inst_req_fifo/gen_xpm_memory_fifo.inst_fifo/gen_mem_rep[0].inst_xpm_memory  | gen_wr_a.gen_word_narrow.mem_reg | User Attribute | 4 x 1                | RAM16X1D x 1   | 
|inst/i_2/\m00_nodes/m00_w_node/inst /\inst_mi_handler/gen_normal_area.inst_fifo_node_payld/gen_xpm_memory_fifo.inst_fifo/gen_mem_rep[0].inst_xpm_memory                            | gen_wr_a.gen_word_narrow.mem_reg | User Attribute | 32 x 107             | RAM32M x 18    | 
|inst/i_2/\s00_nodes/s00_ar_node/inst /\inst_mi_handler/gen_normal_area.gen_fifo_req.inst_fifo_req/gen_xpm_memory_fifo.inst_fifo/gen_mem_rep[0].inst_xpm_memory                     | gen_wr_a.gen_word_narrow.mem_reg | User Attribute | 32 x 18              | RAM32M x 3     | 
|inst/i_2/\s00_nodes/s00_ar_node/inst /\inst_mi_handler/gen_normal_area.inst_fifo_node_payld/gen_xpm_memory_fifo.inst_fifo/gen_mem_rep[0].inst_xpm_memory                           | gen_wr_a.gen_word_narrow.mem_reg | User Attribute | 32 x 142             | RAM32M x 24    | 
|inst/i_2/\s00_nodes/s00_aw_node/inst /\inst_mi_handler/gen_normal_area.gen_fifo_req.inst_fifo_req/gen_xpm_memory_fifo.inst_fifo/gen_mem_rep[0].inst_xpm_memory                     | gen_wr_a.gen_word_narrow.mem_reg | User Attribute | 32 x 18              | RAM32M x 3     | 
|inst/i_2/\s00_nodes/s00_aw_node/inst /\inst_mi_handler/gen_normal_area.inst_fifo_node_payld/gen_xpm_memory_fifo.inst_fifo/gen_mem_rep[0].inst_xpm_memory                           | gen_wr_a.gen_word_narrow.mem_reg | User Attribute | 32 x 142             | RAM32M x 24    | 
|inst/i_2/\s00_nodes/s00_b_node/inst /\inst_mi_handler/gen_normal_area.gen_node_prog_full.inst_node_prog_full/gen_xpm_memory_fifo.inst_fifo/gen_mem_rep[0].inst_xpm_memory          | gen_wr_a.gen_word_narrow.mem_reg | User Attribute | 32 x 1               | RAM32X1D x 1   | 
|inst/i_2/\s00_nodes/s00_b_node/inst /\inst_mi_handler/gen_normal_area.inst_fifo_node_payld/gen_xpm_memory_fifo.inst_fifo/gen_mem_rep[0].inst_xpm_memory                            | gen_wr_a.gen_word_narrow.mem_reg | User Attribute | 32 x 28              | RAM32M x 5     | 
|inst/i_2/\s00_nodes/s00_r_node/inst /\inst_mi_handler/gen_normal_area.gen_node_prog_full.inst_node_prog_full/gen_xpm_memory_fifo.inst_fifo/gen_mem_rep[0].inst_xpm_memory          | gen_wr_a.gen_word_narrow.mem_reg | User Attribute | 32 x 1               | RAM32X1D x 1   | 
|inst/i_2/\s00_nodes/s00_r_node/inst /\inst_mi_handler/gen_normal_area.inst_fifo_node_payld/gen_xpm_memory_fifo.inst_fifo/gen_mem_rep[0].inst_xpm_memory                            | gen_wr_a.gen_word_narrow.mem_reg | User Attribute | 32 x 106             | RAM32M x 18    | 
|inst/i_2/\s00_nodes/s00_w_node/inst /\inst_mi_handler/gen_normal_area.gen_fifo_req.inst_fifo_req/gen_xpm_memory_fifo.inst_fifo/gen_mem_rep[0].inst_xpm_memory                      | gen_wr_a.gen_word_narrow.mem_reg | User Attribute | 32 x 18              | RAM32M x 3     | 
|inst/i_2/\s00_nodes/s00_w_node/inst /\inst_mi_handler/gen_normal_area.inst_fifo_node_payld/gen_xpm_memory_fifo.inst_fifo/gen_mem_rep[0].inst_xpm_memory                            | gen_wr_a.gen_word_narrow.mem_reg | User Attribute | 32 x 88              | RAM32M x 15    | 
|inst/i_2/\s01_nodes/s01_ar_node/inst /\inst_mi_handler/gen_normal_area.gen_fifo_req.inst_fifo_req/gen_xpm_memory_fifo.inst_fifo/gen_mem_rep[0].inst_xpm_memory                     | gen_wr_a.gen_word_narrow.mem_reg | User Attribute | 32 x 18              | RAM32M x 3     | 
|inst/i_2/\s01_nodes/s01_ar_node/inst /\inst_mi_handler/gen_normal_area.inst_fifo_node_payld/gen_xpm_memory_fifo.inst_fifo/gen_mem_rep[0].inst_xpm_memory                           | gen_wr_a.gen_word_narrow.mem_reg | User Attribute | 32 x 142             | RAM32M x 24    | 
|inst/i_2/\s01_nodes/s01_r_node/inst /\inst_mi_handler/gen_normal_area.gen_node_prog_full.inst_node_prog_full/gen_xpm_memory_fifo.inst_fifo/gen_mem_rep[0].inst_xpm_memory          | gen_wr_a.gen_word_narrow.mem_reg | User Attribute | 32 x 1               | RAM32X1D x 1   | 
|inst/i_2/\s01_nodes/s01_r_node/inst /\inst_mi_handler/gen_normal_area.inst_fifo_node_payld/gen_xpm_memory_fifo.inst_fifo/gen_mem_rep[0].inst_xpm_memory                            | gen_wr_a.gen_word_narrow.mem_reg | User Attribute | 32 x 106             | RAM32M x 18    | 
|inst/i_2/\s02_nodes/s02_aw_node/inst /\inst_mi_handler/gen_normal_area.gen_fifo_req.inst_fifo_req/gen_xpm_memory_fifo.inst_fifo/gen_mem_rep[0].inst_xpm_memory                     | gen_wr_a.gen_word_narrow.mem_reg | User Attribute | 32 x 18              | RAM32M x 3     | 
|inst/i_2/\s02_nodes/s02_aw_node/inst /\inst_mi_handler/gen_normal_area.inst_fifo_node_payld/gen_xpm_memory_fifo.inst_fifo/gen_mem_rep[0].inst_xpm_memory                           | gen_wr_a.gen_word_narrow.mem_reg | User Attribute | 32 x 142             | RAM32M x 24    | 
|inst/i_2/\s02_nodes/s02_b_node/inst /\inst_mi_handler/gen_normal_area.gen_node_prog_full.inst_node_prog_full/gen_xpm_memory_fifo.inst_fifo/gen_mem_rep[0].inst_xpm_memory          | gen_wr_a.gen_word_narrow.mem_reg | User Attribute | 32 x 1               | RAM32X1D x 1   | 
|inst/i_2/\s02_nodes/s02_b_node/inst /\inst_mi_handler/gen_normal_area.inst_fifo_node_payld/gen_xpm_memory_fifo.inst_fifo/gen_mem_rep[0].inst_xpm_memory                            | gen_wr_a.gen_word_narrow.mem_reg | User Attribute | 32 x 28              | RAM32M x 5     | 
|inst/i_2/\s02_nodes/s02_w_node/inst /\inst_mi_handler/gen_normal_area.gen_fifo_req.inst_fifo_req/gen_xpm_memory_fifo.inst_fifo/gen_mem_rep[0].inst_xpm_memory                      | gen_wr_a.gen_word_narrow.mem_reg | User Attribute | 32 x 18              | RAM32M x 3     | 
|inst/i_2/\s02_nodes/s02_w_node/inst /\inst_mi_handler/gen_normal_area.inst_fifo_node_payld/gen_xpm_memory_fifo.inst_fifo/gen_mem_rep[0].inst_xpm_memory                            | gen_wr_a.gen_word_narrow.mem_reg | User Attribute | 32 x 88              | RAM32M x 15    | 
|inst/i_2/\s03_nodes/s03_ar_node/inst /\inst_mi_handler/gen_normal_area.gen_fifo_req.inst_fifo_req/gen_xpm_memory_fifo.inst_fifo/gen_mem_rep[0].inst_xpm_memory                     | gen_wr_a.gen_word_narrow.mem_reg | User Attribute | 32 x 18              | RAM32M x 3     | 
|inst/i_2/\s03_nodes/s03_ar_node/inst /\inst_mi_handler/gen_normal_area.inst_fifo_node_payld/gen_xpm_memory_fifo.inst_fifo/gen_mem_rep[0].inst_xpm_memory                           | gen_wr_a.gen_word_narrow.mem_reg | User Attribute | 32 x 142             | RAM32M x 24    | 
|inst/i_2/\s03_nodes/s03_r_node/inst /\inst_mi_handler/gen_normal_area.gen_node_prog_full.inst_node_prog_full/gen_xpm_memory_fifo.inst_fifo/gen_mem_rep[0].inst_xpm_memory          | gen_wr_a.gen_word_narrow.mem_reg | User Attribute | 32 x 1               | RAM32X1D x 1   | 
|inst/i_2/\s03_nodes/s03_r_node/inst /\inst_mi_handler/gen_normal_area.inst_fifo_node_payld/gen_xpm_memory_fifo.inst_fifo/gen_mem_rep[0].inst_xpm_memory                            | gen_wr_a.gen_word_narrow.mem_reg | User Attribute | 32 x 106             | RAM32M x 18    | 
+-----------------------------------------------------------------------------------------------------------------------------------------------------------------------------------+----------------------------------+----------------+----------------------+----------------+

Note: The table above is a preliminary report that shows the Distributed RAMs at the current stage of the synthesis flow. Some Distributed RAMs may be reimplemented as non Distributed RAM primitives later in the synthesis flow. Multiple instantiated RAMs are reported only once.
---------------------------------------------------------------------------------
Finished ROM, RAM, DSP and Shift Register Reporting
---------------------------------------------------------------------------------
Finished Applying XDC Timing Constraints : Time (s): cpu = 00:01:40 ; elapsed = 00:01:46 . Memory (MB): peak = 2433.098 ; gain = 1275.469 ; free physical = 3288 ; free virtual = 35346
Finished Timing Optimization : Time (s): cpu = 00:01:42 ; elapsed = 00:01:49 . Memory (MB): peak = 2433.098 ; gain = 1275.469 ; free physical = 3740 ; free virtual = 35807
Finished Technology Mapping : Time (s): cpu = 00:01:49 ; elapsed = 00:01:56 . Memory (MB): peak = 2433.098 ; gain = 1275.469 ; free physical = 3835 ; free virtual = 35920
Finished IO Insertion : Time (s): cpu = 00:01:50 ; elapsed = 00:01:57 . Memory (MB): peak = 2433.098 ; gain = 1275.469 ; free physical = 3763 ; free virtual = 35848
Finished Renaming Generated Instances : Time (s): cpu = 00:01:50 ; elapsed = 00:01:57 . Memory (MB): peak = 2433.098 ; gain = 1275.469 ; free physical = 3761 ; free virtual = 35846
Finished Rebuilding User Hierarchy : Time (s): cpu = 00:01:51 ; elapsed = 00:01:58 . Memory (MB): peak = 2433.098 ; gain = 1275.469 ; free physical = 3713 ; free virtual = 35794
Finished Renaming Generated Ports : Time (s): cpu = 00:01:51 ; elapsed = 00:01:58 . Memory (MB): peak = 2433.098 ; gain = 1275.469 ; free physical = 3712 ; free virtual = 35793
Finished Handling Custom Attributes : Time (s): cpu = 00:01:52 ; elapsed = 00:01:59 . Memory (MB): peak = 2433.098 ; gain = 1275.469 ; free physical = 3712 ; free virtual = 35793
Finished Renaming Generated Nets : Time (s): cpu = 00:01:52 ; elapsed = 00:01:59 . Memory (MB): peak = 2433.098 ; gain = 1275.469 ; free physical = 3712 ; free virtual = 35793

Report Cell Usage: 
+------+---------+------+
|      |Cell     |Count |
+------+---------+------+
|1     |CARRY4   |     6|
|2     |LUT1     |   246|
|3     |LUT2     |   682|
|4     |LUT3     |   443|
|5     |LUT4     |  1834|
|6     |LUT5     |   797|
|7     |LUT6     |  1356|
|8     |MUXF7    |     2|
|9     |RAM16X1D |     4|
|10    |RAM32M   |   332|
|11    |RAM32X1D |     5|
|12    |SRL16    |     3|
|13    |SRLC32E  |   232|
|14    |FDR      |    20|
|15    |FDRE     |  5521|
|16    |FDSE     |   230|
+------+---------+------+
Finished Writing Synthesis Report : Time (s): cpu = 00:01:52 ; elapsed = 00:01:59 . Memory (MB): peak = 2433.098 ; gain = 1275.469 ; free physical = 3712 ; free virtual = 35793
synth_design: Time (s): cpu = 00:01:58 ; elapsed = 00:02:05 . Memory (MB): peak = 2497.129 ; gain = 1354.082 ; free physical = 3396 ; free virtual = 35481
