
*** Running vivado
    with args -log design_1_xlconstant_2_0.vds -m64 -product Vivado -mode batch -messageDb vivado.pb -notrace -source design_1_xlconstant_2_0.tcl


****** Vivado v2017.2 (64-bit)
  **** SW Build 1909853 on Thu Jun 15 18:39:10 MDT 2017
  **** IP Build 1909766 on Thu Jun 15 19:58:00 MDT 2017
    ** Copyright 1986-2017 Xilinx, Inc. All Rights Reserved.

source design_1_xlconstant_2_0.tcl -notrace
Starting RTL Elaboration : Time (s): cpu = 00:00:03 ; elapsed = 00:00:04 . Memory (MB): peak = 1199.574 ; gain = 72.000 ; free physical = 2521 ; free virtual = 34384
INFO: [Synth 8-638] synthesizing module 'design_1_xlconstant_2_0' [/nfs/ug/homes-1/t/tramblei/vivaldo_fresh_eth_xadc_fft_dma_corr/vivaldo_fresh_eth_xadc_fft_dma_corr.srcs/sources_1/bd/design_1/ip/design_1_xlconstant_2_0/synth/design_1_xlconstant_2_0.v:57]
INFO: [Synth 8-638] synthesizing module 'xlconstant_v1_1_3_xlconstant' [/nfs/ug/homes-1/t/tramblei/vivaldo_fresh_eth_xadc_fft_dma_corr/vivaldo_fresh_eth_xadc_fft_dma_corr.srcs/sources_1/bd/design_1/ipshared/45df/hdl/xlconstant_v1_1_vl_rfs.v:23]
INFO: [Synth 8-256] done synthesizing module 'xlconstant_v1_1_3_xlconstant' (1#1) [/nfs/ug/homes-1/t/tramblei/vivaldo_fresh_eth_xadc_fft_dma_corr/vivaldo_fresh_eth_xadc_fft_dma_corr.srcs/sources_1/bd/design_1/ipshared/45df/hdl/xlconstant_v1_1_vl_rfs.v:23]
INFO: [Synth 8-256] done synthesizing module 'design_1_xlconstant_2_0' (2#1) [/nfs/ug/homes-1/t/tramblei/vivaldo_fresh_eth_xadc_fft_dma_corr/vivaldo_fresh_eth_xadc_fft_dma_corr.srcs/sources_1/bd/design_1/ip/design_1_xlconstant_2_0/synth/design_1_xlconstant_2_0.v:57]
Finished RTL Elaboration : Time (s): cpu = 00:00:04 ; elapsed = 00:00:04 . Memory (MB): peak = 1240.074 ; gain = 112.500 ; free physical = 2578 ; free virtual = 34439
Finished RTL Optimization Phase 1 : Time (s): cpu = 00:00:04 ; elapsed = 00:00:05 . Memory (MB): peak = 1240.074 ; gain = 112.500 ; free physical = 2570 ; free virtual = 34432
INFO: [Device 21-403] Loading part xc7a100tcsg324-1
Constraint Validation Runtime : Time (s): cpu = 00:00:00.01 ; elapsed = 00:00:00.02 . Memory (MB): peak = 1496.934 ; gain = 0.000 ; free physical = 2219 ; free virtual = 34095
Finished Constraint Validation : Time (s): cpu = 00:00:11 ; elapsed = 00:00:13 . Memory (MB): peak = 1496.934 ; gain = 369.359 ; free physical = 2269 ; free virtual = 34122
Finished Loading Part and Timing Information : Time (s): cpu = 00:00:11 ; elapsed = 00:00:13 . Memory (MB): peak = 1496.934 ; gain = 369.359 ; free physical = 2269 ; free virtual = 34122
Finished applying 'set_property' XDC Constraints : Time (s): cpu = 00:00:11 ; elapsed = 00:00:13 . Memory (MB): peak = 1496.934 ; gain = 369.359 ; free physical = 2270 ; free virtual = 34124
Finished RTL Optimization Phase 2 : Time (s): cpu = 00:00:11 ; elapsed = 00:00:13 . Memory (MB): peak = 1496.934 ; gain = 369.359 ; free physical = 2270 ; free virtual = 34123
Finished Cross Boundary and Area Optimization : Time (s): cpu = 00:00:11 ; elapsed = 00:00:13 . Memory (MB): peak = 1496.934 ; gain = 369.359 ; free physical = 2257 ; free virtual = 34110
Finished Applying XDC Timing Constraints : Time (s): cpu = 00:00:16 ; elapsed = 00:00:18 . Memory (MB): peak = 1511.918 ; gain = 384.344 ; free physical = 2087 ; free virtual = 33933
Finished Timing Optimization : Time (s): cpu = 00:00:16 ; elapsed = 00:00:18 . Memory (MB): peak = 1511.918 ; gain = 384.344 ; free physical = 2087 ; free virtual = 33933
Finished Technology Mapping : Time (s): cpu = 00:00:16 ; elapsed = 00:00:18 . Memory (MB): peak = 1520.934 ; gain = 393.359 ; free physical = 2082 ; free virtual = 33929
Finished IO Insertion : Time (s): cpu = 00:00:16 ; elapsed = 00:00:18 . Memory (MB): peak = 1520.934 ; gain = 393.359 ; free physical = 2081 ; free virtual = 33932
Finished Renaming Generated Instances : Time (s): cpu = 00:00:16 ; elapsed = 00:00:18 . Memory (MB): peak = 1520.934 ; gain = 393.359 ; free physical = 2081 ; free virtual = 33932
Finished Rebuilding User Hierarchy : Time (s): cpu = 00:00:16 ; elapsed = 00:00:18 . Memory (MB): peak = 1520.934 ; gain = 393.359 ; free physical = 2081 ; free virtual = 33932
Finished Renaming Generated Ports : Time (s): cpu = 00:00:16 ; elapsed = 00:00:18 . Memory (MB): peak = 1520.934 ; gain = 393.359 ; free physical = 2081 ; free virtual = 33932
Finished Handling Custom Attributes : Time (s): cpu = 00:00:16 ; elapsed = 00:00:18 . Memory (MB): peak = 1520.934 ; gain = 393.359 ; free physical = 2081 ; free virtual = 33932
Finished Renaming Generated Nets : Time (s): cpu = 00:00:16 ; elapsed = 00:00:18 . Memory (MB): peak = 1520.934 ; gain = 393.359 ; free physical = 2081 ; free virtual = 33932

Report Cell Usage: 
+-+-----+------+
| |Cell |Count |
+-+-----+------+
+-+-----+------+
Finished Writing Synthesis Report : Time (s): cpu = 00:00:16 ; elapsed = 00:00:18 . Memory (MB): peak = 1520.934 ; gain = 393.359 ; free physical = 2081 ; free virtual = 33932
synth_design: Time (s): cpu = 00:00:17 ; elapsed = 00:00:20 . Memory (MB): peak = 1535.934 ; gain = 420.941 ; free physical = 2094 ; free virtual = 33943
