
*** Running vivado
    with args -log design_1_util_reduced_logic_0_0.vds -m64 -product Vivado -mode batch -messageDb vivado.pb -notrace -source design_1_util_reduced_logic_0_0.tcl


****** Vivado v2017.2 (64-bit)
  **** SW Build 1909853 on Thu Jun 15 18:39:10 MDT 2017
  **** IP Build 1909766 on Thu Jun 15 19:58:00 MDT 2017
    ** Copyright 1986-2017 Xilinx, Inc. All Rights Reserved.

source design_1_util_reduced_logic_0_0.tcl -notrace
Starting RTL Elaboration : Time (s): cpu = 00:00:05 ; elapsed = 00:00:06 . Memory (MB): peak = 1199.570 ; gain = 72.000 ; free physical = 2063 ; free virtual = 33997
INFO: [Synth 8-638] synthesizing module 'design_1_util_reduced_logic_0_0' [/nfs/ug/homes-1/t/tramblei/vivaldo_fresh_eth_xadc_fft_dma_corr/vivaldo_fresh_eth_xadc_fft_dma_corr.srcs/sources_1/bd/design_1/ip/design_1_util_reduced_logic_0_0/synth/design_1_util_reduced_logic_0_0.v:57]
INFO: [Synth 8-638] synthesizing module 'util_reduced_logic_v2_0_3_util_reduced_logic' [/nfs/ug/homes-1/t/tramblei/vivaldo_fresh_eth_xadc_fft_dma_corr/vivaldo_fresh_eth_xadc_fft_dma_corr.srcs/sources_1/bd/design_1/ipshared/f54b/hdl/util_reduced_logic_v2_0_vl_rfs.v:73]
INFO: [Synth 8-256] done synthesizing module 'util_reduced_logic_v2_0_3_util_reduced_logic' (1#1) [/nfs/ug/homes-1/t/tramblei/vivaldo_fresh_eth_xadc_fft_dma_corr/vivaldo_fresh_eth_xadc_fft_dma_corr.srcs/sources_1/bd/design_1/ipshared/f54b/hdl/util_reduced_logic_v2_0_vl_rfs.v:73]
INFO: [Synth 8-256] done synthesizing module 'design_1_util_reduced_logic_0_0' (2#1) [/nfs/ug/homes-1/t/tramblei/vivaldo_fresh_eth_xadc_fft_dma_corr/vivaldo_fresh_eth_xadc_fft_dma_corr.srcs/sources_1/bd/design_1/ip/design_1_util_reduced_logic_0_0/synth/design_1_util_reduced_logic_0_0.v:57]
Finished RTL Elaboration : Time (s): cpu = 00:00:06 ; elapsed = 00:00:07 . Memory (MB): peak = 1240.070 ; gain = 112.500 ; free physical = 2053 ; free virtual = 33995
Finished RTL Optimization Phase 1 : Time (s): cpu = 00:00:06 ; elapsed = 00:00:07 . Memory (MB): peak = 1240.070 ; gain = 112.500 ; free physical = 2019 ; free virtual = 33966
INFO: [Device 21-403] Loading part xc7a100tcsg324-1
Constraint Validation Runtime : Time (s): cpu = 00:00:00.01 ; elapsed = 00:00:00.05 . Memory (MB): peak = 1501.922 ; gain = 0.000 ; free physical = 949 ; free virtual = 32908
Finished Constraint Validation : Time (s): cpu = 00:00:16 ; elapsed = 00:00:20 . Memory (MB): peak = 1501.922 ; gain = 374.352 ; free physical = 743 ; free virtual = 32679
Finished Loading Part and Timing Information : Time (s): cpu = 00:00:16 ; elapsed = 00:00:20 . Memory (MB): peak = 1501.922 ; gain = 374.352 ; free physical = 743 ; free virtual = 32679
Finished applying 'set_property' XDC Constraints : Time (s): cpu = 00:00:16 ; elapsed = 00:00:20 . Memory (MB): peak = 1501.922 ; gain = 374.352 ; free physical = 738 ; free virtual = 32673
Finished RTL Optimization Phase 2 : Time (s): cpu = 00:00:16 ; elapsed = 00:00:20 . Memory (MB): peak = 1501.922 ; gain = 374.352 ; free physical = 701 ; free virtual = 32636
Finished Cross Boundary and Area Optimization : Time (s): cpu = 00:00:16 ; elapsed = 00:00:20 . Memory (MB): peak = 1501.922 ; gain = 374.352 ; free physical = 670 ; free virtual = 32605
Finished Applying XDC Timing Constraints : Time (s): cpu = 00:00:24 ; elapsed = 00:00:29 . Memory (MB): peak = 1530.914 ; gain = 403.344 ; free physical = 208 ; free virtual = 32143
Finished Timing Optimization : Time (s): cpu = 00:00:24 ; elapsed = 00:00:29 . Memory (MB): peak = 1530.914 ; gain = 403.344 ; free physical = 207 ; free virtual = 32142
Finished Technology Mapping : Time (s): cpu = 00:00:24 ; elapsed = 00:00:29 . Memory (MB): peak = 1539.930 ; gain = 412.359 ; free physical = 207 ; free virtual = 32141
Finished IO Insertion : Time (s): cpu = 00:00:24 ; elapsed = 00:00:29 . Memory (MB): peak = 1539.930 ; gain = 412.359 ; free physical = 235 ; free virtual = 32166
Finished Renaming Generated Instances : Time (s): cpu = 00:00:24 ; elapsed = 00:00:29 . Memory (MB): peak = 1539.930 ; gain = 412.359 ; free physical = 235 ; free virtual = 32166
Finished Rebuilding User Hierarchy : Time (s): cpu = 00:00:24 ; elapsed = 00:00:29 . Memory (MB): peak = 1539.930 ; gain = 412.359 ; free physical = 234 ; free virtual = 32166
Finished Renaming Generated Ports : Time (s): cpu = 00:00:24 ; elapsed = 00:00:29 . Memory (MB): peak = 1539.930 ; gain = 412.359 ; free physical = 234 ; free virtual = 32166
Finished Handling Custom Attributes : Time (s): cpu = 00:00:24 ; elapsed = 00:00:29 . Memory (MB): peak = 1539.930 ; gain = 412.359 ; free physical = 235 ; free virtual = 32166
Finished Renaming Generated Nets : Time (s): cpu = 00:00:24 ; elapsed = 00:00:29 . Memory (MB): peak = 1539.930 ; gain = 412.359 ; free physical = 234 ; free virtual = 32166

Report Cell Usage: 
+------+-----+------+
|      |Cell |Count |
+------+-----+------+
|1     |LUT6 |     1|
+------+-----+------+
Finished Writing Synthesis Report : Time (s): cpu = 00:00:24 ; elapsed = 00:00:29 . Memory (MB): peak = 1539.930 ; gain = 412.359 ; free physical = 234 ; free virtual = 32166
synth_design: Time (s): cpu = 00:00:25 ; elapsed = 00:00:31 . Memory (MB): peak = 1546.930 ; gain = 431.941 ; free physical = 225 ; free virtual = 32062
